#
# There is insufficient memory for the Java Runtime Environment to continue.
# Native memory allocation (mmap) failed to map 130023424 bytes for G1 virtual space
# Possible reasons:
#   The system is out of physical RAM or swap space
#   The process is running with CompressedOops enabled, and the Java Heap may be blocking the growth of the native heap
# Possible solutions:
#   Reduce memory load on the system
#   Increase physical memory or swap space
#   Check if swap backing store is full
#   Decrease Java heap size (-Xmx/-Xms)
#   Decrease number of Java threads
#   Decrease Java thread stack sizes (-Xss)
#   Set larger code cache with -XX:ReservedCodeCacheSize=
#   JVM is running with Zero Based Compressed Oops mode in which the Java heap is
#     placed in the first 32GB address space. The Java Heap base address is the
#     maximum limit for the native heap growth. Please use -XX:HeapBaseMinAddress
#     to set the Java Heap base and to place the Java Heap above 32GB virtual address.
# This output file may be truncated or incomplete.
#
#  Out of Memory Error (./open/src/hotspot/os/windows/os_windows.cpp:3472), pid=9420, tid=8564
#
# JRE version: Java(TM) SE Runtime Environment (15.0.1+9) (build 15.0.1+9-18)
# Java VM: Java HotSpot(TM) 64-Bit Server VM (15.0.1+9-18, mixed mode, sharing, tiered, compressed oops, g1 gc, windows-amd64)
# No core dump will be written. Minidumps are not enabled by default on client versions of Windows
#

---------------  S U M M A R Y ------------

Command Line: org.jetbrains.kotlin.cli.js.dce.K2JSDce @E:\java.kotlin\diploma\build\20210604_74093236908416454.compiler.options

Host: Intel(R) Core(TM) i7-8750H CPU @ 2.20GHz, 12 cores, 15G,  Windows 10 , 64 bit Build 17763 (10.0.17763.1879)
Time: Fri Jun  4 11:18:13 2021 West Asia Standard Time elapsed time: 1.767423 seconds (0d 0h 0m 1s)

---------------  T H R E A D  ---------------

Current thread (0x000001e3d6438970):  VMThread "VM Thread" [stack: 0x0000002d23300000,0x0000002d23400000] [id=8564]

Stack: [0x0000002d23300000,0x0000002d23400000]
[error occurred during error reporting (printing stack bounds), id 0xc0000005, EXCEPTION_ACCESS_VIOLATION (0xc0000005) at pc=0x000001e3babf10ad]

Native frames: (J=compiled Java code, j=interpreted, Vv=VM code, C=native code)
V  [jvm.dll+0x62ae9a]
V  [jvm.dll+0x781389]
V  [jvm.dll+0x782ae3]
V  [jvm.dll+0x7830a5]
V  [jvm.dll+0x78305b]
V  [jvm.dll+0x62a2b9]
V  [jvm.dll+0x62aa88]
C  [ntdll.dll+0xa4a2f]
C  [ntdll.dll+0x4cef]
C  [ntdll.dll+0xa379e]
C  0x000001e3babf10ad

VM_Operation (0x0000002d22dfd7b0): G1CollectForAllocation, mode: safepoint, requested by thread 0x000001e3b29c81a0


---------------  P R O C E S S  ---------------

Threads class SMR info:
_java_thread_list=0x000001e3d76833d0, length=13, elements={
0x000001e3b29c81a0, 0x000001e3d643a1f0, 0x000001e3d643adc0, 0x000001e3d6455e40,
0x000001e3d6458710, 0x000001e3d64591c0, 0x000001e3d645a050, 0x000001e3d6463c10,
0x000001e3d64783c0, 0x000001e3d6e0a790, 0x000001e3d6e503c0, 0x000001e3d6e58750,
0x000001e3d7683850
}

Java Threads: ( => current thread )
  0x000001e3b29c81a0 JavaThread "main" [_thread_blocked, id=4780, stack(0x0000002d22d00000,0x0000002d22e00000)]
  0x000001e3d643a1f0 JavaThread "Reference Handler" daemon [_thread_blocked, id=19420, stack(0x0000002d23400000,0x0000002d23500000)]
  0x000001e3d643adc0 JavaThread "Finalizer" daemon [_thread_blocked, id=15124, stack(0x0000002d23500000,0x0000002d23600000)]
  0x000001e3d6455e40 JavaThread "Signal Dispatcher" daemon [_thread_blocked, id=11404, stack(0x0000002d23600000,0x0000002d23700000)]
  0x000001e3d6458710 JavaThread "Attach Listener" daemon [_thread_blocked, id=12112, stack(0x0000002d23700000,0x0000002d23800000)]
  0x000001e3d64591c0 JavaThread "Service Thread" daemon [_thread_blocked, id=16800, stack(0x0000002d23800000,0x0000002d23900000)]
  0x000001e3d645a050 JavaThread "C2 CompilerThread0" daemon [_thread_in_native, id=15780, stack(0x0000002d23900000,0x0000002d23a00000)]
  0x000001e3d6463c10 JavaThread "C1 CompilerThread0" daemon [_thread_blocked, id=14432, stack(0x0000002d23a00000,0x0000002d23b00000)]
  0x000001e3d64783c0 JavaThread "Sweeper thread" daemon [_thread_blocked, id=17000, stack(0x0000002d23b00000,0x0000002d23c00000)]
  0x000001e3d6e0a790 JavaThread "Notification Thread" daemon [_thread_blocked, id=15760, stack(0x0000002d23c00000,0x0000002d23d00000)]
  0x000001e3d6e503c0 JavaThread "Common-Cleaner" daemon [_thread_blocked, id=17068, stack(0x0000002d23e00000,0x0000002d23f00000)]
  0x000001e3d6e58750 JavaThread "C2 CompilerThread1" daemon [_thread_blocked, id=12304, stack(0x0000002d23f00000,0x0000002d24000000)]
  0x000001e3d7683850 JavaThread "C2 CompilerThread2" daemon [_thread_in_native, id=6360, stack(0x0000002d24500000,0x0000002d24600000)]

Other Threads:
=>0x000001e3d6438970 VMThread "VM Thread" [stack: 0x0000002d23300000,0x0000002d23400000] [id=8564]
  0x000001e3d6e2f8b0 WatcherThread [stack: 0x0000002d23d00000,0x0000002d23e00000] [id=5240]
  0x000001e3b2a184d0 GCTaskThread "GC Thread#0" [stack: 0x0000002d22e00000,0x0000002d22f00000] [id=15456]
  0x000001e3d6f70020 GCTaskThread "GC Thread#1" [stack: 0x0000002d24000000,0x0000002d24100000] [id=7836]
  0x000001e3d6f6f360 GCTaskThread "GC Thread#2" [stack: 0x0000002d24100000,0x0000002d24200000] [id=5204]
  0x000001e3d6f6d9e0 GCTaskThread "GC Thread#3" [stack: 0x0000002d24200000,0x0000002d24300000] [id=12756]
  0x000001e3d6f6e370 GCTaskThread "GC Thread#4" [stack: 0x0000002d24300000,0x0000002d24400000] [id=14308]
  0x000001e3d6f6f690 GCTaskThread "GC Thread#5" [stack: 0x0000002d24400000,0x0000002d24500000] [id=16416]
  0x000001e3b2a2a0f0 ConcurrentGCThread "G1 Main Marker" [stack: 0x0000002d22f00000,0x0000002d23000000] [id=3352]
  0x000001e3b2a2ad60 ConcurrentGCThread "G1 Conc#0" [stack: 0x0000002d23000000,0x0000002d23100000] [id=4220]
  0x000001e3b2a8e2d0 ConcurrentGCThread "G1 Refine#0" [stack: 0x0000002d23100000,0x0000002d23200000] [id=2996]
  0x000001e3d828f8e0 ConcurrentGCThread "G1 Refine#1" [stack: 0x0000002d24600000,0x0000002d24700000] [id=8996]
  0x000001e3d8a90820 ConcurrentGCThread "G1 Refine#2" [stack: 0x0000002d24700000,0x0000002d24800000] [id=9412]
  0x000001e3d8b299e0 ConcurrentGCThread "G1 Refine#3" [stack: 0x0000002d24800000,0x0000002d24900000] [id=13232]
  0x000001e3d82e34e0 ConcurrentGCThread "G1 Refine#4" [stack: 0x0000002d24900000,0x0000002d24a00000] [id=15808]
  0x000001e3d82e3f00 ConcurrentGCThread "G1 Refine#5" [stack: 0x0000002d24a00000,0x0000002d24b00000] [id=8732]
  0x000001e3d82e3840 ConcurrentGCThread "G1 Refine#6" [stack: 0x0000002d24b00000,0x0000002d24c00000] [id=6516]
  0x000001e3d6332170 ConcurrentGCThread "G1 Young RemSet Sampling" [stack: 0x0000002d23200000,0x0000002d23300000] [id=11956]

Threads with active compile tasks:
C2 CompilerThread0     1780 1556   !   4       org.jetbrains.kotlin.com.google.gwt.dev.js.rhino.TokenStream::getTokenHelper (2586 bytes)
C2 CompilerThread1     1780 1513       4       org.jetbrains.kotlin.js.parser.sourcemaps.SourceMapLocationRemapper$JsNodeFlatListCollector::handleNode (359 bytes)
C2 CompilerThread2     1780 1331       4       org.jetbrains.kotlin.com.google.gwt.dev.js.rhino.Parser::primaryExpr (648 bytes)

VM state: at safepoint (normal execution)

VM Mutex/Monitor currently owned by a thread:  ([mutex/lock_event])
[0x000001e3b29c4c10] Threads_lock - owner thread: 0x000001e3d6438970
[0x000001e3b29c40d0] Heap_lock - owner thread: 0x000001e3b29c81a0

Heap address: 0x0000000702600000, size: 4058 MB, Compressed Oops mode: Zero based, Oop shift amount: 3
CDS archive(s) mapped at: [0x0000000800000000-0x0000000800b50000-0x0000000800b50000), size 11862016, SharedBaseAddress: 0x0000000800000000, ArchiveRelocationMode: 0.
Compressed class space mapped at: 0x0000000800b50000-0x0000000840b50000, size: 1073741824
Narrow klass base: 0x0000000800000000, Narrow klass shift: 3, Narrow klass range: 0x100000000

GC Precious Log:
 CPUs: 12 total, 12 available
 Memory: 16224M
 Large Page Support: Disabled
 NUMA Support: Disabled
 Compressed Oops: Enabled (Zero based)
 Heap Region Size: 2M
 Heap Min Capacity: 8M
 Heap Initial Capacity: 254M
 Heap Max Capacity: 4058M
 Pre-touch: Disabled
 Parallel Workers: 10
 Concurrent Workers: 3
 Concurrent Refinement Workers: 10
 Periodic GC: Disabled

Heap:
 garbage-first heap   total 387072K, used 93309K [0x0000000702600000, 0x0000000800000000)
  region size 2048K, 5 young (10240K), 5 survivors (10240K)
 Metaspace       used 9583K, capacity 12600K, committed 12800K, reserved 1060864K
  class space    used 968K, capacity 1260K, committed 1280K, reserved 1048576K

Heap Regions: E=young(eden), S=young(survivor), O=old, HS=humongous(starts), HC=humongous(continues), CS=collection set, F=free, OA=open archive, CA=closed archive, TAMS=top-at-mark-start (previous, next)
|   0|0x0000000702600000, 0x0000000702800000, 0x0000000702800000|100%|HS|  |TAMS 0x0000000702600000, 0x0000000702600000| Complete 
|   1|0x0000000702800000, 0x0000000702a00000, 0x0000000702a00000|100%|HC|  |TAMS 0x0000000702800000, 0x0000000702800000| Complete 
|   2|0x0000000702a00000, 0x0000000702c00000, 0x0000000702c00000|100%| O|  |TAMS 0x0000000702a00000, 0x0000000702a00000| Untracked 
|   3|0x0000000702c00000, 0x0000000702e00000, 0x0000000702e00000|100%| O|  |TAMS 0x0000000702c00000, 0x0000000702c00000| Untracked 
|   4|0x0000000702e00000, 0x0000000703000000, 0x0000000703000000|100%| O|  |TAMS 0x0000000702e00000, 0x0000000702e00000| Untracked 
|   5|0x0000000703000000, 0x0000000703200000, 0x0000000703200000|100%| O|  |TAMS 0x0000000703000000, 0x0000000703000000| Untracked 
|   6|0x0000000703200000, 0x0000000703400000, 0x0000000703400000|100%| O|  |TAMS 0x0000000703200000, 0x0000000703200000| Untracked 
|   7|0x0000000703400000, 0x0000000703600000, 0x0000000703600000|100%| O|  |TAMS 0x0000000703400000, 0x0000000703400000| Untracked 
|   8|0x0000000703600000, 0x0000000703800000, 0x0000000703800000|100%| O|  |TAMS 0x0000000703600000, 0x0000000703600000| Untracked 
|   9|0x0000000703800000, 0x0000000703a00000, 0x0000000703a00000|100%| O|  |TAMS 0x0000000703800000, 0x0000000703800000| Untracked 
|  10|0x0000000703a00000, 0x0000000703c00000, 0x0000000703c00000|100%| O|  |TAMS 0x0000000703a00000, 0x0000000703a00000| Untracked 
|  11|0x0000000703c00000, 0x0000000703e00000, 0x0000000703e00000|100%| O|  |TAMS 0x0000000703c00000, 0x0000000703c00000| Untracked 
|  12|0x0000000703e00000, 0x0000000704000000, 0x0000000704000000|100%| O|  |TAMS 0x0000000703e00000, 0x0000000703e00000| Untracked 
|  13|0x0000000704000000, 0x0000000704200000, 0x0000000704200000|100%| O|  |TAMS 0x0000000704000000, 0x0000000704000000| Untracked 
|  14|0x0000000704200000, 0x0000000704400000, 0x0000000704400000|100%| O|  |TAMS 0x0000000704200000, 0x0000000704200000| Untracked 
|  15|0x0000000704400000, 0x0000000704600000, 0x0000000704600000|100%| O|  |TAMS 0x0000000704400000, 0x0000000704400000| Untracked 
|  16|0x0000000704600000, 0x0000000704800000, 0x0000000704800000|100%| O|  |TAMS 0x0000000704600000, 0x0000000704600000| Untracked 
|  17|0x0000000704800000, 0x0000000704a00000, 0x0000000704a00000|100%| O|  |TAMS 0x0000000704800000, 0x0000000704800000| Untracked 
|  18|0x0000000704a00000, 0x0000000704c00000, 0x0000000704c00000|100%| O|  |TAMS 0x0000000704a00000, 0x0000000704a00000| Untracked 
|  19|0x0000000704c00000, 0x0000000704e00000, 0x0000000704e00000|100%|HS|  |TAMS 0x0000000704c00000, 0x0000000704c00000| Complete 
|  20|0x0000000704e00000, 0x0000000705000000, 0x0000000705000000|100%|HC|  |TAMS 0x0000000704e00000, 0x0000000704e00000| Complete 
|  21|0x0000000705000000, 0x0000000705200000, 0x0000000705200000|100%| O|  |TAMS 0x0000000705000000, 0x0000000705000000| Untracked 
|  22|0x0000000705200000, 0x0000000705400000, 0x0000000705400000|100%| O|  |TAMS 0x0000000705200000, 0x0000000705200000| Untracked 
|  23|0x0000000705400000, 0x0000000705600000, 0x0000000705600000|100%| O|  |TAMS 0x0000000705400000, 0x0000000705400000| Untracked 
|  24|0x0000000705600000, 0x0000000705800000, 0x0000000705800000|100%| O|  |TAMS 0x0000000705600000, 0x0000000705600000| Untracked 
|  25|0x0000000705800000, 0x0000000705a00000, 0x0000000705a00000|100%| O|  |TAMS 0x0000000705800000, 0x0000000705800000| Untracked 
|  26|0x0000000705a00000, 0x0000000705c00000, 0x0000000705c00000|100%| O|  |TAMS 0x0000000705a00000, 0x0000000705a00000| Untracked 
|  27|0x0000000705c00000, 0x0000000705e00000, 0x0000000705e00000|100%| O|  |TAMS 0x0000000705c00000, 0x0000000705c00000| Untracked 
|  28|0x0000000705e00000, 0x0000000706000000, 0x0000000706000000|100%| O|  |TAMS 0x0000000705e00000, 0x0000000705e00000| Untracked 
|  29|0x0000000706000000, 0x0000000706200000, 0x0000000706200000|100%| O|  |TAMS 0x0000000706000000, 0x0000000706000000| Untracked 
|  30|0x0000000706200000, 0x0000000706400000, 0x0000000706400000|100%| O|  |TAMS 0x0000000706200000, 0x0000000706200000| Untracked 
|  31|0x0000000706400000, 0x0000000706600000, 0x0000000706600000|100%| O|  |TAMS 0x0000000706400000, 0x0000000706400000| Untracked 
|  32|0x0000000706600000, 0x0000000706800000, 0x0000000706800000|100%| O|  |TAMS 0x0000000706600000, 0x0000000706600000| Untracked 
|  33|0x0000000706800000, 0x0000000706a00000, 0x0000000706a00000|100%| O|  |TAMS 0x0000000706800000, 0x0000000706800000| Untracked 
|  34|0x0000000706a00000, 0x0000000706c00000, 0x0000000706c00000|100%| O|  |TAMS 0x0000000706a00000, 0x0000000706a00000| Untracked 
|  35|0x0000000706c00000, 0x0000000706e00000, 0x0000000706e00000|100%| O|  |TAMS 0x0000000706c00000, 0x0000000706c00000| Untracked 
|  36|0x0000000706e00000, 0x0000000707000000, 0x0000000707000000|100%| O|  |TAMS 0x0000000706e00000, 0x0000000706e00000| Untracked 
|  37|0x0000000707000000, 0x0000000707200000, 0x0000000707200000|100%| O|  |TAMS 0x0000000707000000, 0x0000000707000000| Untracked 
|  38|0x0000000707200000, 0x0000000707400000, 0x0000000707400000|100%| O|  |TAMS 0x0000000707200000, 0x0000000707200000| Untracked 
|  39|0x0000000707400000, 0x0000000707600000, 0x0000000707600000|100%| O|  |TAMS 0x0000000707400000, 0x0000000707400000| Untracked 
|  40|0x0000000707600000, 0x000000070771f400, 0x0000000707800000| 56%| O|  |TAMS 0x0000000707600000, 0x0000000707600000| Untracked 
|  41|0x0000000707800000, 0x0000000707800000, 0x0000000707a00000|  0%| F|  |TAMS 0x0000000707800000, 0x0000000707800000| Untracked 
|  42|0x0000000707a00000, 0x0000000707a00000, 0x0000000707c00000|  0%| F|  |TAMS 0x0000000707a00000, 0x0000000707a00000| Untracked 
|  43|0x0000000707c00000, 0x0000000707c00000, 0x0000000707e00000|  0%| F|  |TAMS 0x0000000707c00000, 0x0000000707c00000| Untracked 
|  44|0x0000000707e00000, 0x0000000707e00000, 0x0000000708000000|  0%| F|  |TAMS 0x0000000707e00000, 0x0000000707e00000| Untracked 
|  45|0x0000000708000000, 0x0000000708000000, 0x0000000708200000|  0%| F|  |TAMS 0x0000000708000000, 0x0000000708000000| Untracked 
|  46|0x0000000708200000, 0x0000000708200000, 0x0000000708400000|  0%| F|  |TAMS 0x0000000708200000, 0x0000000708200000| Untracked 
|  47|0x0000000708400000, 0x0000000708400000, 0x0000000708600000|  0%| F|  |TAMS 0x0000000708400000, 0x0000000708400000| Untracked 
|  48|0x0000000708600000, 0x0000000708600000, 0x0000000708800000|  0%| F|  |TAMS 0x0000000708600000, 0x0000000708600000| Untracked 
|  49|0x0000000708800000, 0x0000000708800000, 0x0000000708a00000|  0%| F|  |TAMS 0x0000000708800000, 0x0000000708800000| Untracked 
|  50|0x0000000708a00000, 0x0000000708a00000, 0x0000000708c00000|  0%| F|  |TAMS 0x0000000708a00000, 0x0000000708a00000| Untracked 
|  51|0x0000000708c00000, 0x0000000708c00000, 0x0000000708e00000|  0%| F|  |TAMS 0x0000000708c00000, 0x0000000708c00000| Untracked 
|  52|0x0000000708e00000, 0x0000000708e00000, 0x0000000709000000|  0%| F|  |TAMS 0x0000000708e00000, 0x0000000708e00000| Untracked 
|  53|0x0000000709000000, 0x0000000709000000, 0x0000000709200000|  0%| F|  |TAMS 0x0000000709000000, 0x0000000709000000| Untracked 
|  54|0x0000000709200000, 0x0000000709200000, 0x0000000709400000|  0%| F|  |TAMS 0x0000000709200000, 0x0000000709200000| Untracked 
|  55|0x0000000709400000, 0x0000000709400000, 0x0000000709600000|  0%| F|  |TAMS 0x0000000709400000, 0x0000000709400000| Untracked 
|  56|0x0000000709600000, 0x0000000709600000, 0x0000000709800000|  0%| F|  |TAMS 0x0000000709600000, 0x0000000709600000| Untracked 
|  57|0x0000000709800000, 0x0000000709800000, 0x0000000709a00000|  0%| F|  |TAMS 0x0000000709800000, 0x0000000709800000| Untracked 
|  58|0x0000000709a00000, 0x0000000709a00000, 0x0000000709c00000|  0%| F|  |TAMS 0x0000000709a00000, 0x0000000709a00000| Untracked 
|  59|0x0000000709c00000, 0x0000000709c00000, 0x0000000709e00000|  0%| F|  |TAMS 0x0000000709c00000, 0x0000000709c00000| Untracked 
|  60|0x0000000709e00000, 0x0000000709e00000, 0x000000070a000000|  0%| F|  |TAMS 0x0000000709e00000, 0x0000000709e00000| Untracked 
|  61|0x000000070a000000, 0x000000070a000000, 0x000000070a200000|  0%| F|  |TAMS 0x000000070a000000, 0x000000070a000000| Untracked 
|  62|0x000000070a200000, 0x000000070a200000, 0x000000070a400000|  0%| F|  |TAMS 0x000000070a200000, 0x000000070a200000| Untracked 
|  63|0x000000070a400000, 0x000000070a400000, 0x000000070a600000|  0%| F|  |TAMS 0x000000070a400000, 0x000000070a400000| Untracked 
|  64|0x000000070a600000, 0x000000070a600000, 0x000000070a800000|  0%| F|  |TAMS 0x000000070a600000, 0x000000070a600000| Untracked 
|  65|0x000000070a800000, 0x000000070a800000, 0x000000070aa00000|  0%| F|  |TAMS 0x000000070a800000, 0x000000070a800000| Untracked 
|  66|0x000000070aa00000, 0x000000070aa00000, 0x000000070ac00000|  0%| F|  |TAMS 0x000000070aa00000, 0x000000070aa00000| Untracked 
|  67|0x000000070ac00000, 0x000000070ac00000, 0x000000070ae00000|  0%| F|  |TAMS 0x000000070ac00000, 0x000000070ac00000| Untracked 
|  68|0x000000070ae00000, 0x000000070ae00000, 0x000000070b000000|  0%| F|  |TAMS 0x000000070ae00000, 0x000000070ae00000| Untracked 
|  69|0x000000070b000000, 0x000000070b000000, 0x000000070b200000|  0%| F|  |TAMS 0x000000070b000000, 0x000000070b000000| Untracked 
|  70|0x000000070b200000, 0x000000070b200000, 0x000000070b400000|  0%| F|  |TAMS 0x000000070b200000, 0x000000070b200000| Untracked 
|  71|0x000000070b400000, 0x000000070b400000, 0x000000070b600000|  0%| F|  |TAMS 0x000000070b400000, 0x000000070b400000| Untracked 
|  72|0x000000070b600000, 0x000000070b600000, 0x000000070b800000|  0%| F|  |TAMS 0x000000070b600000, 0x000000070b600000| Untracked 
|  73|0x000000070b800000, 0x000000070b800000, 0x000000070ba00000|  0%| F|  |TAMS 0x000000070b800000, 0x000000070b800000| Untracked 
|  74|0x000000070ba00000, 0x000000070ba00000, 0x000000070bc00000|  0%| F|  |TAMS 0x000000070ba00000, 0x000000070ba00000| Untracked 
|  75|0x000000070bc00000, 0x000000070bc00000, 0x000000070be00000|  0%| F|  |TAMS 0x000000070bc00000, 0x000000070bc00000| Untracked 
|  76|0x000000070be00000, 0x000000070be00000, 0x000000070c000000|  0%| F|  |TAMS 0x000000070be00000, 0x000000070be00000| Untracked 
|  77|0x000000070c000000, 0x000000070c000000, 0x000000070c200000|  0%| F|  |TAMS 0x000000070c000000, 0x000000070c000000| Untracked 
|  78|0x000000070c200000, 0x000000070c200000, 0x000000070c400000|  0%| F|  |TAMS 0x000000070c200000, 0x000000070c200000| Untracked 
|  79|0x000000070c400000, 0x000000070c400000, 0x000000070c600000|  0%| F|  |TAMS 0x000000070c400000, 0x000000070c400000| Untracked 
|  80|0x000000070c600000, 0x000000070c600000, 0x000000070c800000|  0%| F|  |TAMS 0x000000070c600000, 0x000000070c600000| Untracked 
|  81|0x000000070c800000, 0x000000070c800000, 0x000000070ca00000|  0%| F|  |TAMS 0x000000070c800000, 0x000000070c800000| Untracked 
|  82|0x000000070ca00000, 0x000000070ca00000, 0x000000070cc00000|  0%| F|  |TAMS 0x000000070ca00000, 0x000000070ca00000| Untracked 
|  83|0x000000070cc00000, 0x000000070cc00000, 0x000000070ce00000|  0%| F|  |TAMS 0x000000070cc00000, 0x000000070cc00000| Untracked 
|  84|0x000000070ce00000, 0x000000070ce00000, 0x000000070d000000|  0%| F|  |TAMS 0x000000070ce00000, 0x000000070ce00000| Untracked 
|  85|0x000000070d000000, 0x000000070d000000, 0x000000070d200000|  0%| F|  |TAMS 0x000000070d000000, 0x000000070d000000| Untracked 
|  86|0x000000070d200000, 0x000000070d200000, 0x000000070d400000|  0%| F|  |TAMS 0x000000070d200000, 0x000000070d200000| Untracked 
|  87|0x000000070d400000, 0x000000070d400000, 0x000000070d600000|  0%| F|  |TAMS 0x000000070d400000, 0x000000070d400000| Untracked 
|  88|0x000000070d600000, 0x000000070d800000, 0x000000070d800000|100%| S|CS|TAMS 0x000000070d600000, 0x000000070d600000| Complete 
|  89|0x000000070d800000, 0x000000070da00000, 0x000000070da00000|100%| S|CS|TAMS 0x000000070d800000, 0x000000070d800000| Complete 
|  90|0x000000070da00000, 0x000000070dc00000, 0x000000070dc00000|100%| S|CS|TAMS 0x000000070da00000, 0x000000070da00000| Complete 
|  91|0x000000070dc00000, 0x000000070de00000, 0x000000070de00000|100%| S|CS|TAMS 0x000000070dc00000, 0x000000070dc00000| Complete 
|  92|0x000000070de00000, 0x000000070e000000, 0x000000070e000000|100%| S|CS|TAMS 0x000000070de00000, 0x000000070de00000| Complete 
|  93|0x000000070e000000, 0x000000070e000000, 0x000000070e200000|  0%| F|  |TAMS 0x000000070e000000, 0x000000070e000000| Untracked 
|  94|0x000000070e200000, 0x000000070e200000, 0x000000070e400000|  0%| F|  |TAMS 0x000000070e200000, 0x000000070e200000| Untracked 
|  95|0x000000070e400000, 0x000000070e400000, 0x000000070e600000|  0%| F|  |TAMS 0x000000070e400000, 0x000000070e400000| Untracked 
|  96|0x000000070e600000, 0x000000070e600000, 0x000000070e800000|  0%| F|  |TAMS 0x000000070e600000, 0x000000070e600000| Untracked 
|  97|0x000000070e800000, 0x000000070e800000, 0x000000070ea00000|  0%| F|  |TAMS 0x000000070e800000, 0x000000070e800000| Untracked 
|  98|0x000000070ea00000, 0x000000070ea00000, 0x000000070ec00000|  0%| F|  |TAMS 0x000000070ea00000, 0x000000070ea00000| Untracked 
|  99|0x000000070ec00000, 0x000000070ec00000, 0x000000070ee00000|  0%| F|  |TAMS 0x000000070ec00000, 0x000000070ec00000| Untracked 
| 100|0x000000070ee00000, 0x000000070ee00000, 0x000000070f000000|  0%| F|  |TAMS 0x000000070ee00000, 0x000000070ee00000| Untracked 
| 101|0x000000070f000000, 0x000000070f000000, 0x000000070f200000|  0%| F|  |TAMS 0x000000070f000000, 0x000000070f000000| Untracked 
| 102|0x000000070f200000, 0x000000070f200000, 0x000000070f400000|  0%| F|  |TAMS 0x000000070f200000, 0x000000070f200000| Untracked 
| 103|0x000000070f400000, 0x000000070f400000, 0x000000070f600000|  0%| F|  |TAMS 0x000000070f400000, 0x000000070f400000| Untracked 
| 104|0x000000070f600000, 0x000000070f600000, 0x000000070f800000|  0%| F|  |TAMS 0x000000070f600000, 0x000000070f600000| Untracked 
| 105|0x000000070f800000, 0x000000070f800000, 0x000000070fa00000|  0%| F|  |TAMS 0x000000070f800000, 0x000000070f800000| Untracked 
| 106|0x000000070fa00000, 0x000000070fa00000, 0x000000070fc00000|  0%| F|  |TAMS 0x000000070fa00000, 0x000000070fa00000| Untracked 
| 107|0x000000070fc00000, 0x000000070fc00000, 0x000000070fe00000|  0%| F|  |TAMS 0x000000070fc00000, 0x000000070fc00000| Untracked 
| 108|0x000000070fe00000, 0x000000070fe00000, 0x0000000710000000|  0%| F|  |TAMS 0x000000070fe00000, 0x000000070fe00000| Untracked 
| 109|0x0000000710000000, 0x0000000710000000, 0x0000000710200000|  0%| F|  |TAMS 0x0000000710000000, 0x0000000710000000| Untracked 
| 110|0x0000000710200000, 0x0000000710200000, 0x0000000710400000|  0%| F|  |TAMS 0x0000000710200000, 0x0000000710200000| Untracked 
| 111|0x0000000710400000, 0x0000000710400000, 0x0000000710600000|  0%| F|  |TAMS 0x0000000710400000, 0x0000000710400000| Untracked 
| 112|0x0000000710600000, 0x0000000710600000, 0x0000000710800000|  0%| F|  |TAMS 0x0000000710600000, 0x0000000710600000| Untracked 
| 113|0x0000000710800000, 0x0000000710800000, 0x0000000710a00000|  0%| F|  |TAMS 0x0000000710800000, 0x0000000710800000| Untracked 
| 114|0x0000000710a00000, 0x0000000710a00000, 0x0000000710c00000|  0%| F|  |TAMS 0x0000000710a00000, 0x0000000710a00000| Untracked 
| 115|0x0000000710c00000, 0x0000000710c00000, 0x0000000710e00000|  0%| F|  |TAMS 0x0000000710c00000, 0x0000000710c00000| Untracked 
| 116|0x0000000710e00000, 0x0000000710e00000, 0x0000000711000000|  0%| F|  |TAMS 0x0000000710e00000, 0x0000000710e00000| Untracked 
| 117|0x0000000711000000, 0x0000000711000000, 0x0000000711200000|  0%| F|  |TAMS 0x0000000711000000, 0x0000000711000000| Untracked 
| 118|0x0000000711200000, 0x0000000711200000, 0x0000000711400000|  0%| F|  |TAMS 0x0000000711200000, 0x0000000711200000| Untracked 
| 119|0x0000000711400000, 0x0000000711400000, 0x0000000711600000|  0%| F|  |TAMS 0x0000000711400000, 0x0000000711400000| Untracked 
| 120|0x0000000711600000, 0x0000000711600000, 0x0000000711800000|  0%| F|  |TAMS 0x0000000711600000, 0x0000000711600000| Untracked 
| 121|0x0000000711800000, 0x0000000711800000, 0x0000000711a00000|  0%| F|  |TAMS 0x0000000711800000, 0x0000000711800000| Untracked 
| 122|0x0000000711a00000, 0x0000000711a00000, 0x0000000711c00000|  0%| F|  |TAMS 0x0000000711a00000, 0x0000000711a00000| Untracked 
| 123|0x0000000711c00000, 0x0000000711c00000, 0x0000000711e00000|  0%| F|  |TAMS 0x0000000711c00000, 0x0000000711c00000| Untracked 
| 124|0x0000000711e00000, 0x0000000711e00000, 0x0000000712000000|  0%| F|  |TAMS 0x0000000711e00000, 0x0000000711e00000| Untracked 
| 125|0x0000000712000000, 0x0000000712000000, 0x0000000712200000|  0%| F|  |TAMS 0x0000000712000000, 0x0000000712000000| Untracked 
| 126|0x0000000712200000, 0x0000000712200000, 0x0000000712400000|  0%| F|  |TAMS 0x0000000712200000, 0x0000000712200000| Untracked 

Card table byte_map: [0x000001e3ca930000,0x000001e3cb120000] _byte_map_base: 0x000001e3c711d000

Marking Bits (Prev, Next): (CMBitMap*) 0x000001e3b2a18d40, (CMBitMap*) 0x000001e3b2a18d80
 Prev Bits: [0x000001e3cb910000, 0x000001e3cf878000)
 Next Bits: [0x000001e3cf880000, 0x000001e3d37e8000)

Polling page: 0x000001e3b2190000

Metaspace:

Usage:
  Non-class:     11.07 MB capacity,     8.41 MB ( 76%) used,     2.65 MB ( 24%) free+waste,     7.69 KB ( <1%) overhead. 
      Class:      1.23 MB capacity,   968.75 KB ( 77%) used,   289.00 KB ( 23%) free+waste,     2.25 KB ( <1%) overhead. 
       Both:     12.30 MB capacity,     9.36 MB ( 76%) used,     2.94 MB ( 24%) free+waste,     9.94 KB ( <1%) overhead. 

Virtual space:
  Non-class space:       12.00 MB reserved,      11.25 MB ( 94%) committed 
      Class space:        1.00 GB reserved,       1.25 MB ( <1%) committed 
             Both:        1.01 GB reserved,      12.50 MB (  1%) committed 

Chunk freelists:
   Non-Class:  52.00 KB
       Class:  20.00 KB
        Both:  72.00 KB

MaxMetaspaceSize: 17179869184.00 GB
CompressedClassSpaceSize: 1.00 GB

CodeHeap 'non-profiled nmethods': size=120000Kb used=592Kb max_used=592Kb free=119407Kb
 bounds [0x000001e3c26c0000, 0x000001e3c2930000, 0x000001e3c9bf0000]
CodeHeap 'profiled nmethods': size=120000Kb used=3130Kb max_used=3130Kb free=116869Kb
 bounds [0x000001e3bb190000, 0x000001e3bb4a0000, 0x000001e3c26c0000]
CodeHeap 'non-nmethods': size=5760Kb used=1181Kb max_used=1271Kb free=4578Kb
 bounds [0x000001e3babf0000, 0x000001e3bae60000, 0x000001e3bb190000]
 total_blobs=1958 nmethods=1518 adapters=353
 compilation: enabled
              stopped_count=0, restarted_count=0
 full_count=0

Compilation events (20 events):
Event: 1.704 Thread 0x000001e3d6463c10 1606       2       org.jetbrains.kotlin.js.backend.ast.JsFor::<init> (9 bytes)
Event: 1.704 Thread 0x000001e3d6463c10 nmethod 1606 0x000001e3bb498e10 code [0x000001e3bb498fc0, 0x000001e3bb499338]
Event: 1.704 Thread 0x000001e3d6463c10 1607       2       org.jetbrains.kotlin.js.backend.ast.JsFor::<init> (31 bytes)
Event: 1.704 Thread 0x000001e3d6463c10 nmethod 1607 0x000001e3bb499490 code [0x000001e3bb499640, 0x000001e3bb4999f8]
Event: 1.705 Thread 0x000001e3d6463c10 1608       2       org.jetbrains.kotlin.com.google.gwt.dev.js.JsAstMapper::mapPostfixOperation (23 bytes)
Event: 1.706 Thread 0x000001e3d6463c10 nmethod 1608 0x000001e3bb499b10 code [0x000001e3bb499d20, 0x000001e3bb49a298]
Event: 1.706 Thread 0x000001e3d6463c10 1609       2       org.jetbrains.kotlin.js.backend.ast.JsPostfixOperation::<init> (7 bytes)
Event: 1.706 Thread 0x000001e3d6463c10 nmethod 1609 0x000001e3bb49a610 code [0x000001e3bb49a7c0, 0x000001e3bb49aa58]
Event: 1.711 Thread 0x000001e3d6463c10 1610       3       org.jetbrains.kotlin.com.google.gwt.dev.js.JsAstMapper::mapStatements (39 bytes)
Event: 1.712 Thread 0x000001e3d6463c10 nmethod 1610 0x000001e3bb49ab90 code [0x000001e3bb49ad60, 0x000001e3bb49b1b8]
Event: 1.714 Thread 0x000001e3d6463c10 1611       2       org.jetbrains.kotlin.com.google.gwt.dev.js.JsAstMapper::mapDoOrWhileStatement (78 bytes)
Event: 1.715 Thread 0x000001e3d6463c10 nmethod 1611 0x000001e3bb49b390 code [0x000001e3bb49b5e0, 0x000001e3bb49be98]
Event: 1.715 Thread 0x000001e3d6463c10 1612       2       org.jetbrains.kotlin.js.backend.ast.JsWhile::<init> (15 bytes)
Event: 1.715 Thread 0x000001e3d6463c10 nmethod 1612 0x000001e3bb49c310 code [0x000001e3bb49c4c0, 0x000001e3bb49c758]
Event: 1.715 Thread 0x000001e3d6463c10 1613       2       org.jetbrains.kotlin.com.google.gwt.dev.js.JsAstMapper::getTargetLabel (157 bytes)
Event: 1.717 Thread 0x000001e3d6463c10 nmethod 1613 0x000001e3bb49c890 code [0x000001e3bb49cbc0, 0x000001e3bb49d858]
Event: 1.717 Thread 0x000001e3d6463c10 1615       2       org.jetbrains.kotlin.js.backend.ast.JsBreak::<init> (6 bytes)
Event: 1.717 Thread 0x000001e3d6463c10 nmethod 1615 0x000001e3bb49e110 code [0x000001e3bb49e2a0, 0x000001e3bb49e4d8]
Event: 1.720 Thread 0x000001e3d6463c10 1616  s    2       java.util.Vector::isEmpty (13 bytes)
Event: 1.720 Thread 0x000001e3d6463c10 nmethod 1616 0x000001e3bb49e610 code [0x000001e3bb49e7a0, 0x000001e3bb49e958]

GC Heap History (9 events):
Event: 0.513 GC heap before
{Heap before GC invocations=0 (full 0):
 garbage-first heap   total 260096K, used 24576K [0x0000000702600000, 0x0000000800000000)
  region size 2048K, 11 young (22528K), 0 survivors (0K)
 Metaspace       used 6262K, capacity 9650K, committed 9984K, reserved 1058816K
  class space    used 618K, capacity 938K, committed 1024K, reserved 1048576K
}
Event: 0.521 GC heap after
{Heap after GC invocations=1 (full 0):
 garbage-first heap   total 260096K, used 6448K [0x0000000702600000, 0x0000000800000000)
  region size 2048K, 2 young (4096K), 2 survivors (4096K)
 Metaspace       used 6262K, capacity 9650K, committed 9984K, reserved 1058816K
  class space    used 618K, capacity 938K, committed 1024K, reserved 1048576K
}
Event: 1.047 GC heap before
{Heap before GC invocations=1 (full 0):
 garbage-first heap   total 260096K, used 37168K [0x0000000702600000, 0x0000000800000000)
  region size 2048K, 17 young (34816K), 2 survivors (4096K)
 Metaspace       used 9409K, capacity 12472K, committed 12544K, reserved 1060864K
  class space    used 962K, capacity 1260K, committed 1280K, reserved 1048576K
}
Event: 1.055 GC heap after
{Heap after GC invocations=2 (full 0):
 garbage-first heap   total 260096K, used 13661K [0x0000000702600000, 0x0000000800000000)
  region size 2048K, 3 young (6144K), 3 survivors (6144K)
 Metaspace       used 9409K, capacity 12472K, committed 12544K, reserved 1060864K
  class space    used 962K, capacity 1260K, committed 1280K, reserved 1048576K
}
Event: 1.229 GC heap before
{Heap before GC invocations=2 (full 0):
 garbage-first heap   total 260096K, used 64861K [0x0000000702600000, 0x0000000800000000)
  region size 2048K, 24 young (49152K), 3 survivors (6144K)
 Metaspace       used 9503K, capacity 12536K, committed 12800K, reserved 1060864K
  class space    used 967K, capacity 1260K, committed 1280K, reserved 1048576K
}
Event: 1.244 GC heap after
{Heap after GC invocations=3 (full 0):
 garbage-first heap   total 260096K, used 28672K [0x0000000702600000, 0x0000000800000000)
  region size 2048K, 3 young (6144K), 3 survivors (6144K)
 Metaspace       used 9503K, capacity 12536K, committed 12800K, reserved 1060864K
  class space    used 967K, capacity 1260K, committed 1280K, reserved 1048576K
}
Event: 1.528 GC heap before
{Heap before GC invocations=3 (full 0):
 garbage-first heap   total 260096K, used 122880K [0x0000000702600000, 0x0000000800000000)
  region size 2048K, 41 young (83968K), 3 survivors (6144K)
 Metaspace       used 9569K, capacity 12600K, committed 12800K, reserved 1060864K
  class space    used 968K, capacity 1260K, committed 1280K, reserved 1048576K
}
Event: 1.556 GC heap after
{Heap after GC invocations=4 (full 0):
 garbage-first heap   total 260096K, used 57638K [0x0000000702600000, 0x0000000800000000)
  region size 2048K, 6 young (12288K), 6 survivors (12288K)
 Metaspace       used 9569K, capacity 12600K, committed 12800K, reserved 1060864K
  class space    used 968K, capacity 1260K, committed 1280K, reserved 1048576K
}
Event: 1.729 GC heap before
{Heap before GC invocations=4 (full 0):
 garbage-first heap   total 260096K, used 127270K [0x0000000702600000, 0x0000000800000000)
  region size 2048K, 40 young (81920K), 6 survivors (12288K)
 Metaspace       used 9583K, capacity 12600K, committed 12800K, reserved 1060864K
  class space    used 968K, capacity 1260K, committed 1280K, reserved 1048576K
}

Deoptimization events (20 events):
Event: 1.417 Thread 0x000001e3b29c81a0 DEOPT PACKING pc=0x000001e3bb3ba5f7 sp=0x0000002d22dfea60
Event: 1.417 Thread 0x000001e3b29c81a0 DEOPT UNPACKING pc=0x000001e3bac3e23f sp=0x0000002d22dfdfc8 mode 0
Event: 1.418 Thread 0x000001e3b29c81a0 DEOPT PACKING pc=0x000001e3bb3ba5f7 sp=0x0000002d22dfea60
Event: 1.418 Thread 0x000001e3b29c81a0 DEOPT UNPACKING pc=0x000001e3bac3e23f sp=0x0000002d22dfdfc8 mode 0
Event: 1.418 Thread 0x000001e3b29c81a0 DEOPT PACKING pc=0x000001e3bb3ba5f7 sp=0x0000002d22dfea60
Event: 1.418 Thread 0x000001e3b29c81a0 DEOPT UNPACKING pc=0x000001e3bac3e23f sp=0x0000002d22dfdfc8 mode 0
Event: 1.418 Thread 0x000001e3b29c81a0 DEOPT PACKING pc=0x000001e3bb3ba5f7 sp=0x0000002d22dfea60
Event: 1.418 Thread 0x000001e3b29c81a0 DEOPT UNPACKING pc=0x000001e3bac3e23f sp=0x0000002d22dfdfc8 mode 0
Event: 1.418 Thread 0x000001e3b29c81a0 DEOPT PACKING pc=0x000001e3bb3ba5f7 sp=0x0000002d22dfea60
Event: 1.418 Thread 0x000001e3b29c81a0 DEOPT UNPACKING pc=0x000001e3bac3e23f sp=0x0000002d22dfdfc8 mode 0
Event: 1.418 Thread 0x000001e3b29c81a0 DEOPT PACKING pc=0x000001e3bb3ba5f7 sp=0x0000002d22dfea60
Event: 1.418 Thread 0x000001e3b29c81a0 DEOPT UNPACKING pc=0x000001e3bac3e23f sp=0x0000002d22dfdfc8 mode 0
Event: 1.418 Thread 0x000001e3b29c81a0 DEOPT PACKING pc=0x000001e3bb3ba5f7 sp=0x0000002d22dfea60
Event: 1.418 Thread 0x000001e3b29c81a0 DEOPT UNPACKING pc=0x000001e3bac3e23f sp=0x0000002d22dfdfc8 mode 0
Event: 1.420 Thread 0x000001e3b29c81a0 Uncommon trap: trap_request=0xffffff45 fr.pc=0x000001e3c2738e18 relative=0x0000000000005678
Event: 1.420 Thread 0x000001e3b29c81a0 Uncommon trap: reason=unstable_if action=reinterpret pc=0x000001e3c2738e18 method=org.jetbrains.kotlin.com.google.gwt.dev.js.rhino.TokenStream.getTokenHelper()I @ 1683 c2
Event: 1.420 Thread 0x000001e3b29c81a0 DEOPT PACKING pc=0x000001e3c2738e18 sp=0x0000002d22df9440
Event: 1.420 Thread 0x000001e3b29c81a0 DEOPT UNPACKING pc=0x000001e3bac3e42f sp=0x0000002d22df93e8 mode 2
Event: 1.715 Thread 0x000001e3b29c81a0 DEOPT PACKING pc=0x000001e3bb49b11d sp=0x0000002d22dfd760
Event: 1.715 Thread 0x000001e3b29c81a0 DEOPT UNPACKING pc=0x000001e3bac3e23f sp=0x0000002d22dfcc00 mode 0

Classes unloaded (0 events):
No events

Classes redefined (0 events):
No events

Internal exceptions (3 events):
Event: 0.315 Thread 0x000001e3b29c81a0 Exception <a 'java/lang/NoSuchMethodError'{0x00000007119e85b0}: 'void java.lang.invoke.DirectMethodHandle$Holder.invokeSpecial(java.lang.Object, java.lang.Object, java.lang.Object)'> (0x00000007119e85b0) 
thrown [./open/src/hotspot/share/interpreter/linkResolver.cpp, line 782]
Event: 0.812 Thread 0x000001e3b29c81a0 Exception <a 'java/lang/NoSuchMethodError'{0x0000000711b629c0}: 'java.lang.Object java.lang.invoke.DirectMethodHandle$Holder.newInvokeSpecial(java.lang.Object, java.lang.Object, java.lang.Object, java.lang.Object, java.lang.Object)'> (0x0000000711b629c0) 
thrown [./open/src/hotspot/share/interpreter/linkResolver.cpp, line 782]
Event: 0.942 Thread 0x000001e3b29c81a0 Exception <a 'java/lang/NoSuchMethodError'{0x00000007113ddb90}: 'java.lang.Object java.lang.invoke.DirectMethodHandle$Holder.invokeStaticInit(java.lang.Object, int)'> (0x00000007113ddb90) 
thrown [./open/src/hotspot/share/interpreter/linkResolver.cpp, line 782]

Events (20 events):
Event: 0.933 Loaded shared library C:\Program Files\Java\jdk-15.0.1\bin\verify.dll
Event: 0.933 loading class java/lang/CloneNotSupportedException
Event: 0.933 loading class java/lang/CloneNotSupportedException done
Event: 0.934 loading class java/util/DualPivotQuicksort
Event: 0.934 loading class java/util/DualPivotQuicksort done
Event: 0.989 loading class java/util/AbstractList$Itr
Event: 0.989 loading class java/util/AbstractList$Itr done
Event: 1.017 Executing VM operation: ICBufferFull
Event: 1.018 Executing VM operation: ICBufferFull done
Event: 1.047 Executing VM operation: G1CollectForAllocation
Event: 1.055 Executing VM operation: G1CollectForAllocation done
Event: 1.161 Executing VM operation: HandshakeAllThreads
Event: 1.161 Executing VM operation: HandshakeAllThreads done
Event: 1.229 Executing VM operation: G1CollectForAllocation
Event: 1.244 Executing VM operation: G1CollectForAllocation done
Event: 1.427 loading class jdk/internal/math/FDBigInteger
Event: 1.427 loading class jdk/internal/math/FDBigInteger done
Event: 1.528 Executing VM operation: G1CollectForAllocation
Event: 1.556 Executing VM operation: G1CollectForAllocation done
Event: 1.729 Executing VM operation: G1CollectForAllocation


Dynamic libraries:
0x00007ff7bc080000 - 0x00007ff7bc08f000 	C:\Program Files\Java\jdk-15.0.1\bin\java.exe
0x00007ffec6130000 - 0x00007ffec631d000 	C:\Windows\SYSTEM32\ntdll.dll
0x00007ffec49c0000 - 0x00007ffec4a73000 	C:\Windows\System32\KERNEL32.DLL
0x00007ffec2560000 - 0x00007ffec27f5000 	C:\Windows\System32\KERNELBASE.dll
0x00007ffec28c0000 - 0x00007ffec29ba000 	C:\Windows\System32\ucrtbase.dll
0x00007ffeb0d70000 - 0x00007ffeb0d88000 	C:\Program Files\Java\jdk-15.0.1\bin\jli.dll
0x00007ffec3c30000 - 0x00007ffec3cd3000 	C:\Windows\System32\ADVAPI32.dll
0x00007ffec3730000 - 0x00007ffec37ce000 	C:\Windows\System32\msvcrt.dll
0x00007ffec37d0000 - 0x00007ffec386e000 	C:\Windows\System32\sechost.dll
0x00007ffec3d90000 - 0x00007ffec3eaf000 	C:\Windows\System32\RPCRT4.dll
0x00007ffeb5bb0000 - 0x00007ffeb5bc9000 	C:\Program Files\Java\jdk-15.0.1\bin\VCRUNTIME140.dll
0x00007ffec3510000 - 0x00007ffec36a7000 	C:\Windows\System32\USER32.dll
0x00007ffec2540000 - 0x00007ffec2560000 	C:\Windows\System32\win32u.dll
0x00007ffeaad10000 - 0x00007ffeaaf89000 	C:\Windows\WinSxS\amd64_microsoft.windows.common-controls_6595b64144ccf1df_6.0.17763.1935_none_de70702c534c0c76\COMCTL32.dll
0x00007ffec3cf0000 - 0x00007ffec3d19000 	C:\Windows\System32\GDI32.dll
0x00007ffec3170000 - 0x00007ffec330c000 	C:\Windows\System32\gdi32full.dll
0x00007ffec45c0000 - 0x00007ffec48ed000 	C:\Windows\System32\combase.dll
0x00007ffec2800000 - 0x00007ffec28a0000 	C:\Windows\System32\msvcp_win.dll
0x00007ffec2410000 - 0x00007ffec248f000 	C:\Windows\System32\bcryptPrimitives.dll
0x00007ffebcf20000 - 0x00007ffebcf2a000 	C:\Windows\SYSTEM32\VERSION.dll
0x00007ffec3ba0000 - 0x00007ffec3bce000 	C:\Windows\System32\IMM32.DLL
0x00007ffebfed0000 - 0x00007ffebfedc000 	C:\Program Files\Java\jdk-15.0.1\bin\vcruntime140_1.dll
0x00007ffe9f480000 - 0x00007ffe9f511000 	C:\Program Files\Java\jdk-15.0.1\bin\msvcp140.dll
0x00007ffe85e70000 - 0x00007ffe869ce000 	C:\Program Files\Java\jdk-15.0.1\bin\server\jvm.dll
0x00007ffec3ce0000 - 0x00007ffec3ce8000 	C:\Windows\System32\PSAPI.DLL
0x00007ffeac200000 - 0x00007ffeac209000 	C:\Windows\SYSTEM32\WSOCK32.dll
0x00007ffebfde0000 - 0x00007ffebfe04000 	C:\Windows\SYSTEM32\WINMM.dll
0x00007ffec3d20000 - 0x00007ffec3d8d000 	C:\Windows\System32\WS2_32.dll
0x00007ffebfcc0000 - 0x00007ffebfced000 	C:\Windows\SYSTEM32\WINMMBASE.dll
0x00007ffec3310000 - 0x00007ffec335a000 	C:\Windows\System32\cfgmgr32.dll
0x00007ffec21b0000 - 0x00007ffec21c1000 	C:\Windows\System32\kernel.appcore.dll
0x00007ffeba1c0000 - 0x00007ffeba1ca000 	C:\Program Files\Java\jdk-15.0.1\bin\jimage.dll
0x00007ffec09c0000 - 0x00007ffec0bad000 	C:\Windows\SYSTEM32\DBGHELP.DLL
0x00007ffeabf90000 - 0x00007ffeabfba000 	C:\Windows\SYSTEM32\dbgcore.DLL
0x00007ffeab760000 - 0x00007ffeab785000 	C:\Program Files\Java\jdk-15.0.1\bin\java.dll
0x00007ffec4a80000 - 0x00007ffec5f79000 	C:\Windows\System32\SHELL32.dll
0x00007ffec3a90000 - 0x00007ffec3b38000 	C:\Windows\System32\shcore.dll
0x00007ffec2a20000 - 0x00007ffec316b000 	C:\Windows\System32\windows.storage.dll
0x00007ffec2120000 - 0x00007ffec2144000 	C:\Windows\System32\profapi.dll
0x00007ffec2150000 - 0x00007ffec21ad000 	C:\Windows\System32\powrprof.dll
0x00007ffec4420000 - 0x00007ffec4472000 	C:\Windows\System32\shlwapi.dll
0x00007ffec28a0000 - 0x00007ffec28b7000 	C:\Windows\System32\cryptsp.dll
0x00007ffeaf560000 - 0x00007ffeaf579000 	C:\Program Files\Java\jdk-15.0.1\bin\net.dll
0x00007ffeb4d70000 - 0x00007ffeb4e6b000 	C:\Windows\SYSTEM32\WINHTTP.dll
0x00007ffec1960000 - 0x00007ffec19c7000 	C:\Windows\system32\mswsock.dll
0x00007ffea9840000 - 0x00007ffea9852000 	C:\Program Files\Java\jdk-15.0.1\bin\nio.dll
0x00007ffea9170000 - 0x00007ffea9188000 	C:\Program Files\Java\jdk-15.0.1\bin\zip.dll
0x00007ffeba050000 - 0x00007ffeba060000 	C:\Program Files\Java\jdk-15.0.1\bin\verify.dll

dbghelp: loaded successfully - version: 4.0.5 - missing functions: none
symbol engine: initialized successfully - sym options: 0x614 - pdb path: .;C:\Program Files\Java\jdk-15.0.1\bin;C:\Windows\SYSTEM32;C:\Windows\WinSxS\amd64_microsoft.windows.common-controls_6595b64144ccf1df_6.0.17763.1935_none_de70702c534c0c76;C:\Program Files\Java\jdk-15.0.1\bin\server

VM Arguments:
java_command: org.jetbrains.kotlin.cli.js.dce.K2JSDce @E:\java.kotlin\diploma\build\20210604_74093236908416454.compiler.options
java_class_path (initial): C:\Users\Roman\.gradle\caches\modules-2\files-2.1\org.jetbrains.kotlin\kotlin-compiler-embeddable\1.5.0\6e53e0ca3cf7eff1a4df71171c8f9604b983e1d6\kotlin-compiler-embeddable-1.5.0.jar;C:\Users\Roman\.gradle\caches\modules-2\files-2.1\org.jetbrains.kotlin\kotlin-reflect\1.5.0\47806fe8ed30dbdf9e697eda5e9c9a3905ff3363\kotlin-reflect-1.5.0.jar;C:\Users\Roman\.gradle\caches\modules-2\files-2.1\org.jetbrains.kotlin\kotlin-stdlib\1.5.0\29dae2501ca094416d15af0e21470cb634780444\kotlin-stdlib-1.5.0.jar;C:\Users\Roman\.gradle\caches\modules-2\files-2.1\org.jetbrains.kotlin\kotlin-script-runtime\1.5.0\a2d66828077376fc1851a6fdbf25865935f4101d\kotlin-script-runtime-1.5.0.jar;C:\Users\Roman\.gradle\caches\modules-2\files-2.1\org.jetbrains.kotlin\kotlin-daemon-embeddable\1.5.0\7f3567acfef59ff865a99a584d814bde87226dd5\kotlin-daemon-embeddable-1.5.0.jar;C:\Users\Roman\.gradle\caches\modules-2\files-2.1\org.jetbrains.intellij.deps\trove4j\1.0.20181211\216c2e14b070f334479d800987affe4054cd563f\trove4j-1.0.20181211.jar;C:\Users\Roman\.gradle\caches\modules-2\files-2.1\org.jetbrains\annotations\13.0\919f0dfe192fb4e063e7dacadee7f8bb9a2672a9\annotations-13.0.jar;C:\Users\Roman\.gradle\caches\modules-2\files-2.1\org.jetbrains.kotlin\kotlin-stdlib-common\1.5.0\4080d69efca5e39e9b4972f125e40f1607bd6460\kotlin-stdlib-common-1.5.0.jar
Launcher Type: SUN_STANDARD

[Global flags]
     intx CICompilerCount                          = 4                                         {product} {ergonomic}
     uint ConcGCThreads                            = 3                                         {product} {ergonomic}
     uint G1ConcRefinementThreads                  = 10                                        {product} {ergonomic}
   size_t G1HeapRegionSize                         = 2097152                                   {product} {ergonomic}
    uintx GCDrainStackTargetSize                   = 64                                        {product} {ergonomic}
   size_t InitialHeapSize                          = 266338304                                 {product} {ergonomic}
   size_t MarkStackSize                            = 4194304                                   {product} {ergonomic}
   size_t MaxHeapSize                              = 4255121408                                {product} {ergonomic}
   size_t MaxNewSize                               = 2552233984                                {product} {ergonomic}
   size_t MinHeapDeltaBytes                        = 2097152                                   {product} {ergonomic}
   size_t MinHeapSize                              = 8388608                                   {product} {ergonomic}
    uintx NonNMethodCodeHeapSize                   = 5839372                                {pd product} {ergonomic}
    uintx NonProfiledCodeHeapSize                  = 122909434                              {pd product} {ergonomic}
    uintx ProfiledCodeHeapSize                     = 122909434                              {pd product} {ergonomic}
    uintx ReservedCodeCacheSize                    = 251658240                              {pd product} {ergonomic}
     bool SegmentedCodeCache                       = true                                      {product} {ergonomic}
   size_t SoftMaxHeapSize                          = 4255121408                             {manageable} {ergonomic}
     bool UseCompressedClassPointers               = true                                 {lp64_product} {ergonomic}
     bool UseCompressedOops                        = true                                 {lp64_product} {ergonomic}
     bool UseG1GC                                  = true                                      {product} {ergonomic}
     bool UseLargePagesIndividualAllocation        = false                                  {pd product} {ergonomic}

Logging:
Log output configuration:
 #0: stdout all=warning uptime,level,tags
 #1: stderr all=off uptime,level,tags

Environment Variables:
JAVA_HOME=C:\Program Files\Java\jdk-15.0.1
PATH=C:\Program Files\Common Files\Oracle\Java\javapath;C:\Program Files (x86)\Common Files\Oracle\Java\javapath;C:\Windows\system32;C:\Windows;C:\Windows\System32\Wbem;C:\Windows\System32\WindowsPowerShell\v1.0\;C:\Windows\System32\OpenSSH\;C:\Program Files (x86)\NVIDIA Corporation\PhysX\Common;C:\Program Files\NVIDIA Corporation\NVIDIA NvDLISR;C:\Program Files (x86)\Graphviz2.38\bin;C:\Javalib;C:\TDM-GCC-64\bin;C:\Program Files\nodejs\;C:\ProgramData\chocolatey\bin;C:\Program Files\CMake\bin;C:\adb;C:\Program Files\PuTTY\;C:\Program Files\dotnet\;C:\Program Files\Microsoft SQL Server\130\Tools\Binn\;C:\Program Files\Microsoft SQL Server\Client SDK\ODBC\170\Tools\Binn\;C:\Program Files\Git\cmd;C:\spring-2.4.2\bin;C:\Program Files\Go\bin;C:\Users\Roman\AppData\Local\Programs\Python\Python38\Scripts\;C:\Users\Roman\AppData\Local\Programs\Python\Python38\;C:\Users\Roman\AppData\Local\Microsoft\WindowsApps;C:\Users\Roman\AppData\Local\Programs\Microsoft VS Code\bin;C:\Users\Roman\AppData\Local\GitHubDesktop\bin;C:\Program Files\JetBrains\PyCharm 2019.2\bin;;C:\Program Files\JetBrains\CLion 2020.2.4\bin;;C:\Users\Roman\AppData\Roaming\npm;E:\IntelliJ IDEA Community Edition 2020.1.2\bin;;C:\Program Files\JetBrains\WebStorm 2020.2.3\bin;;C:\Users\Roman\.dotnet\tools;C:\Program Files\apache-maven-3.6.3\bin;C:\Program Files\Java\jdk-15.0.1\bin;C:\spring-2.4.2\bin;;C:\Program Files\JetBrains\IntelliJ IDEA 2020.3.2\bin;;C:\Users\Roman\go\bin;E:\tex\texlive\2020\bin\win32;C:\Program Files\heroku\bin
USERNAME=Roman
OS=Windows_NT
PROCESSOR_IDENTIFIER=Intel64 Family 6 Model 158 Stepping 10, GenuineIntel



---------------  S Y S T E M  ---------------

OS:
 Windows 10 , 64 bit Build 17763 (10.0.17763.1879)
OS uptime: 7 days 0:10 hours

CPU: total 12 (initial active 12) (6 cores per cpu, 2 threads per core) family 6 model 158 stepping 10 microcode 0xde, cmov, cx8, fxsr, mmx, sse, sse2, sse3, ssse3, sse4.1, sse4.2, popcnt, vzeroupper, avx, avx2, aes, clmul, erms, 3dnowpref, lzcnt, ht, tsc, tscinvbit, bmi1, bmi2, adx, fma, clflush, clflushopt

Memory: 4k page, system-wide physical 16224M (5656M free)
TotalPageFile size 18272M (AvailPageFile size 98M)
current process WorkingSet (physical memory assigned to process): 300M, peak: 300M
current process commit charge ("private bytes"): 447M, peak: 569M

vm_info: Java HotSpot(TM) 64-Bit Server VM (15.0.1+9-18) for windows-amd64 JRE (15.0.1+9-18), built on Sep 15 2020 14:43:54 by "mach5one" with unknown MS VC++:1925

END.
