#
# There is insufficient memory for the Java Runtime Environment to continue.
# Native memory allocation (malloc) failed to allocate 1029456 bytes for Chunk::new
# Possible reasons:
#   The system is out of physical RAM or swap space
#   The process is running with CompressedOops enabled, and the Java Heap may be blocking the growth of the native heap
# Possible solutions:
#   Reduce memory load on the system
#   Increase physical memory or swap space
#   Check if swap backing store is full
#   Decrease Java heap size (-Xmx/-Xms)
#   Decrease number of Java threads
#   Decrease Java thread stack sizes (-Xss)
#   Set larger code cache with -XX:ReservedCodeCacheSize=
#   JVM is running with Zero Based Compressed Oops mode in which the Java heap is
#     placed in the first 32GB address space. The Java Heap base address is the
#     maximum limit for the native heap growth. Please use -XX:HeapBaseMinAddress
#     to set the Java Heap base and to place the Java Heap above 32GB virtual address.
# This output file may be truncated or incomplete.
#
#  Out of Memory Error (./open/src/hotspot/share/memory/arena.cpp:195), pid=5220, tid=1712
#
# JRE version: Java(TM) SE Runtime Environment (15.0.1+9) (build 15.0.1+9-18)
# Java VM: Java HotSpot(TM) 64-Bit Server VM (15.0.1+9-18, mixed mode, sharing, tiered, compressed oops, g1 gc, windows-amd64)
# No core dump will be written. Minidumps are not enabled by default on client versions of Windows
#

---------------  S U M M A R Y ------------

Command Line: org.jetbrains.kotlin.cli.js.dce.K2JSDce @E:\java.kotlin\diploma\build\20210604_121939493510280465.compiler.options

Host: Intel(R) Core(TM) i7-8750H CPU @ 2.20GHz, 12 cores, 15G,  Windows 10 , 64 bit Build 17763 (10.0.17763.1879)
Time: Fri Jun  4 11:17:50 2021 West Asia Standard Time elapsed time: 1.615020 seconds (0d 0h 0m 1s)

---------------  T H R E A D  ---------------

Current thread (0x00000206f5e12890):  JavaThread "C2 CompilerThread2" daemon [_thread_in_native, id=1712, stack(0x0000001962d00000,0x0000001962e00000)]


Current CompileTask:
C2:   1615 1564       4       org.jetbrains.kotlin.com.google.gwt.dev.js.rhino.Parser::eqExpr (50 bytes)

Stack: [0x0000001962d00000,0x0000001962e00000]
Native frames: (J=compiled Java code, j=interpreted, Vv=VM code, C=native code)
V  [jvm.dll+0x62ae9a]
V  [jvm.dll+0x781389]
V  [jvm.dll+0x782ae3]
V  [jvm.dll+0x783143]
V  [jvm.dll+0x216265]
V  [jvm.dll+0x97efa]
V  [jvm.dll+0x985dc]
V  [jvm.dll+0x27a1bf]
V  [jvm.dll+0x5408d4]
V  [jvm.dll+0x1f3064]
V  [jvm.dll+0x1eca31]
V  [jvm.dll+0x1e97a7]
V  [jvm.dll+0x1784c7]
V  [jvm.dll+0x1f9165]
V  [jvm.dll+0x1f720c]
V  [jvm.dll+0x74485d]
V  [jvm.dll+0x73d65a]
V  [jvm.dll+0x629c56]
C  [ucrtbase.dll+0x2268a]
C  [KERNEL32.DLL+0x17974]
C  [ntdll.dll+0x5a2f1]


---------------  P R O C E S S  ---------------

Threads class SMR info:
_java_thread_list=0x00000206f5e13030, length=13, elements={
0x00000206d19176b0, 0x00000206f53cc410, 0x00000206f53ccbf0, 0x00000206f53ea820,
0x00000206f53ecd00, 0x00000206f53ee9e0, 0x00000206f5c8a2f0, 0x00000206f5c8a9f0,
0x00000206f53f77b0, 0x00000206f5d9d840, 0x00000206f5de2150, 0x00000206f5e160a0,
0x00000206f5e12890
}

Java Threads: ( => current thread )
  0x00000206d19176b0 JavaThread "main" [_thread_in_Java, id=18148, stack(0x0000001961a00000,0x0000001961b00000)]
  0x00000206f53cc410 JavaThread "Reference Handler" daemon [_thread_blocked, id=19224, stack(0x0000001962100000,0x0000001962200000)]
  0x00000206f53ccbf0 JavaThread "Finalizer" daemon [_thread_blocked, id=16764, stack(0x0000001962200000,0x0000001962300000)]
  0x00000206f53ea820 JavaThread "Signal Dispatcher" daemon [_thread_blocked, id=18828, stack(0x0000001962300000,0x0000001962400000)]
  0x00000206f53ecd00 JavaThread "Attach Listener" daemon [_thread_blocked, id=13704, stack(0x0000001962400000,0x0000001962500000)]
  0x00000206f53ee9e0 JavaThread "Service Thread" daemon [_thread_blocked, id=13600, stack(0x0000001962500000,0x0000001962600000)]
  0x00000206f5c8a2f0 JavaThread "C2 CompilerThread0" daemon [_thread_in_native, id=392, stack(0x0000001962600000,0x0000001962700000)]
  0x00000206f5c8a9f0 JavaThread "C1 CompilerThread0" daemon [_thread_blocked, id=12184, stack(0x0000001962700000,0x0000001962800000)]
  0x00000206f53f77b0 JavaThread "Sweeper thread" daemon [_thread_blocked, id=18084, stack(0x0000001962800000,0x0000001962900000)]
  0x00000206f5d9d840 JavaThread "Notification Thread" daemon [_thread_blocked, id=11536, stack(0x0000001962900000,0x0000001962a00000)]
  0x00000206f5de2150 JavaThread "Common-Cleaner" daemon [_thread_blocked, id=14872, stack(0x0000001962b00000,0x0000001962c00000)]
  0x00000206f5e160a0 JavaThread "C2 CompilerThread1" daemon [_thread_in_native, id=15624, stack(0x0000001962c00000,0x0000001962d00000)]
=>0x00000206f5e12890 JavaThread "C2 CompilerThread2" daemon [_thread_in_native, id=1712, stack(0x0000001962d00000,0x0000001962e00000)]

Other Threads:
  0x00000206f53cab90 VMThread "VM Thread" [stack: 0x0000001962000000,0x0000001962100000] [id=7060]
  0x00000206f5d9dd10 WatcherThread [stack: 0x0000001962a00000,0x0000001962b00000] [id=17284]
  0x00000206d1969030 GCTaskThread "GC Thread#0" [stack: 0x0000001961b00000,0x0000001961c00000] [id=16388]
  0x00000206f5fa7b40 GCTaskThread "GC Thread#1" [stack: 0x0000001962e00000,0x0000001962f00000] [id=5632]
  0x00000206f5fa6820 GCTaskThread "GC Thread#2" [stack: 0x0000001962f00000,0x0000001963000000] [id=17160]
  0x00000206f5fa8800 GCTaskThread "GC Thread#3" [stack: 0x0000001963000000,0x0000001963100000] [id=14040]
  0x00000206f5fa8b30 GCTaskThread "GC Thread#4" [stack: 0x0000001963100000,0x0000001963200000] [id=17348]
  0x00000206f5fa6e80 GCTaskThread "GC Thread#5" [stack: 0x0000001963200000,0x0000001963300000] [id=13012]
  0x00000206f5fa7810 GCTaskThread "GC Thread#6" [stack: 0x0000001963b00000,0x0000001963c00000] [id=12188]
  0x00000206f5fa7e70 GCTaskThread "GC Thread#7" [stack: 0x0000001963c00000,0x0000001963d00000] [id=13864]
  0x00000206f5fa84d0 GCTaskThread "GC Thread#8" [stack: 0x0000001963d00000,0x0000001963e00000] [id=16404]
  0x00000206d197b020 ConcurrentGCThread "G1 Main Marker" [stack: 0x0000001961c00000,0x0000001961d00000] [id=16912]
  0x00000206d197bc10 ConcurrentGCThread "G1 Conc#0" [stack: 0x0000001961d00000,0x0000001961e00000] [id=4176]
  0x00000206d19de7c0 ConcurrentGCThread "G1 Refine#0" [stack: 0x0000001961e00000,0x0000001961f00000] [id=3500]
  0x00000206f766d1c0 ConcurrentGCThread "G1 Refine#1" [stack: 0x0000001963300000,0x0000001963400000] [id=15304]
  0x00000206f7783100 ConcurrentGCThread "G1 Refine#2" [stack: 0x0000001963400000,0x0000001963500000] [id=18908]
  0x00000206f764ca60 ConcurrentGCThread "G1 Refine#3" [stack: 0x0000001963500000,0x0000001963600000] [id=16684]
  0x00000206f7337310 ConcurrentGCThread "G1 Refine#4" [stack: 0x0000001963600000,0x0000001963700000] [id=15988]
  0x00000206f7e7a650 ConcurrentGCThread "G1 Refine#5" [stack: 0x0000001963700000,0x0000001963800000] [id=400]
  0x00000206f86f1ee0 ConcurrentGCThread "G1 Refine#6" [stack: 0x0000001963800000,0x0000001963900000] [id=14936]
  0x00000206f63ec1d0 ConcurrentGCThread "G1 Refine#7" [stack: 0x0000001963900000,0x0000001963a00000] [id=11988]
  0x00000206f80629b0 ConcurrentGCThread "G1 Refine#8" [stack: 0x0000001963a00000,0x0000001963b00000] [id=11548]
  0x00000206f52c7930 ConcurrentGCThread "G1 Young RemSet Sampling" [stack: 0x0000001961f00000,0x0000001962000000] [id=6940]

Threads with active compile tasks:
C2 CompilerThread0     1640 1596       4       org.jetbrains.kotlin.com.google.gwt.dev.js.rhino.Parser::expr (46 bytes)
C2 CompilerThread1     1640 1600       4       org.jetbrains.kotlin.com.google.gwt.dev.js.rhino.Parser::argumentList (64 bytes)
C2 CompilerThread2     1640 1564       4       org.jetbrains.kotlin.com.google.gwt.dev.js.rhino.Parser::eqExpr (50 bytes)

VM state: not at safepoint (normal execution)

VM Mutex/Monitor currently owned by a thread: None

Heap address: 0x0000000702600000, size: 4058 MB, Compressed Oops mode: Zero based, Oop shift amount: 3
CDS archive(s) mapped at: [0x0000000800000000-0x0000000800b50000-0x0000000800b50000), size 11862016, SharedBaseAddress: 0x0000000800000000, ArchiveRelocationMode: 0.
Compressed class space mapped at: 0x0000000800b50000-0x0000000840b50000, size: 1073741824
Narrow klass base: 0x0000000800000000, Narrow klass shift: 3, Narrow klass range: 0x100000000

GC Precious Log:
 CPUs: 12 total, 12 available
 Memory: 16224M
 Large Page Support: Disabled
 NUMA Support: Disabled
 Compressed Oops: Enabled (Zero based)
 Heap Region Size: 2M
 Heap Min Capacity: 8M
 Heap Initial Capacity: 254M
 Heap Max Capacity: 4058M
 Pre-touch: Disabled
 Parallel Workers: 10
 Concurrent Workers: 3
 Concurrent Refinement Workers: 10
 Periodic GC: Disabled

Heap:
 garbage-first heap   total 401408K, used 176867K [0x0000000702600000, 0x0000000800000000)
  region size 2048K, 43 young (88064K), 2 survivors (4096K)
 Metaspace       used 9574K, capacity 12600K, committed 12800K, reserved 1060864K
  class space    used 968K, capacity 1260K, committed 1280K, reserved 1048576K

Heap Regions: E=young(eden), S=young(survivor), O=old, HS=humongous(starts), HC=humongous(continues), CS=collection set, F=free, OA=open archive, CA=closed archive, TAMS=top-at-mark-start (previous, next)
|   0|0x0000000702600000, 0x0000000702800000, 0x0000000702800000|100%|HS|  |TAMS 0x0000000702600000, 0x0000000702600000| Complete 
|   1|0x0000000702800000, 0x0000000702a00000, 0x0000000702a00000|100%|HC|  |TAMS 0x0000000702800000, 0x0000000702800000| Complete 
|   2|0x0000000702a00000, 0x0000000702c00000, 0x0000000702c00000|100%| O|  |TAMS 0x0000000702a00000, 0x0000000702a00000| Untracked 
|   3|0x0000000702c00000, 0x0000000702e00000, 0x0000000702e00000|100%| O|  |TAMS 0x0000000702c00000, 0x0000000702c00000| Untracked 
|   4|0x0000000702e00000, 0x0000000703000000, 0x0000000703000000|100%| O|  |TAMS 0x0000000702e00000, 0x0000000702e00000| Untracked 
|   5|0x0000000703000000, 0x0000000703200000, 0x0000000703200000|100%| O|  |TAMS 0x0000000703000000, 0x0000000703000000| Untracked 
|   6|0x0000000703200000, 0x0000000703400000, 0x0000000703400000|100%| O|  |TAMS 0x0000000703200000, 0x0000000703200000| Untracked 
|   7|0x0000000703400000, 0x0000000703600000, 0x0000000703600000|100%| O|  |TAMS 0x0000000703400000, 0x0000000703400000| Untracked 
|   8|0x0000000703600000, 0x0000000703800000, 0x0000000703800000|100%| O|  |TAMS 0x0000000703600000, 0x0000000703600000| Untracked 
|   9|0x0000000703800000, 0x0000000703a00000, 0x0000000703a00000|100%| O|  |TAMS 0x0000000703800000, 0x0000000703800000| Untracked 
|  10|0x0000000703a00000, 0x0000000703c00000, 0x0000000703c00000|100%| O|  |TAMS 0x0000000703a00000, 0x0000000703a00000| Untracked 
|  11|0x0000000703c00000, 0x0000000703e00000, 0x0000000703e00000|100%| O|  |TAMS 0x0000000703c00000, 0x0000000703c00000| Untracked 
|  12|0x0000000703e00000, 0x0000000704000000, 0x0000000704000000|100%| O|  |TAMS 0x0000000703e00000, 0x0000000703e00000| Untracked 
|  13|0x0000000704000000, 0x0000000704200000, 0x0000000704200000|100%| O|  |TAMS 0x0000000704000000, 0x0000000704000000| Untracked 
|  14|0x0000000704200000, 0x0000000704400000, 0x0000000704400000|100%| O|  |TAMS 0x0000000704200000, 0x0000000704200000| Untracked 
|  15|0x0000000704400000, 0x0000000704600000, 0x0000000704600000|100%| O|  |TAMS 0x0000000704400000, 0x0000000704400000| Untracked 
|  16|0x0000000704600000, 0x0000000704800000, 0x0000000704800000|100%| O|  |TAMS 0x0000000704600000, 0x0000000704600000| Untracked 
|  17|0x0000000704800000, 0x0000000704a00000, 0x0000000704a00000|100%| O|  |TAMS 0x0000000704800000, 0x0000000704800000| Untracked 
|  18|0x0000000704a00000, 0x0000000704c00000, 0x0000000704c00000|100%| O|  |TAMS 0x0000000704a00000, 0x0000000704a00000| Untracked 
|  19|0x0000000704c00000, 0x0000000704e00000, 0x0000000704e00000|100%| O|  |TAMS 0x0000000704c00000, 0x0000000704c00000| Untracked 
|  20|0x0000000704e00000, 0x0000000705000000, 0x0000000705000000|100%|HS|  |TAMS 0x0000000704e00000, 0x0000000704e00000| Complete 
|  21|0x0000000705000000, 0x0000000705200000, 0x0000000705200000|100%|HC|  |TAMS 0x0000000705000000, 0x0000000705000000| Complete 
|  22|0x0000000705200000, 0x0000000705400000, 0x0000000705400000|100%| O|  |TAMS 0x0000000705200000, 0x0000000705200000| Untracked 
|  23|0x0000000705400000, 0x0000000705600000, 0x0000000705600000|100%| O|  |TAMS 0x0000000705400000, 0x0000000705400000| Untracked 
|  24|0x0000000705600000, 0x0000000705800000, 0x0000000705800000|100%| O|  |TAMS 0x0000000705600000, 0x0000000705600000| Untracked 
|  25|0x0000000705800000, 0x0000000705a00000, 0x0000000705a00000|100%| O|  |TAMS 0x0000000705800000, 0x0000000705800000| Untracked 
|  26|0x0000000705a00000, 0x0000000705c00000, 0x0000000705c00000|100%| O|  |TAMS 0x0000000705a00000, 0x0000000705a00000| Untracked 
|  27|0x0000000705c00000, 0x0000000705e00000, 0x0000000705e00000|100%| O|  |TAMS 0x0000000705c00000, 0x0000000705c00000| Untracked 
|  28|0x0000000705e00000, 0x0000000706000000, 0x0000000706000000|100%| O|  |TAMS 0x0000000705e00000, 0x0000000705e00000| Untracked 
|  29|0x0000000706000000, 0x0000000706200000, 0x0000000706200000|100%| O|  |TAMS 0x0000000706000000, 0x0000000706000000| Untracked 
|  30|0x0000000706200000, 0x00000007062b8e00, 0x0000000706400000| 36%| O|  |TAMS 0x0000000706200000, 0x0000000706200000| Untracked 
|  31|0x0000000706400000, 0x0000000706600000, 0x0000000706600000|100%|HS|  |TAMS 0x0000000706400000, 0x0000000706400000| Complete 
|  32|0x0000000706600000, 0x0000000706800000, 0x0000000706800000|100%|HS|  |TAMS 0x0000000706600000, 0x0000000706600000| Complete 
|  33|0x0000000706800000, 0x0000000706a00000, 0x0000000706a00000|100%|HC|  |TAMS 0x0000000706800000, 0x0000000706800000| Complete 
|  34|0x0000000706a00000, 0x0000000706c00000, 0x0000000706c00000|100%|HS|  |TAMS 0x0000000706a00000, 0x0000000706a00000| Complete 
|  35|0x0000000706c00000, 0x0000000706e00000, 0x0000000706e00000|100%|HC|  |TAMS 0x0000000706c00000, 0x0000000706c00000| Complete 
|  36|0x0000000706e00000, 0x0000000707000000, 0x0000000707000000|100%|HC|  |TAMS 0x0000000706e00000, 0x0000000706e00000| Complete 
|  37|0x0000000707000000, 0x0000000707200000, 0x0000000707200000|100%|HS|  |TAMS 0x0000000707000000, 0x0000000707000000| Complete 
|  38|0x0000000707200000, 0x0000000707400000, 0x0000000707400000|100%|HC|  |TAMS 0x0000000707200000, 0x0000000707200000| Complete 
|  39|0x0000000707400000, 0x0000000707600000, 0x0000000707600000|100%|HC|  |TAMS 0x0000000707400000, 0x0000000707400000| Complete 
|  40|0x0000000707600000, 0x0000000707800000, 0x0000000707800000|100%|HC|  |TAMS 0x0000000707600000, 0x0000000707600000| Complete 
|  41|0x0000000707800000, 0x0000000707a00000, 0x0000000707a00000|100%|HC|  |TAMS 0x0000000707800000, 0x0000000707800000| Complete 
|  42|0x0000000707a00000, 0x0000000707c00000, 0x0000000707c00000|100%|HS|  |TAMS 0x0000000707a00000, 0x0000000707a00000| Complete 
|  43|0x0000000707c00000, 0x0000000707e00000, 0x0000000707e00000|100%|HC|  |TAMS 0x0000000707c00000, 0x0000000707c00000| Complete 
|  44|0x0000000707e00000, 0x0000000708000000, 0x0000000708000000|100%|HC|  |TAMS 0x0000000707e00000, 0x0000000707e00000| Complete 
|  45|0x0000000708000000, 0x0000000708200000, 0x0000000708200000|100%|HS|  |TAMS 0x0000000708000000, 0x0000000708000000| Complete 
|  46|0x0000000708200000, 0x0000000708200000, 0x0000000708400000|  0%| F|  |TAMS 0x0000000708200000, 0x0000000708200000| Untracked 
|  47|0x0000000708400000, 0x0000000708400000, 0x0000000708600000|  0%| F|  |TAMS 0x0000000708400000, 0x0000000708400000| Untracked 
|  48|0x0000000708600000, 0x0000000708600000, 0x0000000708800000|  0%| F|  |TAMS 0x0000000708600000, 0x0000000708600000| Untracked 
|  49|0x0000000708800000, 0x0000000708800000, 0x0000000708a00000|  0%| F|  |TAMS 0x0000000708800000, 0x0000000708800000| Untracked 
|  50|0x0000000708a00000, 0x0000000708a00000, 0x0000000708c00000|  0%| F|  |TAMS 0x0000000708a00000, 0x0000000708a00000| Untracked 
|  51|0x0000000708c00000, 0x0000000708c00000, 0x0000000708e00000|  0%| F|  |TAMS 0x0000000708c00000, 0x0000000708c00000| Untracked 
|  52|0x0000000708e00000, 0x0000000708e00000, 0x0000000709000000|  0%| F|  |TAMS 0x0000000708e00000, 0x0000000708e00000| Untracked 
|  53|0x0000000709000000, 0x0000000709000000, 0x0000000709200000|  0%| F|  |TAMS 0x0000000709000000, 0x0000000709000000| Untracked 
|  54|0x0000000709200000, 0x0000000709200000, 0x0000000709400000|  0%| F|  |TAMS 0x0000000709200000, 0x0000000709200000| Untracked 
|  55|0x0000000709400000, 0x0000000709400000, 0x0000000709600000|  0%| F|  |TAMS 0x0000000709400000, 0x0000000709400000| Untracked 
|  56|0x0000000709600000, 0x0000000709600000, 0x0000000709800000|  0%| F|  |TAMS 0x0000000709600000, 0x0000000709600000| Untracked 
|  57|0x0000000709800000, 0x0000000709800000, 0x0000000709a00000|  0%| F|  |TAMS 0x0000000709800000, 0x0000000709800000| Untracked 
|  58|0x0000000709a00000, 0x0000000709a00000, 0x0000000709c00000|  0%| F|  |TAMS 0x0000000709a00000, 0x0000000709a00000| Untracked 
|  59|0x0000000709c00000, 0x0000000709c00000, 0x0000000709e00000|  0%| F|  |TAMS 0x0000000709c00000, 0x0000000709c00000| Untracked 
|  60|0x0000000709e00000, 0x0000000709e00000, 0x000000070a000000|  0%| F|  |TAMS 0x0000000709e00000, 0x0000000709e00000| Untracked 
|  61|0x000000070a000000, 0x000000070a000000, 0x000000070a200000|  0%| F|  |TAMS 0x000000070a000000, 0x000000070a000000| Untracked 
|  62|0x000000070a200000, 0x000000070a200000, 0x000000070a400000|  0%| F|  |TAMS 0x000000070a200000, 0x000000070a200000| Untracked 
|  63|0x000000070a400000, 0x000000070a400000, 0x000000070a600000|  0%| F|  |TAMS 0x000000070a400000, 0x000000070a400000| Untracked 
|  64|0x000000070a600000, 0x000000070a600000, 0x000000070a800000|  0%| F|  |TAMS 0x000000070a600000, 0x000000070a600000| Untracked 
|  65|0x000000070a800000, 0x000000070a800000, 0x000000070aa00000|  0%| F|  |TAMS 0x000000070a800000, 0x000000070a800000| Untracked 
|  66|0x000000070aa00000, 0x000000070aa00000, 0x000000070ac00000|  0%| F|  |TAMS 0x000000070aa00000, 0x000000070aa00000| Untracked 
|  67|0x000000070ac00000, 0x000000070ac00000, 0x000000070ae00000|  0%| F|  |TAMS 0x000000070ac00000, 0x000000070ac00000| Untracked 
|  68|0x000000070ae00000, 0x000000070ae00000, 0x000000070b000000|  0%| F|  |TAMS 0x000000070ae00000, 0x000000070ae00000| Untracked 
|  69|0x000000070b000000, 0x000000070b000000, 0x000000070b200000|  0%| F|  |TAMS 0x000000070b000000, 0x000000070b000000| Untracked 
|  70|0x000000070b200000, 0x000000070b200000, 0x000000070b400000|  0%| F|  |TAMS 0x000000070b200000, 0x000000070b200000| Untracked 
|  71|0x000000070b400000, 0x000000070b400000, 0x000000070b600000|  0%| F|  |TAMS 0x000000070b400000, 0x000000070b400000| Untracked 
|  72|0x000000070b600000, 0x000000070b600000, 0x000000070b800000|  0%| F|  |TAMS 0x000000070b600000, 0x000000070b600000| Untracked 
|  73|0x000000070b800000, 0x000000070b800000, 0x000000070ba00000|  0%| F|  |TAMS 0x000000070b800000, 0x000000070b800000| Untracked 
|  74|0x000000070ba00000, 0x000000070ba00000, 0x000000070bc00000|  0%| F|  |TAMS 0x000000070ba00000, 0x000000070ba00000| Untracked 
|  75|0x000000070bc00000, 0x000000070bc00000, 0x000000070be00000|  0%| F|  |TAMS 0x000000070bc00000, 0x000000070bc00000| Untracked 
|  76|0x000000070be00000, 0x000000070be00000, 0x000000070c000000|  0%| F|  |TAMS 0x000000070be00000, 0x000000070be00000| Untracked 
|  77|0x000000070c000000, 0x000000070c000000, 0x000000070c200000|  0%| F|  |TAMS 0x000000070c000000, 0x000000070c000000| Untracked 
|  78|0x000000070c200000, 0x000000070c200000, 0x000000070c400000|  0%| F|  |TAMS 0x000000070c200000, 0x000000070c200000| Untracked 
|  79|0x000000070c400000, 0x000000070c400000, 0x000000070c600000|  0%| F|  |TAMS 0x000000070c400000, 0x000000070c400000| Untracked 
|  80|0x000000070c600000, 0x000000070c600000, 0x000000070c800000|  0%| F|  |TAMS 0x000000070c600000, 0x000000070c600000| Untracked 
|  81|0x000000070c800000, 0x000000070c800000, 0x000000070ca00000|  0%| F|  |TAMS 0x000000070c800000, 0x000000070c800000| Untracked 
|  82|0x000000070ca00000, 0x000000070ca00000, 0x000000070cc00000|  0%| F|  |TAMS 0x000000070ca00000, 0x000000070ca00000| Untracked 
|  83|0x000000070cc00000, 0x000000070cc00000, 0x000000070ce00000|  0%| F|  |TAMS 0x000000070cc00000, 0x000000070cc00000| Untracked 
|  84|0x000000070ce00000, 0x000000070ce00000, 0x000000070d000000|  0%| F|  |TAMS 0x000000070ce00000, 0x000000070ce00000| Untracked 
|  85|0x000000070d000000, 0x000000070d000000, 0x000000070d200000|  0%| F|  |TAMS 0x000000070d000000, 0x000000070d000000| Untracked 
|  86|0x000000070d200000, 0x000000070d200000, 0x000000070d400000|  0%| F|  |TAMS 0x000000070d200000, 0x000000070d200000| Untracked 
|  87|0x000000070d400000, 0x000000070d400000, 0x000000070d600000|  0%| F|  |TAMS 0x000000070d400000, 0x000000070d400000| Untracked 
|  88|0x000000070d600000, 0x000000070d600000, 0x000000070d800000|  0%| F|  |TAMS 0x000000070d600000, 0x000000070d600000| Untracked 
|  89|0x000000070d800000, 0x000000070d800000, 0x000000070da00000|  0%| F|  |TAMS 0x000000070d800000, 0x000000070d800000| Untracked 
|  90|0x000000070da00000, 0x000000070da00000, 0x000000070dc00000|  0%| F|  |TAMS 0x000000070da00000, 0x000000070da00000| Untracked 
|  91|0x000000070dc00000, 0x000000070dc00000, 0x000000070de00000|  0%| F|  |TAMS 0x000000070dc00000, 0x000000070dc00000| Untracked 
|  92|0x000000070de00000, 0x000000070de00000, 0x000000070e000000|  0%| F|  |TAMS 0x000000070de00000, 0x000000070de00000| Untracked 
|  93|0x000000070e000000, 0x000000070e000000, 0x000000070e200000|  0%| F|  |TAMS 0x000000070e000000, 0x000000070e000000| Untracked 
|  94|0x000000070e200000, 0x000000070e200000, 0x000000070e400000|  0%| F|  |TAMS 0x000000070e200000, 0x000000070e200000| Untracked 
|  95|0x000000070e400000, 0x000000070e400000, 0x000000070e600000|  0%| F|  |TAMS 0x000000070e400000, 0x000000070e400000| Untracked 
|  96|0x000000070e600000, 0x000000070e600000, 0x000000070e800000|  0%| F|  |TAMS 0x000000070e600000, 0x000000070e600000| Untracked 
|  97|0x000000070e800000, 0x000000070e800000, 0x000000070ea00000|  0%| F|  |TAMS 0x000000070e800000, 0x000000070e800000| Untracked 
|  98|0x000000070ea00000, 0x000000070ea00000, 0x000000070ec00000|  0%| F|  |TAMS 0x000000070ea00000, 0x000000070ea00000| Untracked 
|  99|0x000000070ec00000, 0x000000070ec00000, 0x000000070ee00000|  0%| F|  |TAMS 0x000000070ec00000, 0x000000070ec00000| Untracked 
| 100|0x000000070ee00000, 0x000000070ee00000, 0x000000070f000000|  0%| F|  |TAMS 0x000000070ee00000, 0x000000070ee00000| Untracked 
| 101|0x000000070f000000, 0x000000070f000000, 0x000000070f200000|  0%| F|  |TAMS 0x000000070f000000, 0x000000070f000000| Untracked 
| 102|0x000000070f200000, 0x000000070f200000, 0x000000070f400000|  0%| F|  |TAMS 0x000000070f200000, 0x000000070f200000| Untracked 
| 103|0x000000070f400000, 0x000000070f400000, 0x000000070f600000|  0%| F|  |TAMS 0x000000070f400000, 0x000000070f400000| Untracked 
| 104|0x000000070f600000, 0x000000070f600000, 0x000000070f800000|  0%| F|  |TAMS 0x000000070f600000, 0x000000070f600000| Untracked 
| 105|0x000000070f800000, 0x000000070f800000, 0x000000070fa00000|  0%| F|  |TAMS 0x000000070f800000, 0x000000070f800000| Untracked 
| 106|0x000000070fa00000, 0x000000070fa00000, 0x000000070fc00000|  0%| F|  |TAMS 0x000000070fa00000, 0x000000070fa00000| Untracked 
| 107|0x000000070fc00000, 0x000000070fc00000, 0x000000070fe00000|  0%| F|  |TAMS 0x000000070fc00000, 0x000000070fc00000| Untracked 
| 108|0x000000070fe00000, 0x000000070fe00000, 0x0000000710000000|  0%| F|  |TAMS 0x000000070fe00000, 0x000000070fe00000| Untracked 
| 109|0x0000000710000000, 0x0000000710000000, 0x0000000710200000|  0%| F|  |TAMS 0x0000000710000000, 0x0000000710000000| Untracked 
| 110|0x0000000710200000, 0x0000000710200000, 0x0000000710400000|  0%| F|  |TAMS 0x0000000710200000, 0x0000000710200000| Untracked 
| 111|0x0000000710400000, 0x0000000710400000, 0x0000000710600000|  0%| F|  |TAMS 0x0000000710400000, 0x0000000710400000| Untracked 
| 112|0x0000000710600000, 0x0000000710600000, 0x0000000710800000|  0%| F|  |TAMS 0x0000000710600000, 0x0000000710600000| Untracked 
| 113|0x0000000710800000, 0x0000000710800000, 0x0000000710a00000|  0%| F|  |TAMS 0x0000000710800000, 0x0000000710800000| Untracked 
| 114|0x0000000710a00000, 0x0000000710a00000, 0x0000000710c00000|  0%| F|  |TAMS 0x0000000710a00000, 0x0000000710a00000| Untracked 
| 115|0x0000000710c00000, 0x0000000710c00000, 0x0000000710e00000|  0%| F|  |TAMS 0x0000000710c00000, 0x0000000710c00000| Untracked 
| 116|0x0000000710e00000, 0x0000000710e00000, 0x0000000711000000|  0%| F|  |TAMS 0x0000000710e00000, 0x0000000710e00000| Untracked 
| 117|0x0000000711000000, 0x0000000711000000, 0x0000000711200000|  0%| F|  |TAMS 0x0000000711000000, 0x0000000711000000| Untracked 
| 118|0x0000000711200000, 0x0000000711200000, 0x0000000711400000|  0%| F|  |TAMS 0x0000000711200000, 0x0000000711200000| Untracked 
| 119|0x0000000711400000, 0x0000000711400000, 0x0000000711600000|  0%| F|  |TAMS 0x0000000711400000, 0x0000000711400000| Untracked 
| 120|0x0000000711600000, 0x0000000711600000, 0x0000000711800000|  0%| F|  |TAMS 0x0000000711600000, 0x0000000711600000| Untracked 
| 121|0x0000000711800000, 0x0000000711800000, 0x0000000711a00000|  0%| F|  |TAMS 0x0000000711800000, 0x0000000711800000| Untracked 
| 122|0x0000000711a00000, 0x0000000711a00000, 0x0000000711c00000|  0%| F|  |TAMS 0x0000000711a00000, 0x0000000711a00000| Untracked 
| 123|0x0000000711c00000, 0x0000000711c00000, 0x0000000711e00000|  0%| F|  |TAMS 0x0000000711c00000, 0x0000000711c00000| Untracked 
| 124|0x0000000711e00000, 0x0000000711e00000, 0x0000000712000000|  0%| F|  |TAMS 0x0000000711e00000, 0x0000000711e00000| Untracked 
| 125|0x0000000712000000, 0x0000000712000000, 0x0000000712200000|  0%| F|  |TAMS 0x0000000712000000, 0x0000000712000000| Untracked 
| 126|0x0000000712200000, 0x0000000712200000, 0x0000000712400000|  0%| F|  |TAMS 0x0000000712200000, 0x0000000712200000| Untracked 
| 127|0x0000000712400000, 0x0000000712400000, 0x0000000712600000|  0%| F|  |TAMS 0x0000000712400000, 0x0000000712400000| Untracked 
| 128|0x0000000712600000, 0x0000000712600000, 0x0000000712800000|  0%| F|  |TAMS 0x0000000712600000, 0x0000000712600000| Untracked 
| 129|0x0000000712800000, 0x0000000712800000, 0x0000000712a00000|  0%| F|  |TAMS 0x0000000712800000, 0x0000000712800000| Untracked 
| 130|0x0000000712a00000, 0x0000000712a00000, 0x0000000712c00000|  0%| F|  |TAMS 0x0000000712a00000, 0x0000000712a00000| Untracked 
| 131|0x0000000712c00000, 0x0000000712c00000, 0x0000000712e00000|  0%| F|  |TAMS 0x0000000712c00000, 0x0000000712c00000| Untracked 
| 132|0x0000000712e00000, 0x0000000712e00000, 0x0000000713000000|  0%| F|  |TAMS 0x0000000712e00000, 0x0000000712e00000| Untracked 
| 133|0x0000000713000000, 0x0000000713000000, 0x0000000713200000|  0%| F|  |TAMS 0x0000000713000000, 0x0000000713000000| Untracked 
| 134|0x0000000713200000, 0x0000000713200000, 0x0000000713400000|  0%| F|  |TAMS 0x0000000713200000, 0x0000000713200000| Untracked 
| 135|0x0000000713400000, 0x0000000713400000, 0x0000000713600000|  0%| F|  |TAMS 0x0000000713400000, 0x0000000713400000| Untracked 
| 136|0x0000000713600000, 0x0000000713600000, 0x0000000713800000|  0%| F|  |TAMS 0x0000000713600000, 0x0000000713600000| Untracked 
| 137|0x0000000713800000, 0x0000000713800000, 0x0000000713a00000|  0%| F|  |TAMS 0x0000000713800000, 0x0000000713800000| Untracked 
| 138|0x0000000713a00000, 0x0000000713a00000, 0x0000000713c00000|  0%| F|  |TAMS 0x0000000713a00000, 0x0000000713a00000| Untracked 
| 139|0x0000000713c00000, 0x0000000713c00000, 0x0000000713e00000|  0%| F|  |TAMS 0x0000000713c00000, 0x0000000713c00000| Untracked 
| 140|0x0000000713e00000, 0x0000000713e00000, 0x0000000714000000|  0%| F|  |TAMS 0x0000000713e00000, 0x0000000713e00000| Untracked 
| 141|0x0000000714000000, 0x0000000714000000, 0x0000000714200000|  0%| F|  |TAMS 0x0000000714000000, 0x0000000714000000| Untracked 
| 142|0x0000000714200000, 0x0000000714200000, 0x0000000714400000|  0%| F|  |TAMS 0x0000000714200000, 0x0000000714200000| Untracked 
| 143|0x0000000714400000, 0x0000000714400000, 0x0000000714600000|  0%| F|  |TAMS 0x0000000714400000, 0x0000000714400000| Untracked 
| 144|0x0000000714600000, 0x0000000714600000, 0x0000000714800000|  0%| F|  |TAMS 0x0000000714600000, 0x0000000714600000| Untracked 
| 145|0x0000000714800000, 0x0000000714800000, 0x0000000714a00000|  0%| F|  |TAMS 0x0000000714800000, 0x0000000714800000| Untracked 
| 146|0x0000000714a00000, 0x0000000714a00000, 0x0000000714c00000|  0%| F|  |TAMS 0x0000000714a00000, 0x0000000714a00000| Untracked 
| 147|0x0000000714c00000, 0x0000000714c00000, 0x0000000714e00000|  0%| F|  |TAMS 0x0000000714c00000, 0x0000000714c00000| Untracked 
| 148|0x0000000714e00000, 0x0000000714e00000, 0x0000000715000000|  0%| F|  |TAMS 0x0000000714e00000, 0x0000000714e00000| Untracked 
| 149|0x0000000715000000, 0x0000000715000000, 0x0000000715200000|  0%| F|  |TAMS 0x0000000715000000, 0x0000000715000000| Untracked 
| 150|0x0000000715200000, 0x0000000715200000, 0x0000000715400000|  0%| F|  |TAMS 0x0000000715200000, 0x0000000715200000| Untracked 
| 151|0x0000000715400000, 0x0000000715400000, 0x0000000715600000|  0%| F|  |TAMS 0x0000000715400000, 0x0000000715400000| Untracked 
| 152|0x0000000715600000, 0x0000000715600000, 0x0000000715800000|  0%| F|  |TAMS 0x0000000715600000, 0x0000000715600000| Untracked 
| 153|0x0000000715800000, 0x0000000715a00000, 0x0000000715a00000|100%| E|  |TAMS 0x0000000715800000, 0x0000000715800000| Complete 
| 154|0x0000000715a00000, 0x0000000715c00000, 0x0000000715c00000|100%| E|CS|TAMS 0x0000000715a00000, 0x0000000715a00000| Complete 
| 155|0x0000000715c00000, 0x0000000715e00000, 0x0000000715e00000|100%| E|CS|TAMS 0x0000000715c00000, 0x0000000715c00000| Complete 
| 156|0x0000000715e00000, 0x0000000716000000, 0x0000000716000000|100%| E|CS|TAMS 0x0000000715e00000, 0x0000000715e00000| Complete 
| 157|0x0000000716000000, 0x0000000716200000, 0x0000000716200000|100%| E|CS|TAMS 0x0000000716000000, 0x0000000716000000| Complete 
| 158|0x0000000716200000, 0x0000000716400000, 0x0000000716400000|100%| E|  |TAMS 0x0000000716200000, 0x0000000716200000| Complete 
| 159|0x0000000716400000, 0x0000000716600000, 0x0000000716600000|100%| E|CS|TAMS 0x0000000716400000, 0x0000000716400000| Complete 
| 160|0x0000000716600000, 0x0000000716800000, 0x0000000716800000|100%| E|CS|TAMS 0x0000000716600000, 0x0000000716600000| Complete 
| 161|0x0000000716800000, 0x0000000716a00000, 0x0000000716a00000|100%| E|CS|TAMS 0x0000000716800000, 0x0000000716800000| Complete 
| 162|0x0000000716a00000, 0x0000000716c00000, 0x0000000716c00000|100%| E|CS|TAMS 0x0000000716a00000, 0x0000000716a00000| Complete 
| 163|0x0000000716c00000, 0x0000000716e00000, 0x0000000716e00000|100%| E|CS|TAMS 0x0000000716c00000, 0x0000000716c00000| Complete 
| 164|0x0000000716e00000, 0x0000000717000000, 0x0000000717000000|100%| E|CS|TAMS 0x0000000716e00000, 0x0000000716e00000| Complete 
| 165|0x0000000717000000, 0x0000000717200000, 0x0000000717200000|100%| E|CS|TAMS 0x0000000717000000, 0x0000000717000000| Complete 
| 166|0x0000000717200000, 0x0000000717400000, 0x0000000717400000|100%| E|CS|TAMS 0x0000000717200000, 0x0000000717200000| Complete 
| 167|0x0000000717400000, 0x0000000717600000, 0x0000000717600000|100%| E|CS|TAMS 0x0000000717400000, 0x0000000717400000| Complete 
| 168|0x0000000717600000, 0x0000000717800000, 0x0000000717800000|100%| E|CS|TAMS 0x0000000717600000, 0x0000000717600000| Complete 
| 169|0x0000000717800000, 0x0000000717a00000, 0x0000000717a00000|100%| E|CS|TAMS 0x0000000717800000, 0x0000000717800000| Complete 
| 170|0x0000000717a00000, 0x0000000717c00000, 0x0000000717c00000|100%| E|CS|TAMS 0x0000000717a00000, 0x0000000717a00000| Complete 
| 171|0x0000000717c00000, 0x0000000717e00000, 0x0000000717e00000|100%| E|CS|TAMS 0x0000000717c00000, 0x0000000717c00000| Complete 
| 172|0x0000000717e00000, 0x0000000718000000, 0x0000000718000000|100%| E|CS|TAMS 0x0000000717e00000, 0x0000000717e00000| Complete 
| 173|0x0000000718000000, 0x0000000718200000, 0x0000000718200000|100%| E|CS|TAMS 0x0000000718000000, 0x0000000718000000| Complete 
| 174|0x0000000718200000, 0x0000000718400000, 0x0000000718400000|100%| E|CS|TAMS 0x0000000718200000, 0x0000000718200000| Complete 
| 175|0x0000000718400000, 0x0000000718600000, 0x0000000718600000|100%| E|CS|TAMS 0x0000000718400000, 0x0000000718400000| Complete 
| 176|0x0000000718600000, 0x0000000718800000, 0x0000000718800000|100%| E|CS|TAMS 0x0000000718600000, 0x0000000718600000| Complete 
| 177|0x0000000718800000, 0x0000000718a00000, 0x0000000718a00000|100%| E|CS|TAMS 0x0000000718800000, 0x0000000718800000| Complete 
| 178|0x0000000718a00000, 0x0000000718c00000, 0x0000000718c00000|100%| E|CS|TAMS 0x0000000718a00000, 0x0000000718a00000| Complete 
| 179|0x0000000718c00000, 0x0000000718e00000, 0x0000000718e00000|100%| S|CS|TAMS 0x0000000718c00000, 0x0000000718c00000| Complete 
| 180|0x0000000718e00000, 0x0000000719000000, 0x0000000719000000|100%| S|CS|TAMS 0x0000000718e00000, 0x0000000718e00000| Complete 
| 181|0x0000000719000000, 0x0000000719200000, 0x0000000719200000|100%| E|CS|TAMS 0x0000000719000000, 0x0000000719000000| Complete 
| 182|0x0000000719200000, 0x0000000719400000, 0x0000000719400000|100%| E|CS|TAMS 0x0000000719200000, 0x0000000719200000| Complete 
| 183|0x0000000719400000, 0x0000000719600000, 0x0000000719600000|100%| E|CS|TAMS 0x0000000719400000, 0x0000000719400000| Complete 
| 184|0x0000000719600000, 0x0000000719800000, 0x0000000719800000|100%| E|CS|TAMS 0x0000000719600000, 0x0000000719600000| Complete 
| 185|0x0000000719800000, 0x0000000719a00000, 0x0000000719a00000|100%| E|CS|TAMS 0x0000000719800000, 0x0000000719800000| Complete 
| 186|0x0000000719a00000, 0x0000000719c00000, 0x0000000719c00000|100%| E|CS|TAMS 0x0000000719a00000, 0x0000000719a00000| Complete 
| 187|0x0000000719c00000, 0x0000000719e00000, 0x0000000719e00000|100%| E|CS|TAMS 0x0000000719c00000, 0x0000000719c00000| Complete 
| 188|0x0000000719e00000, 0x000000071a000000, 0x000000071a000000|100%| E|CS|TAMS 0x0000000719e00000, 0x0000000719e00000| Complete 
| 189|0x000000071a000000, 0x000000071a200000, 0x000000071a200000|100%| E|CS|TAMS 0x000000071a000000, 0x000000071a000000| Complete 
| 190|0x000000071a200000, 0x000000071a400000, 0x000000071a400000|100%| E|CS|TAMS 0x000000071a200000, 0x000000071a200000| Complete 
| 191|0x000000071a400000, 0x000000071a600000, 0x000000071a600000|100%| E|CS|TAMS 0x000000071a400000, 0x000000071a400000| Complete 
| 192|0x000000071a600000, 0x000000071a800000, 0x000000071a800000|100%| E|CS|TAMS 0x000000071a600000, 0x000000071a600000| Complete 
| 193|0x000000071a800000, 0x000000071aa00000, 0x000000071aa00000|100%| E|CS|TAMS 0x000000071a800000, 0x000000071a800000| Complete 
| 194|0x000000071aa00000, 0x000000071ac00000, 0x000000071ac00000|100%| E|CS|TAMS 0x000000071aa00000, 0x000000071aa00000| Complete 
| 195|0x000000071ac00000, 0x000000071ae00000, 0x000000071ae00000|100%| E|CS|TAMS 0x000000071ac00000, 0x000000071ac00000| Complete 

Card table byte_map: [0x00000206e98a0000,0x00000206ea090000] _byte_map_base: 0x00000206e608d000

Marking Bits (Prev, Next): (CMBitMap*) 0x00000206d19698a0, (CMBitMap*) 0x00000206d19698e0
 Prev Bits: [0x00000206ea880000, 0x00000206ee7e8000)
 Next Bits: [0x00000206ee7f0000, 0x00000206f2758000)

Polling page: 0x00000206cf860000

Metaspace:

Usage:
  Non-class:     11.07 MB capacity,     8.40 MB ( 76%) used,     2.66 MB ( 24%) free+waste,     7.69 KB ( <1%) overhead. 
      Class:      1.23 MB capacity,   968.75 KB ( 77%) used,   289.00 KB ( 23%) free+waste,     2.25 KB ( <1%) overhead. 
       Both:     12.30 MB capacity,     9.35 MB ( 76%) used,     2.95 MB ( 24%) free+waste,     9.94 KB ( <1%) overhead. 

Virtual space:
  Non-class space:       12.00 MB reserved,      11.25 MB ( 94%) committed 
      Class space:        1.00 GB reserved,       1.25 MB ( <1%) committed 
             Both:        1.01 GB reserved,      12.50 MB (  1%) committed 

Chunk freelists:
   Non-Class:  52.00 KB
       Class:  20.00 KB
        Both:  72.00 KB

MaxMetaspaceSize: 17179869184.00 GB
CompressedClassSpaceSize: 1.00 GB

CodeHeap 'non-profiled nmethods': size=120000Kb used=819Kb max_used=819Kb free=119180Kb
 bounds [0x00000206e1610000, 0x00000206e1880000, 0x00000206e8b40000]
CodeHeap 'profiled nmethods': size=120000Kb used=3118Kb max_used=3118Kb free=116881Kb
 bounds [0x00000206da0e0000, 0x00000206da3f0000, 0x00000206e1610000]
CodeHeap 'non-nmethods': size=5760Kb used=1181Kb max_used=1275Kb free=4578Kb
 bounds [0x00000206d9b40000, 0x00000206d9db0000, 0x00000206da0e0000]
 total_blobs=2001 nmethods=1561 adapters=353
 compilation: enabled
              stopped_count=0, restarted_count=0
 full_count=0

Compilation events (20 events):
Event: 1.544 Thread 0x00000206f5c8a9f0 1651       2       org.jetbrains.kotlin.js.parser.sourcemaps.JsonParser::parseNode (242 bytes)
Event: 1.545 Thread 0x00000206f5c8a9f0 nmethod 1651 0x00000206da3e7c10 code [0x00000206da3e7ee0, 0x00000206da3e8868]
Event: 1.545 Thread 0x00000206f5c8a9f0 1652       2       org.jetbrains.kotlin.js.parser.sourcemaps.JsonNode::<init> (5 bytes)
Event: 1.545 Thread 0x00000206f5c8a9f0 nmethod 1652 0x00000206da3e8c90 code [0x00000206da3e8e20, 0x00000206da3e8f18]
Event: 1.545 Thread 0x00000206f5c8a9f0 1653       2       org.jetbrains.kotlin.js.parser.sourcemaps.JsonNode::<init> (5 bytes)
Event: 1.545 Thread 0x00000206f5c8a9f0 nmethod 1653 0x00000206da3e8f90 code [0x00000206da3e9120, 0x00000206da3e9218]
Event: 1.590 Thread 0x00000206f5c8a9f0 1654       2       java.lang.StringUTF16::putChar (54 bytes)
Event: 1.590 Thread 0x00000206f5c8a9f0 nmethod 1654 0x00000206da3e9290 code [0x00000206da3e9420, 0x00000206da3e9558]
Event: 1.591 Thread 0x00000206f5c8a9f0 1655       2       java.lang.AbstractStringBuilder::isLatin1 (19 bytes)
Event: 1.591 Thread 0x00000206f5c8a9f0 nmethod 1655 0x00000206da3e9690 code [0x00000206da3e9820, 0x00000206da3e9938]
Event: 1.591 Thread 0x00000206f5c8a9f0 1657       2       java.lang.AbstractStringBuilder::appendChars (207 bytes)
Event: 1.592 Thread 0x00000206f5c8a9f0 nmethod 1657 0x00000206da3e9a10 code [0x00000206da3e9c20, 0x00000206da3ea388]
Event: 1.592 Thread 0x00000206f5c8a9f0 1656       2       java.lang.AbstractStringBuilder::append (63 bytes)
Event: 1.592 Thread 0x00000206f5c8a9f0 nmethod 1656 0x00000206da3ea790 code [0x00000206da3ea960, 0x00000206da3eabe8]
Event: 1.592 Thread 0x00000206f5c8a9f0 1658       2       java.lang.AbstractStringBuilder::append (77 bytes)
Event: 1.592 Thread 0x00000206f5c8a9f0 nmethod 1658 0x00000206da3ead10 code [0x00000206da3eaec0, 0x00000206da3eb148]
Event: 1.592 Thread 0x00000206f5c8a9f0 1659       2       java.lang.StringUTF16::putCharsSB (44 bytes)
Event: 1.593 Thread 0x00000206f5c8a9f0 nmethod 1659 0x00000206da3eb310 code [0x00000206da3eb4c0, 0x00000206da3eb6b8]
Event: 1.593 Thread 0x00000206f5c8a9f0 1660       2       java.lang.StringUTF16::length (5 bytes)
Event: 1.593 Thread 0x00000206f5c8a9f0 nmethod 1660 0x00000206da3eb890 code [0x00000206da3eba20, 0x00000206da3ebaf8]

GC Heap History (12 events):
Event: 0.372 GC heap before
{Heap before GC invocations=0 (full 0):
 garbage-first heap   total 260096K, used 24576K [0x0000000702600000, 0x0000000800000000)
  region size 2048K, 11 young (22528K), 0 survivors (0K)
 Metaspace       used 6263K, capacity 9650K, committed 9984K, reserved 1058816K
  class space    used 618K, capacity 938K, committed 1024K, reserved 1048576K
}
Event: 0.374 GC heap after
{Heap after GC invocations=1 (full 0):
 garbage-first heap   total 260096K, used 6456K [0x0000000702600000, 0x0000000800000000)
  region size 2048K, 2 young (4096K), 2 survivors (4096K)
 Metaspace       used 6263K, capacity 9650K, committed 9984K, reserved 1058816K
  class space    used 618K, capacity 938K, committed 1024K, reserved 1048576K
}
Event: 0.711 GC heap before
{Heap before GC invocations=1 (full 0):
 garbage-first heap   total 260096K, used 35128K [0x0000000702600000, 0x0000000800000000)
  region size 2048K, 17 young (34816K), 2 survivors (4096K)
 Metaspace       used 9389K, capacity 12472K, committed 12544K, reserved 1060864K
  class space    used 962K, capacity 1260K, committed 1280K, reserved 1048576K
}
Event: 0.718 GC heap after
{Heap after GC invocations=2 (full 0):
 garbage-first heap   total 260096K, used 12964K [0x0000000702600000, 0x0000000800000000)
  region size 2048K, 3 young (6144K), 3 survivors (6144K)
 Metaspace       used 9389K, capacity 12472K, committed 12544K, reserved 1060864K
  class space    used 962K, capacity 1260K, committed 1280K, reserved 1048576K
}
Event: 0.931 GC heap before
{Heap before GC invocations=2 (full 0):
 garbage-first heap   total 260096K, used 72356K [0x0000000702600000, 0x0000000800000000)
  region size 2048K, 27 young (55296K), 3 survivors (6144K)
 Metaspace       used 9491K, capacity 12536K, committed 12800K, reserved 1060864K
  class space    used 967K, capacity 1260K, committed 1280K, reserved 1048576K
}
Event: 0.946 GC heap after
{Heap after GC invocations=3 (full 0):
 garbage-first heap   total 260096K, used 30787K [0x0000000702600000, 0x0000000800000000)
  region size 2048K, 4 young (8192K), 4 survivors (8192K)
 Metaspace       used 9491K, capacity 12536K, committed 12800K, reserved 1060864K
  class space    used 967K, capacity 1260K, committed 1280K, reserved 1048576K
}
Event: 1.175 GC heap before
{Heap before GC invocations=3 (full 0):
 garbage-first heap   total 260096K, used 110659K [0x0000000702600000, 0x0000000800000000)
  region size 2048K, 35 young (71680K), 4 survivors (8192K)
 Metaspace       used 9555K, capacity 12536K, committed 12800K, reserved 1060864K
  class space    used 968K, capacity 1260K, committed 1280K, reserved 1048576K
}
Event: 1.199 GC heap after
{Heap after GC invocations=4 (full 0):
 garbage-first heap   total 260096K, used 53904K [0x0000000702600000, 0x0000000800000000)
  region size 2048K, 5 young (10240K), 5 survivors (10240K)
 Metaspace       used 9555K, capacity 12536K, committed 12800K, reserved 1060864K
  class space    used 968K, capacity 1260K, committed 1280K, reserved 1048576K
}
Event: 1.205 GC heap before
{Heap before GC invocations=4 (full 0):
 garbage-first heap   total 260096K, used 55952K [0x0000000702600000, 0x0000000800000000)
  region size 2048K, 6 young (12288K), 5 survivors (10240K)
 Metaspace       used 9555K, capacity 12536K, committed 12800K, reserved 1060864K
  class space    used 968K, capacity 1260K, committed 1280K, reserved 1048576K
}
Event: 1.217 GC heap after
{Heap after GC invocations=5 (full 0):
 garbage-first heap   total 401408K, used 56631K [0x0000000702600000, 0x0000000800000000)
  region size 2048K, 1 young (2048K), 1 survivors (2048K)
 Metaspace       used 9555K, capacity 12536K, committed 12800K, reserved 1060864K
  class space    used 968K, capacity 1260K, committed 1280K, reserved 1048576K
}
Event: 1.311 GC heap before
{Heap before GC invocations=5 (full 0):
 garbage-first heap   total 401408K, used 87351K [0x0000000702600000, 0x0000000800000000)
  region size 2048K, 16 young (32768K), 1 survivors (2048K)
 Metaspace       used 9555K, capacity 12536K, committed 12800K, reserved 1060864K
  class space    used 968K, capacity 1260K, committed 1280K, reserved 1048576K
}
Event: 1.318 GC heap after
{Heap after GC invocations=6 (full 0):
 garbage-first heap   total 401408K, used 66275K [0x0000000702600000, 0x0000000800000000)
  region size 2048K, 2 young (4096K), 2 survivors (4096K)
 Metaspace       used 9555K, capacity 12536K, committed 12800K, reserved 1060864K
  class space    used 968K, capacity 1260K, committed 1280K, reserved 1048576K
}

Deoptimization events (20 events):
Event: 1.532 Thread 0x00000206d19176b0 DEOPT PACKING pc=0x00000206da286550 sp=0x0000001961afeab0
Event: 1.532 Thread 0x00000206d19176b0 DEOPT UNPACKING pc=0x00000206d9b8e23f sp=0x0000001961afdf60 mode 0
Event: 1.532 Thread 0x00000206d19176b0 DEOPT PACKING pc=0x00000206da286550 sp=0x0000001961afeab0
Event: 1.532 Thread 0x00000206d19176b0 DEOPT UNPACKING pc=0x00000206d9b8e23f sp=0x0000001961afdf60 mode 0
Event: 1.590 Thread 0x00000206d19176b0 Uncommon trap: trap_request=0xffffff45 fr.pc=0x00000206e166b07c relative=0x00000000000003dc
Event: 1.590 Thread 0x00000206d19176b0 Uncommon trap: reason=unstable_if action=reinterpret pc=0x00000206e166b07c method=java.lang.StringLatin1.canEncode(I)Z @ 4 c2
Event: 1.590 Thread 0x00000206d19176b0 DEOPT PACKING pc=0x00000206e166b07c sp=0x0000001961afe850
Event: 1.590 Thread 0x00000206d19176b0 DEOPT UNPACKING pc=0x00000206d9b8e42f sp=0x0000001961afe7d0 mode 2
Event: 1.590 Thread 0x00000206d19176b0 Uncommon trap: trap_request=0xffffff45 fr.pc=0x00000206e166d230 relative=0x0000000000000570
Event: 1.590 Thread 0x00000206d19176b0 Uncommon trap: reason=unstable_if action=reinterpret pc=0x00000206e166d230 method=java.lang.AbstractStringBuilder.isLatin1()Z @ 10 c2
Event: 1.590 Thread 0x00000206d19176b0 DEOPT PACKING pc=0x00000206e166d230 sp=0x0000001961afe840
Event: 1.590 Thread 0x00000206d19176b0 DEOPT UNPACKING pc=0x00000206d9b8e42f sp=0x0000001961afe720 mode 2
Event: 1.590 Thread 0x00000206d19176b0 Uncommon trap: trap_request=0xffffff45 fr.pc=0x00000206e164ad58 relative=0x0000000000000058
Event: 1.590 Thread 0x00000206d19176b0 Uncommon trap: reason=unstable_if action=reinterpret pc=0x00000206e164ad58 method=java.lang.AbstractStringBuilder.isLatin1()Z @ 10 c2
Event: 1.590 Thread 0x00000206d19176b0 DEOPT PACKING pc=0x00000206e164ad58 sp=0x0000001961afe830
Event: 1.590 Thread 0x00000206d19176b0 DEOPT UNPACKING pc=0x00000206d9b8e42f sp=0x0000001961afe7c0 mode 2
Event: 1.590 Thread 0x00000206d19176b0 Uncommon trap: trap_request=0xffffff45 fr.pc=0x00000206e166c2d4 relative=0x0000000000000134
Event: 1.590 Thread 0x00000206d19176b0 Uncommon trap: reason=unstable_if action=reinterpret pc=0x00000206e166c2d4 method=java.lang.AbstractStringBuilder.isLatin1()Z @ 10 c2
Event: 1.590 Thread 0x00000206d19176b0 DEOPT PACKING pc=0x00000206e166c2d4 sp=0x0000001961afe7c0
Event: 1.590 Thread 0x00000206d19176b0 DEOPT UNPACKING pc=0x00000206d9b8e42f sp=0x0000001961afe710 mode 2

Classes unloaded (0 events):
No events

Classes redefined (0 events):
No events

Internal exceptions (3 events):
Event: 0.239 Thread 0x00000206d19176b0 Exception <a 'java/lang/NoSuchMethodError'{0x00000007119e75d0}: 'void java.lang.invoke.DirectMethodHandle$Holder.invokeSpecial(java.lang.Object, java.lang.Object, java.lang.Object)'> (0x00000007119e75d0) 
thrown [./open/src/hotspot/share/interpreter/linkResolver.cpp, line 782]
Event: 0.493 Thread 0x00000206d19176b0 Exception <a 'java/lang/NoSuchMethodError'{0x0000000711b50390}: 'java.lang.Object java.lang.invoke.DirectMethodHandle$Holder.newInvokeSpecial(java.lang.Object, java.lang.Object, java.lang.Object, java.lang.Object, java.lang.Object)'> (0x0000000711b50390) 
thrown [./open/src/hotspot/share/interpreter/linkResolver.cpp, line 782]
Event: 0.590 Thread 0x00000206d19176b0 Exception <a 'java/lang/NoSuchMethodError'{0x00000007113e16f8}: 'java.lang.Object java.lang.invoke.DirectMethodHandle$Holder.invokeStaticInit(java.lang.Object, int)'> (0x00000007113e16f8) 
thrown [./open/src/hotspot/share/interpreter/linkResolver.cpp, line 782]

Events (20 events):
Event: 0.583 loading class java/util/DualPivotQuicksort
Event: 0.583 loading class java/util/DualPivotQuicksort done
Event: 0.665 loading class java/util/AbstractList$Itr
Event: 0.665 loading class java/util/AbstractList$Itr done
Event: 0.692 Executing VM operation: ICBufferFull
Event: 0.692 Executing VM operation: ICBufferFull done
Event: 0.711 Executing VM operation: G1CollectForAllocation
Event: 0.718 Executing VM operation: G1CollectForAllocation done
Event: 0.863 Executing VM operation: HandshakeAllThreads
Event: 0.863 Executing VM operation: HandshakeAllThreads done
Event: 0.931 Executing VM operation: G1CollectForAllocation
Event: 0.946 Executing VM operation: G1CollectForAllocation done
Event: 1.110 loading class jdk/internal/math/FDBigInteger
Event: 1.111 loading class jdk/internal/math/FDBigInteger done
Event: 1.175 Executing VM operation: G1CollectForAllocation
Event: 1.199 Executing VM operation: G1CollectForAllocation done
Event: 1.205 Executing VM operation: G1CollectForAllocation
Event: 1.217 Executing VM operation: G1CollectForAllocation done
Event: 1.311 Executing VM operation: G1CollectForAllocation
Event: 1.318 Executing VM operation: G1CollectForAllocation done


Dynamic libraries:
0x00007ff7bc080000 - 0x00007ff7bc08f000 	C:\Program Files\Java\jdk-15.0.1\bin\java.exe
0x00007ffec6130000 - 0x00007ffec631d000 	C:\Windows\SYSTEM32\ntdll.dll
0x00007ffec49c0000 - 0x00007ffec4a73000 	C:\Windows\System32\KERNEL32.DLL
0x00007ffec2560000 - 0x00007ffec27f5000 	C:\Windows\System32\KERNELBASE.dll
0x00007ffec28c0000 - 0x00007ffec29ba000 	C:\Windows\System32\ucrtbase.dll
0x00007ffeb0d70000 - 0x00007ffeb0d88000 	C:\Program Files\Java\jdk-15.0.1\bin\jli.dll
0x00007ffeb5bb0000 - 0x00007ffeb5bc9000 	C:\Program Files\Java\jdk-15.0.1\bin\VCRUNTIME140.dll
0x00007ffec3c30000 - 0x00007ffec3cd3000 	C:\Windows\System32\ADVAPI32.dll
0x00007ffec3730000 - 0x00007ffec37ce000 	C:\Windows\System32\msvcrt.dll
0x00007ffec37d0000 - 0x00007ffec386e000 	C:\Windows\System32\sechost.dll
0x00007ffec3d90000 - 0x00007ffec3eaf000 	C:\Windows\System32\RPCRT4.dll
0x00007ffec3510000 - 0x00007ffec36a7000 	C:\Windows\System32\USER32.dll
0x00007ffec2540000 - 0x00007ffec2560000 	C:\Windows\System32\win32u.dll
0x00007ffeaad10000 - 0x00007ffeaaf89000 	C:\Windows\WinSxS\amd64_microsoft.windows.common-controls_6595b64144ccf1df_6.0.17763.1935_none_de70702c534c0c76\COMCTL32.dll
0x00007ffec3cf0000 - 0x00007ffec3d19000 	C:\Windows\System32\GDI32.dll
0x00007ffec45c0000 - 0x00007ffec48ed000 	C:\Windows\System32\combase.dll
0x00007ffec3170000 - 0x00007ffec330c000 	C:\Windows\System32\gdi32full.dll
0x00007ffec2410000 - 0x00007ffec248f000 	C:\Windows\System32\bcryptPrimitives.dll
0x00007ffec2800000 - 0x00007ffec28a0000 	C:\Windows\System32\msvcp_win.dll
0x00007ffebcf20000 - 0x00007ffebcf2a000 	C:\Windows\SYSTEM32\VERSION.dll
0x00007ffec3ba0000 - 0x00007ffec3bce000 	C:\Windows\System32\IMM32.DLL
0x00007ffebfed0000 - 0x00007ffebfedc000 	C:\Program Files\Java\jdk-15.0.1\bin\vcruntime140_1.dll
0x00007ffe9f480000 - 0x00007ffe9f511000 	C:\Program Files\Java\jdk-15.0.1\bin\msvcp140.dll
0x00007ffe85e70000 - 0x00007ffe869ce000 	C:\Program Files\Java\jdk-15.0.1\bin\server\jvm.dll
0x00007ffec3ce0000 - 0x00007ffec3ce8000 	C:\Windows\System32\PSAPI.DLL
0x00007ffeac200000 - 0x00007ffeac209000 	C:\Windows\SYSTEM32\WSOCK32.dll
0x00007ffebfde0000 - 0x00007ffebfe04000 	C:\Windows\SYSTEM32\WINMM.dll
0x00007ffec3d20000 - 0x00007ffec3d8d000 	C:\Windows\System32\WS2_32.dll
0x00007ffebfcc0000 - 0x00007ffebfced000 	C:\Windows\SYSTEM32\WINMMBASE.dll
0x00007ffec3310000 - 0x00007ffec335a000 	C:\Windows\System32\cfgmgr32.dll
0x00007ffec21b0000 - 0x00007ffec21c1000 	C:\Windows\System32\kernel.appcore.dll
0x00007ffeba1c0000 - 0x00007ffeba1ca000 	C:\Program Files\Java\jdk-15.0.1\bin\jimage.dll
0x00007ffec09c0000 - 0x00007ffec0bad000 	C:\Windows\SYSTEM32\DBGHELP.DLL
0x00007ffeabf90000 - 0x00007ffeabfba000 	C:\Windows\SYSTEM32\dbgcore.DLL
0x00007ffeab760000 - 0x00007ffeab785000 	C:\Program Files\Java\jdk-15.0.1\bin\java.dll
0x00007ffec4a80000 - 0x00007ffec5f79000 	C:\Windows\System32\SHELL32.dll
0x00007ffec3a90000 - 0x00007ffec3b38000 	C:\Windows\System32\shcore.dll
0x00007ffec2a20000 - 0x00007ffec316b000 	C:\Windows\System32\windows.storage.dll
0x00007ffec2120000 - 0x00007ffec2144000 	C:\Windows\System32\profapi.dll
0x00007ffec2150000 - 0x00007ffec21ad000 	C:\Windows\System32\powrprof.dll
0x00007ffec4420000 - 0x00007ffec4472000 	C:\Windows\System32\shlwapi.dll
0x00007ffec28a0000 - 0x00007ffec28b7000 	C:\Windows\System32\cryptsp.dll
0x00007ffeaf560000 - 0x00007ffeaf579000 	C:\Program Files\Java\jdk-15.0.1\bin\net.dll
0x00007ffeb4d70000 - 0x00007ffeb4e6b000 	C:\Windows\SYSTEM32\WINHTTP.dll
0x00007ffec1960000 - 0x00007ffec19c7000 	C:\Windows\system32\mswsock.dll
0x00007ffea9840000 - 0x00007ffea9852000 	C:\Program Files\Java\jdk-15.0.1\bin\nio.dll
0x00007ffea9170000 - 0x00007ffea9188000 	C:\Program Files\Java\jdk-15.0.1\bin\zip.dll
0x00007ffeba050000 - 0x00007ffeba060000 	C:\Program Files\Java\jdk-15.0.1\bin\verify.dll

dbghelp: loaded successfully - version: 4.0.5 - missing functions: none
symbol engine: initialized successfully - sym options: 0x614 - pdb path: .;C:\Program Files\Java\jdk-15.0.1\bin;C:\Windows\SYSTEM32;C:\Windows\WinSxS\amd64_microsoft.windows.common-controls_6595b64144ccf1df_6.0.17763.1935_none_de70702c534c0c76;C:\Program Files\Java\jdk-15.0.1\bin\server

VM Arguments:
java_command: org.jetbrains.kotlin.cli.js.dce.K2JSDce @E:\java.kotlin\diploma\build\20210604_121939493510280465.compiler.options
java_class_path (initial): C:\Users\Roman\.gradle\caches\modules-2\files-2.1\org.jetbrains.kotlin\kotlin-compiler-embeddable\1.5.0\6e53e0ca3cf7eff1a4df71171c8f9604b983e1d6\kotlin-compiler-embeddable-1.5.0.jar;C:\Users\Roman\.gradle\caches\modules-2\files-2.1\org.jetbrains.kotlin\kotlin-reflect\1.5.0\47806fe8ed30dbdf9e697eda5e9c9a3905ff3363\kotlin-reflect-1.5.0.jar;C:\Users\Roman\.gradle\caches\modules-2\files-2.1\org.jetbrains.kotlin\kotlin-stdlib\1.5.0\29dae2501ca094416d15af0e21470cb634780444\kotlin-stdlib-1.5.0.jar;C:\Users\Roman\.gradle\caches\modules-2\files-2.1\org.jetbrains.kotlin\kotlin-script-runtime\1.5.0\a2d66828077376fc1851a6fdbf25865935f4101d\kotlin-script-runtime-1.5.0.jar;C:\Users\Roman\.gradle\caches\modules-2\files-2.1\org.jetbrains.kotlin\kotlin-daemon-embeddable\1.5.0\7f3567acfef59ff865a99a584d814bde87226dd5\kotlin-daemon-embeddable-1.5.0.jar;C:\Users\Roman\.gradle\caches\modules-2\files-2.1\org.jetbrains.intellij.deps\trove4j\1.0.20181211\216c2e14b070f334479d800987affe4054cd563f\trove4j-1.0.20181211.jar;C:\Users\Roman\.gradle\caches\modules-2\files-2.1\org.jetbrains\annotations\13.0\919f0dfe192fb4e063e7dacadee7f8bb9a2672a9\annotations-13.0.jar;C:\Users\Roman\.gradle\caches\modules-2\files-2.1\org.jetbrains.kotlin\kotlin-stdlib-common\1.5.0\4080d69efca5e39e9b4972f125e40f1607bd6460\kotlin-stdlib-common-1.5.0.jar
Launcher Type: SUN_STANDARD

[Global flags]
     intx CICompilerCount                          = 4                                         {product} {ergonomic}
     uint ConcGCThreads                            = 3                                         {product} {ergonomic}
     uint G1ConcRefinementThreads                  = 10                                        {product} {ergonomic}
   size_t G1HeapRegionSize                         = 2097152                                   {product} {ergonomic}
    uintx GCDrainStackTargetSize                   = 64                                        {product} {ergonomic}
   size_t InitialHeapSize                          = 266338304                                 {product} {ergonomic}
   size_t MarkStackSize                            = 4194304                                   {product} {ergonomic}
   size_t MaxHeapSize                              = 4255121408                                {product} {ergonomic}
   size_t MaxNewSize                               = 2552233984                                {product} {ergonomic}
   size_t MinHeapDeltaBytes                        = 2097152                                   {product} {ergonomic}
   size_t MinHeapSize                              = 8388608                                   {product} {ergonomic}
    uintx NonNMethodCodeHeapSize                   = 5839372                                {pd product} {ergonomic}
    uintx NonProfiledCodeHeapSize                  = 122909434                              {pd product} {ergonomic}
    uintx ProfiledCodeHeapSize                     = 122909434                              {pd product} {ergonomic}
    uintx ReservedCodeCacheSize                    = 251658240                              {pd product} {ergonomic}
     bool SegmentedCodeCache                       = true                                      {product} {ergonomic}
   size_t SoftMaxHeapSize                          = 4255121408                             {manageable} {ergonomic}
     bool UseCompressedClassPointers               = true                                 {lp64_product} {ergonomic}
     bool UseCompressedOops                        = true                                 {lp64_product} {ergonomic}
     bool UseG1GC                                  = true                                      {product} {ergonomic}
     bool UseLargePagesIndividualAllocation        = false                                  {pd product} {ergonomic}

Logging:
Log output configuration:
 #0: stdout all=warning uptime,level,tags
 #1: stderr all=off uptime,level,tags

Environment Variables:
JAVA_HOME=C:\Program Files\Java\jdk-15.0.1
PATH=C:\Program Files\Common Files\Oracle\Java\javapath;C:\Program Files (x86)\Common Files\Oracle\Java\javapath;C:\Windows\system32;C:\Windows;C:\Windows\System32\Wbem;C:\Windows\System32\WindowsPowerShell\v1.0\;C:\Windows\System32\OpenSSH\;C:\Program Files (x86)\NVIDIA Corporation\PhysX\Common;C:\Program Files\NVIDIA Corporation\NVIDIA NvDLISR;C:\Program Files (x86)\Graphviz2.38\bin;C:\Javalib;C:\TDM-GCC-64\bin;C:\Program Files\nodejs\;C:\ProgramData\chocolatey\bin;C:\Program Files\CMake\bin;C:\adb;C:\Program Files\PuTTY\;C:\Program Files\dotnet\;C:\Program Files\Microsoft SQL Server\130\Tools\Binn\;C:\Program Files\Microsoft SQL Server\Client SDK\ODBC\170\Tools\Binn\;C:\Program Files\Git\cmd;C:\spring-2.4.2\bin;C:\Program Files\Go\bin;C:\Users\Roman\AppData\Local\Programs\Python\Python38\Scripts\;C:\Users\Roman\AppData\Local\Programs\Python\Python38\;C:\Users\Roman\AppData\Local\Microsoft\WindowsApps;C:\Users\Roman\AppData\Local\Programs\Microsoft VS Code\bin;C:\Users\Roman\AppData\Local\GitHubDesktop\bin;C:\Program Files\JetBrains\PyCharm 2019.2\bin;;C:\Program Files\JetBrains\CLion 2020.2.4\bin;;C:\Users\Roman\AppData\Roaming\npm;E:\IntelliJ IDEA Community Edition 2020.1.2\bin;;C:\Program Files\JetBrains\WebStorm 2020.2.3\bin;;C:\Users\Roman\.dotnet\tools;C:\Program Files\apache-maven-3.6.3\bin;C:\Program Files\Java\jdk-15.0.1\bin;C:\spring-2.4.2\bin;;C:\Program Files\JetBrains\IntelliJ IDEA 2020.3.2\bin;;C:\Users\Roman\go\bin;E:\tex\texlive\2020\bin\win32;C:\Program Files\heroku\bin
USERNAME=Roman
OS=Windows_NT
PROCESSOR_IDENTIFIER=Intel64 Family 6 Model 158 Stepping 10, GenuineIntel



---------------  S Y S T E M  ---------------

OS:
 Windows 10 , 64 bit Build 17763 (10.0.17763.1879)
OS uptime: 7 days 0:10 hours

CPU: total 12 (initial active 12) (6 cores per cpu, 2 threads per core) family 6 model 158 stepping 10 microcode 0xde, cmov, cx8, fxsr, mmx, sse, sse2, sse3, ssse3, sse4.1, sse4.2, popcnt, vzeroupper, avx, avx2, aes, clmul, erms, 3dnowpref, lzcnt, ht, tsc, tscinvbit, bmi1, bmi2, adx, fma, clflush, clflushopt

Memory: 4k page, system-wide physical 16224M (5708M free)
TotalPageFile size 18272M (AvailPageFile size 1M)
current process WorkingSet (physical memory assigned to process): 401M, peak: 401M
current process commit charge ("private bytes"): 617M, peak: 621M

vm_info: Java HotSpot(TM) 64-Bit Server VM (15.0.1+9-18) for windows-amd64 JRE (15.0.1+9-18), built on Sep 15 2020 14:43:54 by "mach5one" with unknown MS VC++:1925

END.
