#
# There is insufficient memory for the Java Runtime Environment to continue.
# Native memory allocation (mmap) failed to map 419430400 bytes for G1 virtual space
# Possible reasons:
#   The system is out of physical RAM or swap space
#   The process is running with CompressedOops enabled, and the Java Heap may be blocking the growth of the native heap
# Possible solutions:
#   Reduce memory load on the system
#   Increase physical memory or swap space
#   Check if swap backing store is full
#   Decrease Java heap size (-Xmx/-Xms)
#   Decrease number of Java threads
#   Decrease Java thread stack sizes (-Xss)
#   Set larger code cache with -XX:ReservedCodeCacheSize=
#   JVM is running with Zero Based Compressed Oops mode in which the Java heap is
#     placed in the first 32GB address space. The Java Heap base address is the
#     maximum limit for the native heap growth. Please use -XX:HeapBaseMinAddress
#     to set the Java Heap base and to place the Java Heap above 32GB virtual address.
# This output file may be truncated or incomplete.
#
#  Out of Memory Error (./open/src/hotspot/os/windows/os_windows.cpp:3472), pid=10308, tid=5784
#
# JRE version: Java(TM) SE Runtime Environment (15.0.1+9) (build 15.0.1+9-18)
# Java VM: Java HotSpot(TM) 64-Bit Server VM (15.0.1+9-18, mixed mode, sharing, tiered, compressed oops, g1 gc, windows-amd64)
# No core dump will be written. Minidumps are not enabled by default on client versions of Windows
#

---------------  S U M M A R Y ------------

Command Line: org.jetbrains.kotlin.cli.js.dce.K2JSDce @E:\java.kotlin\diploma\build\20210604_14144905823872420067.compiler.options

Host: Intel(R) Core(TM) i7-8750H CPU @ 2.20GHz, 12 cores, 15G,  Windows 10 , 64 bit Build 17763 (10.0.17763.1879)
Time: Fri Jun  4 11:18:42 2021 West Asia Standard Time elapsed time: 2.438812 seconds (0d 0h 0m 2s)

---------------  T H R E A D  ---------------

Current thread (0x00000213c9889b10):  VMThread "VM Thread" [stack: 0x000000ca62f00000,0x000000ca63000000] [id=5784]

Stack: [0x000000ca62f00000,0x000000ca63000000]
[error occurred during error reporting (printing stack bounds), id 0xc0000005, EXCEPTION_ACCESS_VIOLATION (0xc0000005) at pc=0x00000213ae0310ad]

Native frames: (J=compiled Java code, j=interpreted, Vv=VM code, C=native code)
V  [jvm.dll+0x62ae9a]
V  [jvm.dll+0x781389]
V  [jvm.dll+0x782ae3]
V  [jvm.dll+0x7830a5]
V  [jvm.dll+0x78305b]
V  [jvm.dll+0x62a2b9]
V  [jvm.dll+0x62aa88]
C  [ntdll.dll+0xa4a2f]
C  [ntdll.dll+0x4cef]
C  [ntdll.dll+0xa379e]
C  0x00000213ae0310ad

VM_Operation (0x000000ca629fd3b0): G1TryInitiateConcMark, mode: safepoint, requested by thread 0x00000213a5e08840


---------------  P R O C E S S  ---------------

Threads class SMR info:
_java_thread_list=0x00000213ca2867c0, length=13, elements={
0x00000213a5e08840, 0x00000213c988b290, 0x00000213c988bd60, 0x00000213c98a6bc0,
0x00000213c98a9490, 0x00000213c98aae50, 0x00000213c98abbe0, 0x00000213c98ad690,
0x00000213ca171f70, 0x00000213ca27bbc0, 0x00000213ca2a0ae0, 0x00000213ca2cbc30,
0x00000213ca2cc1f0
}

Java Threads: ( => current thread )
  0x00000213a5e08840 JavaThread "main" [_thread_blocked, id=8832, stack(0x000000ca62900000,0x000000ca62a00000)]
  0x00000213c988b290 JavaThread "Reference Handler" daemon [_thread_blocked, id=14424, stack(0x000000ca63000000,0x000000ca63100000)]
  0x00000213c988bd60 JavaThread "Finalizer" daemon [_thread_blocked, id=11468, stack(0x000000ca63100000,0x000000ca63200000)]
  0x00000213c98a6bc0 JavaThread "Signal Dispatcher" daemon [_thread_blocked, id=18732, stack(0x000000ca63200000,0x000000ca63300000)]
  0x00000213c98a9490 JavaThread "Attach Listener" daemon [_thread_blocked, id=15960, stack(0x000000ca63300000,0x000000ca63400000)]
  0x00000213c98aae50 JavaThread "Service Thread" daemon [_thread_blocked, id=8600, stack(0x000000ca63400000,0x000000ca63500000)]
  0x00000213c98abbe0 JavaThread "C2 CompilerThread0" daemon [_thread_in_native, id=17568, stack(0x000000ca63500000,0x000000ca63600000)]
  0x00000213c98ad690 JavaThread "C1 CompilerThread0" daemon [_thread_blocked, id=12020, stack(0x000000ca63600000,0x000000ca63700000)]
  0x00000213ca171f70 JavaThread "Sweeper thread" daemon [_thread_blocked, id=2184, stack(0x000000ca63700000,0x000000ca63800000)]
  0x00000213ca27bbc0 JavaThread "Notification Thread" daemon [_thread_blocked, id=7792, stack(0x000000ca63800000,0x000000ca63900000)]
  0x00000213ca2a0ae0 JavaThread "Common-Cleaner" daemon [_thread_blocked, id=6332, stack(0x000000ca63a00000,0x000000ca63b00000)]
  0x00000213ca2cbc30 JavaThread "C2 CompilerThread1" daemon [_thread_in_native, id=12140, stack(0x000000ca63b00000,0x000000ca63c00000)]
  0x00000213ca2cc1f0 JavaThread "C2 CompilerThread2" daemon [_thread_in_native, id=4680, stack(0x000000ca63c00000,0x000000ca63d00000)]

Other Threads:
=>0x00000213c9889b10 VMThread "VM Thread" [stack: 0x000000ca62f00000,0x000000ca63000000] [id=5784]
  0x00000213ca28c0d0 WatcherThread [stack: 0x000000ca63900000,0x000000ca63a00000] [id=4708]
  0x00000213a5e5a7d0 GCTaskThread "GC Thread#0" [stack: 0x000000ca62a00000,0x000000ca62b00000] [id=14756]
  0x00000213ca447770 GCTaskThread "GC Thread#1" [stack: 0x000000ca63d00000,0x000000ca63e00000] [id=15912]
  0x00000213ca44a740 GCTaskThread "GC Thread#2" [stack: 0x000000ca63e00000,0x000000ca63f00000] [id=18008]
  0x00000213ca447aa0 GCTaskThread "GC Thread#3" [stack: 0x000000ca63f00000,0x000000ca64000000] [id=14036]
  0x00000213ca449420 GCTaskThread "GC Thread#4" [stack: 0x000000ca64000000,0x000000ca64100000] [id=9428]
  0x00000213ca447dd0 GCTaskThread "GC Thread#5" [stack: 0x000000ca64100000,0x000000ca64200000] [id=1984]
  0x00000213ca44a0e0 GCTaskThread "GC Thread#6" [stack: 0x000000ca64a00000,0x000000ca64b00000] [id=2460]
  0x00000213ca4490f0 GCTaskThread "GC Thread#7" [stack: 0x000000ca64b00000,0x000000ca64c00000] [id=10920]
  0x00000213ca448760 GCTaskThread "GC Thread#8" [stack: 0x000000ca64c00000,0x000000ca64d00000] [id=17596]
  0x00000213a5e6c5c0 ConcurrentGCThread "G1 Main Marker" [stack: 0x000000ca62b00000,0x000000ca62c00000] [id=17880]
  0x00000213a5e6d0b0 ConcurrentGCThread "G1 Conc#0" [stack: 0x000000ca62c00000,0x000000ca62d00000] [id=14412]
  0x00000213c9780b40 ConcurrentGCThread "G1 Refine#0" [stack: 0x000000ca62d00000,0x000000ca62e00000] [id=16688]
  0x00000213cbed6ce0 ConcurrentGCThread "G1 Refine#1" [stack: 0x000000ca64200000,0x000000ca64300000] [id=13084]
  0x00000213cbaa7020 ConcurrentGCThread "G1 Refine#2" [stack: 0x000000ca64300000,0x000000ca64400000] [id=484]
  0x00000213cc6c7b20 ConcurrentGCThread "G1 Refine#3" [stack: 0x000000ca64400000,0x000000ca64500000] [id=13712]
  0x00000213cc109630 ConcurrentGCThread "G1 Refine#4" [stack: 0x000000ca64500000,0x000000ca64600000] [id=17236]
  0x00000213cb79a320 ConcurrentGCThread "G1 Refine#5" [stack: 0x000000ca64600000,0x000000ca64700000] [id=3052]
  0x00000213cb79a680 ConcurrentGCThread "G1 Refine#6" [stack: 0x000000ca64700000,0x000000ca64800000] [id=5624]
  0x00000213cc00c6e0 ConcurrentGCThread "G1 Refine#7" [stack: 0x000000ca64800000,0x000000ca64900000] [id=1432]
  0x00000213cb2e7ac0 ConcurrentGCThread "G1 Refine#8" [stack: 0x000000ca64900000,0x000000ca64a00000] [id=4112]
  0x00000213d0fd6320 ConcurrentGCThread "G1 Refine#9" [stack: 0x000000ca64d00000,0x000000ca64e00000] [id=18000]
  0x00000213c9781640 ConcurrentGCThread "G1 Young RemSet Sampling" [stack: 0x000000ca62e00000,0x000000ca62f00000] [id=10292]

Threads with active compile tasks:
C2 CompilerThread0     2449 1582       4       org.jetbrains.kotlin.com.google.gwt.dev.js.JsAstMapper::mapWithoutLocation (1015 bytes)
C2 CompilerThread1     2449 1548       4       org.jetbrains.kotlin.com.google.gwt.dev.js.rhino.Parser::memberExpr (126 bytes)
C2 CompilerThread2     2449 1541       4       org.jetbrains.kotlin.com.google.gwt.dev.js.rhino.Parser::unaryExpr (291 bytes)

VM state: at safepoint (normal execution)

VM Mutex/Monitor currently owned by a thread:  ([mutex/lock_event])
[0x00000213a5e04ea0] Threads_lock - owner thread: 0x00000213c9889b10
[0x00000213a5e05e60] Heap_lock - owner thread: 0x00000213a5e08840

Heap address: 0x0000000702600000, size: 4058 MB, Compressed Oops mode: Zero based, Oop shift amount: 3
CDS archive(s) mapped at: [0x0000000800000000-0x0000000800b50000-0x0000000800b50000), size 11862016, SharedBaseAddress: 0x0000000800000000, ArchiveRelocationMode: 0.
Compressed class space mapped at: 0x0000000800b50000-0x0000000840b50000, size: 1073741824
Narrow klass base: 0x0000000800000000, Narrow klass shift: 3, Narrow klass range: 0x100000000

GC Precious Log:
 CPUs: 12 total, 12 available
 Memory: 16224M
 Large Page Support: Disabled
 NUMA Support: Disabled
 Compressed Oops: Enabled (Zero based)
 Heap Region Size: 2M
 Heap Min Capacity: 8M
 Heap Initial Capacity: 254M
 Heap Max Capacity: 4058M
 Pre-touch: Disabled
 Parallel Workers: 10
 Concurrent Workers: 3
 Concurrent Refinement Workers: 10
 Periodic GC: Disabled

Heap:
 garbage-first heap   total 819200K, used 181190K [0x0000000702600000, 0x0000000800000000)
  region size 2048K, 3 young (6144K), 3 survivors (6144K)
 Metaspace       used 11113K, capacity 13982K, committed 14208K, reserved 1062912K
  class space    used 1079K, capacity 1358K, committed 1408K, reserved 1048576K

Heap Regions: E=young(eden), S=young(survivor), O=old, HS=humongous(starts), HC=humongous(continues), CS=collection set, F=free, OA=open archive, CA=closed archive, TAMS=top-at-mark-start (previous, next)
|   0|0x0000000702600000, 0x0000000702800000, 0x0000000702800000|100%|HS|  |TAMS 0x0000000702600000, 0x0000000702800000| Complete 
|   1|0x0000000702800000, 0x0000000702a00000, 0x0000000702a00000|100%|HC|  |TAMS 0x0000000702800000, 0x0000000702a00000| Complete 
|   2|0x0000000702a00000, 0x0000000702c00000, 0x0000000702c00000|100%| O|  |TAMS 0x0000000702a00000, 0x0000000702c00000| Untracked 
|   3|0x0000000702c00000, 0x0000000702e00000, 0x0000000702e00000|100%| O|  |TAMS 0x0000000702c00000, 0x0000000702e00000| Untracked 
|   4|0x0000000702e00000, 0x0000000703000000, 0x0000000703000000|100%| O|  |TAMS 0x0000000702e00000, 0x0000000703000000| Untracked 
|   5|0x0000000703000000, 0x0000000703200000, 0x0000000703200000|100%| O|  |TAMS 0x0000000703000000, 0x0000000703200000| Untracked 
|   6|0x0000000703200000, 0x0000000703400000, 0x0000000703400000|100%| O|  |TAMS 0x0000000703200000, 0x0000000703400000| Untracked 
|   7|0x0000000703400000, 0x0000000703600000, 0x0000000703600000|100%|HS|  |TAMS 0x0000000703400000, 0x0000000703600000| Complete 
|   8|0x0000000703600000, 0x0000000703800000, 0x0000000703800000|100%|HC|  |TAMS 0x0000000703600000, 0x0000000703800000| Complete 
|   9|0x0000000703800000, 0x0000000703a00000, 0x0000000703a00000|100%| O|  |TAMS 0x0000000703800000, 0x0000000703a00000| Untracked 
|  10|0x0000000703a00000, 0x0000000703c00000, 0x0000000703c00000|100%| O|  |TAMS 0x0000000703a00000, 0x0000000703c00000| Untracked 
|  11|0x0000000703c00000, 0x0000000703e00000, 0x0000000703e00000|100%| O|  |TAMS 0x0000000703c00000, 0x0000000703e00000| Untracked 
|  12|0x0000000703e00000, 0x0000000704000000, 0x0000000704000000|100%| O|  |TAMS 0x0000000703e00000, 0x0000000704000000| Untracked 
|  13|0x0000000704000000, 0x0000000704200000, 0x0000000704200000|100%| O|  |TAMS 0x0000000704000000, 0x0000000704200000| Untracked 
|  14|0x0000000704200000, 0x0000000704400000, 0x0000000704400000|100%| O|  |TAMS 0x0000000704200000, 0x0000000704400000| Untracked 
|  15|0x0000000704400000, 0x0000000704600000, 0x0000000704600000|100%| O|  |TAMS 0x0000000704400000, 0x0000000704600000| Untracked 
|  16|0x0000000704600000, 0x0000000704800000, 0x0000000704800000|100%| O|  |TAMS 0x0000000704600000, 0x0000000704800000| Untracked 
|  17|0x0000000704800000, 0x0000000704a00000, 0x0000000704a00000|100%| O|  |TAMS 0x0000000704800000, 0x0000000704a00000| Untracked 
|  18|0x0000000704a00000, 0x0000000704c00000, 0x0000000704c00000|100%| O|  |TAMS 0x0000000704a00000, 0x0000000704c00000| Untracked 
|  19|0x0000000704c00000, 0x0000000704e00000, 0x0000000704e00000|100%| O|  |TAMS 0x0000000704c00000, 0x0000000704e00000| Untracked 
|  20|0x0000000704e00000, 0x0000000705000000, 0x0000000705000000|100%| O|  |TAMS 0x0000000704e00000, 0x0000000705000000| Untracked 
|  21|0x0000000705000000, 0x0000000705200000, 0x0000000705200000|100%| O|  |TAMS 0x0000000705000000, 0x0000000705200000| Untracked 
|  22|0x0000000705200000, 0x0000000705400000, 0x0000000705400000|100%| O|  |TAMS 0x0000000705200000, 0x0000000705400000| Untracked 
|  23|0x0000000705400000, 0x0000000705600000, 0x0000000705600000|100%| O|  |TAMS 0x0000000705400000, 0x0000000705600000| Untracked 
|  24|0x0000000705600000, 0x0000000705800000, 0x0000000705800000|100%| O|  |TAMS 0x0000000705600000, 0x0000000705800000| Untracked 
|  25|0x0000000705800000, 0x0000000705a00000, 0x0000000705a00000|100%| O|  |TAMS 0x0000000705800000, 0x0000000705a00000| Untracked 
|  26|0x0000000705a00000, 0x0000000705c00000, 0x0000000705c00000|100%| O|  |TAMS 0x0000000705a00000, 0x0000000705c00000| Untracked 
|  27|0x0000000705c00000, 0x0000000705e00000, 0x0000000705e00000|100%| O|  |TAMS 0x0000000705c00000, 0x0000000705e00000| Untracked 
|  28|0x0000000705e00000, 0x0000000706000000, 0x0000000706000000|100%| O|  |TAMS 0x0000000705e00000, 0x0000000706000000| Untracked 
|  29|0x0000000706000000, 0x0000000706200000, 0x0000000706200000|100%| O|  |TAMS 0x0000000706000000, 0x0000000706200000| Untracked 
|  30|0x0000000706200000, 0x0000000706400000, 0x0000000706400000|100%| O|  |TAMS 0x0000000706200000, 0x0000000706400000| Untracked 
|  31|0x0000000706400000, 0x0000000706600000, 0x0000000706600000|100%| O|  |TAMS 0x0000000706400000, 0x0000000706600000| Untracked 
|  32|0x0000000706600000, 0x0000000706800000, 0x0000000706800000|100%|HS|  |TAMS 0x0000000706600000, 0x0000000706800000| Complete 
|  33|0x0000000706800000, 0x0000000706a00000, 0x0000000706a00000|100%| O|  |TAMS 0x0000000706800000, 0x0000000706a00000| Untracked 
|  34|0x0000000706a00000, 0x0000000706c00000, 0x0000000706c00000|100%| O|  |TAMS 0x0000000706a00000, 0x0000000706c00000| Untracked 
|  35|0x0000000706c00000, 0x0000000706e00000, 0x0000000706e00000|100%| O|  |TAMS 0x0000000706c00000, 0x0000000706e00000| Untracked 
|  36|0x0000000706e00000, 0x0000000707000000, 0x0000000707000000|100%| O|  |TAMS 0x0000000706e00000, 0x0000000707000000| Untracked 
|  37|0x0000000707000000, 0x0000000707200000, 0x0000000707200000|100%| O|  |TAMS 0x0000000707000000, 0x0000000707200000| Untracked 
|  38|0x0000000707200000, 0x0000000707400000, 0x0000000707400000|100%| O|  |TAMS 0x0000000707200000, 0x0000000707400000| Untracked 
|  39|0x0000000707400000, 0x0000000707600000, 0x0000000707600000|100%| O|  |TAMS 0x0000000707400000, 0x0000000707600000| Untracked 
|  40|0x0000000707600000, 0x0000000707800000, 0x0000000707800000|100%| O|  |TAMS 0x0000000707600000, 0x0000000707800000| Untracked 
|  41|0x0000000707800000, 0x0000000707a00000, 0x0000000707a00000|100%| O|  |TAMS 0x0000000707800000, 0x0000000707a00000| Untracked 
|  42|0x0000000707a00000, 0x0000000707c00000, 0x0000000707c00000|100%| O|  |TAMS 0x0000000707a00000, 0x0000000707c00000| Untracked 
|  43|0x0000000707c00000, 0x0000000707e00000, 0x0000000707e00000|100%| O|  |TAMS 0x0000000707c00000, 0x0000000707e00000| Untracked 
|  44|0x0000000707e00000, 0x0000000708000000, 0x0000000708000000|100%| O|  |TAMS 0x0000000707e00000, 0x0000000708000000| Untracked 
|  45|0x0000000708000000, 0x0000000708200000, 0x0000000708200000|100%| O|  |TAMS 0x0000000708000000, 0x0000000708200000| Untracked 
|  46|0x0000000708200000, 0x0000000708400000, 0x0000000708400000|100%| O|  |TAMS 0x0000000708200000, 0x0000000708400000| Untracked 
|  47|0x0000000708400000, 0x0000000708600000, 0x0000000708600000|100%| O|  |TAMS 0x0000000708400000, 0x0000000708600000| Untracked 
|  48|0x0000000708600000, 0x0000000708800000, 0x0000000708800000|100%| O|  |TAMS 0x0000000708600000, 0x0000000708800000| Untracked 
|  49|0x0000000708800000, 0x0000000708a00000, 0x0000000708a00000|100%| O|  |TAMS 0x0000000708800000, 0x0000000708a00000| Untracked 
|  50|0x0000000708a00000, 0x0000000708c00000, 0x0000000708c00000|100%| O|  |TAMS 0x0000000708a00000, 0x0000000708c00000| Untracked 
|  51|0x0000000708c00000, 0x0000000708e00000, 0x0000000708e00000|100%| O|  |TAMS 0x0000000708c00000, 0x0000000708e00000| Untracked 
|  52|0x0000000708e00000, 0x0000000709000000, 0x0000000709000000|100%| O|  |TAMS 0x0000000708e00000, 0x0000000709000000| Untracked 
|  53|0x0000000709000000, 0x0000000709200000, 0x0000000709200000|100%| O|  |TAMS 0x0000000709000000, 0x0000000709200000| Untracked 
|  54|0x0000000709200000, 0x0000000709400000, 0x0000000709400000|100%| O|  |TAMS 0x0000000709200000, 0x0000000709400000| Untracked 
|  55|0x0000000709400000, 0x0000000709600000, 0x0000000709600000|100%| O|  |TAMS 0x0000000709400000, 0x0000000709600000| Untracked 
|  56|0x0000000709600000, 0x0000000709800000, 0x0000000709800000|100%| O|  |TAMS 0x0000000709600000, 0x0000000709800000| Untracked 
|  57|0x0000000709800000, 0x0000000709a00000, 0x0000000709a00000|100%| O|  |TAMS 0x0000000709800000, 0x0000000709a00000| Untracked 
|  58|0x0000000709a00000, 0x0000000709c00000, 0x0000000709c00000|100%| O|  |TAMS 0x0000000709a00000, 0x0000000709c00000| Untracked 
|  59|0x0000000709c00000, 0x0000000709e00000, 0x0000000709e00000|100%| O|  |TAMS 0x0000000709c00000, 0x0000000709e00000| Untracked 
|  60|0x0000000709e00000, 0x000000070a000000, 0x000000070a000000|100%| O|  |TAMS 0x0000000709e00000, 0x000000070a000000| Untracked 
|  61|0x000000070a000000, 0x000000070a200000, 0x000000070a200000|100%| O|  |TAMS 0x000000070a000000, 0x000000070a200000| Untracked 
|  62|0x000000070a200000, 0x000000070a400000, 0x000000070a400000|100%| O|  |TAMS 0x000000070a200000, 0x000000070a400000| Untracked 
|  63|0x000000070a400000, 0x000000070a600000, 0x000000070a600000|100%| O|  |TAMS 0x000000070a400000, 0x000000070a600000| Untracked 
|  64|0x000000070a600000, 0x000000070a800000, 0x000000070a800000|100%| O|  |TAMS 0x000000070a600000, 0x000000070a800000| Untracked 
|  65|0x000000070a800000, 0x000000070aa00000, 0x000000070aa00000|100%| O|  |TAMS 0x000000070a800000, 0x000000070aa00000| Untracked 
|  66|0x000000070aa00000, 0x000000070ac00000, 0x000000070ac00000|100%| O|  |TAMS 0x000000070aa00000, 0x000000070ac00000| Untracked 
|  67|0x000000070ac00000, 0x000000070ae00000, 0x000000070ae00000|100%| O|  |TAMS 0x000000070ac00000, 0x000000070ae00000| Untracked 
|  68|0x000000070ae00000, 0x000000070b000000, 0x000000070b000000|100%| O|  |TAMS 0x000000070ae00000, 0x000000070b000000| Untracked 
|  69|0x000000070b000000, 0x000000070b200000, 0x000000070b200000|100%| O|  |TAMS 0x000000070b000000, 0x000000070b200000| Untracked 
|  70|0x000000070b200000, 0x000000070b400000, 0x000000070b400000|100%| O|  |TAMS 0x000000070b200000, 0x000000070b400000| Untracked 
|  71|0x000000070b400000, 0x000000070b600000, 0x000000070b600000|100%| O|  |TAMS 0x000000070b400000, 0x000000070b600000| Untracked 
|  72|0x000000070b600000, 0x000000070b800000, 0x000000070b800000|100%| O|  |TAMS 0x000000070b600000, 0x000000070b800000| Untracked 
|  73|0x000000070b800000, 0x000000070ba00000, 0x000000070ba00000|100%| O|  |TAMS 0x000000070b800000, 0x000000070ba00000| Untracked 
|  74|0x000000070ba00000, 0x000000070bc00000, 0x000000070bc00000|100%| O|  |TAMS 0x000000070ba00000, 0x000000070bc00000| Untracked 
|  75|0x000000070bc00000, 0x000000070be00000, 0x000000070be00000|100%| O|  |TAMS 0x000000070bc00000, 0x000000070be00000| Untracked 
|  76|0x000000070be00000, 0x000000070c000000, 0x000000070c000000|100%| O|  |TAMS 0x000000070be00000, 0x000000070c000000| Untracked 
|  77|0x000000070c000000, 0x000000070c200000, 0x000000070c200000|100%| O|  |TAMS 0x000000070c000000, 0x000000070c200000| Untracked 
|  78|0x000000070c200000, 0x000000070c400000, 0x000000070c400000|100%| O|  |TAMS 0x000000070c200000, 0x000000070c284000| Untracked 
|  79|0x000000070c400000, 0x000000070c400000, 0x000000070c600000|  0%| F|  |TAMS 0x000000070c400000, 0x000000070c400000| Untracked 
|  80|0x000000070c600000, 0x000000070c600000, 0x000000070c800000|  0%| F|  |TAMS 0x000000070c600000, 0x000000070c600000| Untracked 
|  81|0x000000070c800000, 0x000000070c800000, 0x000000070ca00000|  0%| F|  |TAMS 0x000000070c800000, 0x000000070c800000| Untracked 
|  82|0x000000070ca00000, 0x000000070ca00000, 0x000000070cc00000|  0%| F|  |TAMS 0x000000070ca00000, 0x000000070ca00000| Untracked 
|  83|0x000000070cc00000, 0x000000070cc00000, 0x000000070ce00000|  0%| F|  |TAMS 0x000000070cc00000, 0x000000070cc00000| Untracked 
|  84|0x000000070ce00000, 0x000000070ce00000, 0x000000070d000000|  0%| F|  |TAMS 0x000000070ce00000, 0x000000070ce00000| Untracked 
|  85|0x000000070d000000, 0x000000070d000000, 0x000000070d200000|  0%| F|  |TAMS 0x000000070d000000, 0x000000070d000000| Untracked 
|  86|0x000000070d200000, 0x000000070d200000, 0x000000070d400000|  0%| F|  |TAMS 0x000000070d200000, 0x000000070d200000| Untracked 
|  87|0x000000070d400000, 0x000000070d600000, 0x000000070d600000|100%|HS|  |TAMS 0x000000070d400000, 0x000000070d600000| Complete 
|  88|0x000000070d600000, 0x000000070d800000, 0x000000070d800000|100%|HC|  |TAMS 0x000000070d600000, 0x000000070d800000| Complete 
|  89|0x000000070d800000, 0x000000070da00000, 0x000000070da00000|100%| O|  |TAMS 0x000000070d800000, 0x000000070d800000| Untracked 
|  90|0x000000070da00000, 0x000000070dc00000, 0x000000070dc00000|100%| O|  |TAMS 0x000000070da00000, 0x000000070da00000| Untracked 
|  91|0x000000070dc00000, 0x000000070de00000, 0x000000070de00000|100%| O|  |TAMS 0x000000070dc00000, 0x000000070dc00000| Untracked 
|  92|0x000000070de00000, 0x000000070e000000, 0x000000070e000000|100%| O|  |TAMS 0x000000070de00000, 0x000000070de00000| Untracked 
|  93|0x000000070e000000, 0x000000070e1f3600, 0x000000070e200000| 97%| O|  |TAMS 0x000000070e000000, 0x000000070e000000| Untracked 
|  94|0x000000070e200000, 0x000000070e200000, 0x000000070e400000|  0%| F|  |TAMS 0x000000070e200000, 0x000000070e200000| Untracked 
|  95|0x000000070e400000, 0x000000070e400000, 0x000000070e600000|  0%| F|  |TAMS 0x000000070e400000, 0x000000070e400000| Untracked 
|  96|0x000000070e600000, 0x000000070e600000, 0x000000070e800000|  0%| F|  |TAMS 0x000000070e600000, 0x000000070e600000| Untracked 
|  97|0x000000070e800000, 0x000000070e800000, 0x000000070ea00000|  0%| F|  |TAMS 0x000000070e800000, 0x000000070e800000| Untracked 
|  98|0x000000070ea00000, 0x000000070ea00000, 0x000000070ec00000|  0%| F|  |TAMS 0x000000070ea00000, 0x000000070ea00000| Untracked 
|  99|0x000000070ec00000, 0x000000070ec00000, 0x000000070ee00000|  0%| F|  |TAMS 0x000000070ec00000, 0x000000070ec00000| Untracked 
| 100|0x000000070ee00000, 0x000000070ee00000, 0x000000070f000000|  0%| F|  |TAMS 0x000000070ee00000, 0x000000070ee00000| Untracked 
| 101|0x000000070f000000, 0x000000070f000000, 0x000000070f200000|  0%| F|  |TAMS 0x000000070f000000, 0x000000070f000000| Untracked 
| 102|0x000000070f200000, 0x000000070f200000, 0x000000070f400000|  0%| F|  |TAMS 0x000000070f200000, 0x000000070f200000| Untracked 
| 103|0x000000070f400000, 0x000000070f400000, 0x000000070f600000|  0%| F|  |TAMS 0x000000070f400000, 0x000000070f400000| Untracked 
| 104|0x000000070f600000, 0x000000070f600000, 0x000000070f800000|  0%| F|  |TAMS 0x000000070f600000, 0x000000070f600000| Untracked 
| 105|0x000000070f800000, 0x000000070f800000, 0x000000070fa00000|  0%| F|  |TAMS 0x000000070f800000, 0x000000070f800000| Untracked 
| 106|0x000000070fa00000, 0x000000070fa00000, 0x000000070fc00000|  0%| F|  |TAMS 0x000000070fa00000, 0x000000070fa00000| Untracked 
| 107|0x000000070fc00000, 0x000000070fc00000, 0x000000070fe00000|  0%| F|  |TAMS 0x000000070fc00000, 0x000000070fc00000| Untracked 
| 108|0x000000070fe00000, 0x000000070fe00000, 0x0000000710000000|  0%| F|  |TAMS 0x000000070fe00000, 0x000000070fe00000| Untracked 
| 109|0x0000000710000000, 0x0000000710000000, 0x0000000710200000|  0%| F|  |TAMS 0x0000000710000000, 0x0000000710000000| Untracked 
| 110|0x0000000710200000, 0x0000000710200000, 0x0000000710400000|  0%| F|  |TAMS 0x0000000710200000, 0x0000000710200000| Untracked 
| 111|0x0000000710400000, 0x0000000710400000, 0x0000000710600000|  0%| F|  |TAMS 0x0000000710400000, 0x0000000710400000| Untracked 
| 112|0x0000000710600000, 0x0000000710600000, 0x0000000710800000|  0%| F|  |TAMS 0x0000000710600000, 0x0000000710600000| Untracked 
| 113|0x0000000710800000, 0x0000000710800000, 0x0000000710a00000|  0%| F|  |TAMS 0x0000000710800000, 0x0000000710800000| Untracked 
| 114|0x0000000710a00000, 0x0000000710a00000, 0x0000000710c00000|  0%| F|  |TAMS 0x0000000710a00000, 0x0000000710a00000| Untracked 
| 115|0x0000000710c00000, 0x0000000710c00000, 0x0000000710e00000|  0%| F|  |TAMS 0x0000000710c00000, 0x0000000710c00000| Untracked 
| 116|0x0000000710e00000, 0x0000000710e00000, 0x0000000711000000|  0%| F|  |TAMS 0x0000000710e00000, 0x0000000710e00000| Untracked 
| 117|0x0000000711000000, 0x0000000711000000, 0x0000000711200000|  0%| F|  |TAMS 0x0000000711000000, 0x0000000711000000| Untracked 
| 118|0x0000000711200000, 0x0000000711200000, 0x0000000711400000|  0%| F|  |TAMS 0x0000000711200000, 0x0000000711200000| Untracked 
| 119|0x0000000711400000, 0x0000000711400000, 0x0000000711600000|  0%| F|  |TAMS 0x0000000711400000, 0x0000000711400000| Untracked 
| 120|0x0000000711600000, 0x0000000711600000, 0x0000000711800000|  0%| F|  |TAMS 0x0000000711600000, 0x0000000711600000| Untracked 
| 121|0x0000000711800000, 0x0000000711800000, 0x0000000711a00000|  0%| F|  |TAMS 0x0000000711800000, 0x0000000711800000| Untracked 
| 122|0x0000000711a00000, 0x0000000711a00000, 0x0000000711c00000|  0%| F|  |TAMS 0x0000000711a00000, 0x0000000711a00000| Untracked 
| 123|0x0000000711c00000, 0x0000000711c00000, 0x0000000711e00000|  0%| F|  |TAMS 0x0000000711c00000, 0x0000000711c00000| Untracked 
| 124|0x0000000711e00000, 0x0000000711e00000, 0x0000000712000000|  0%| F|  |TAMS 0x0000000711e00000, 0x0000000711e00000| Untracked 
| 125|0x0000000712000000, 0x0000000712000000, 0x0000000712200000|  0%| F|  |TAMS 0x0000000712000000, 0x0000000712000000| Untracked 
| 126|0x0000000712200000, 0x0000000712200000, 0x0000000712400000|  0%| F|  |TAMS 0x0000000712200000, 0x0000000712200000| Untracked 
| 127|0x0000000712400000, 0x0000000712400000, 0x0000000712600000|  0%| F|  |TAMS 0x0000000712400000, 0x0000000712400000| Untracked 
| 128|0x0000000712600000, 0x0000000712600000, 0x0000000712800000|  0%| F|  |TAMS 0x0000000712600000, 0x0000000712600000| Untracked 
| 129|0x0000000712800000, 0x0000000712800000, 0x0000000712a00000|  0%| F|  |TAMS 0x0000000712800000, 0x0000000712800000| Untracked 
| 130|0x0000000712a00000, 0x0000000712a00000, 0x0000000712c00000|  0%| F|  |TAMS 0x0000000712a00000, 0x0000000712a00000| Untracked 
| 131|0x0000000712c00000, 0x0000000712c00000, 0x0000000712e00000|  0%| F|  |TAMS 0x0000000712c00000, 0x0000000712c00000| Untracked 
| 132|0x0000000712e00000, 0x0000000712e00000, 0x0000000713000000|  0%| F|  |TAMS 0x0000000712e00000, 0x0000000712e00000| Untracked 
| 133|0x0000000713000000, 0x0000000713000000, 0x0000000713200000|  0%| F|  |TAMS 0x0000000713000000, 0x0000000713000000| Untracked 
| 134|0x0000000713200000, 0x0000000713200000, 0x0000000713400000|  0%| F|  |TAMS 0x0000000713200000, 0x0000000713200000| Untracked 
| 135|0x0000000713400000, 0x0000000713400000, 0x0000000713600000|  0%| F|  |TAMS 0x0000000713400000, 0x0000000713400000| Untracked 
| 136|0x0000000713600000, 0x0000000713600000, 0x0000000713800000|  0%| F|  |TAMS 0x0000000713600000, 0x0000000713600000| Untracked 
| 137|0x0000000713800000, 0x0000000713800000, 0x0000000713a00000|  0%| F|  |TAMS 0x0000000713800000, 0x0000000713800000| Untracked 
| 138|0x0000000713a00000, 0x0000000713a00000, 0x0000000713c00000|  0%| F|  |TAMS 0x0000000713a00000, 0x0000000713a00000| Untracked 
| 139|0x0000000713c00000, 0x0000000713c00000, 0x0000000713e00000|  0%| F|  |TAMS 0x0000000713c00000, 0x0000000713c00000| Untracked 
| 140|0x0000000713e00000, 0x0000000713e00000, 0x0000000714000000|  0%| F|  |TAMS 0x0000000713e00000, 0x0000000713e00000| Untracked 
| 141|0x0000000714000000, 0x0000000714000000, 0x0000000714200000|  0%| F|  |TAMS 0x0000000714000000, 0x0000000714000000| Untracked 
| 142|0x0000000714200000, 0x0000000714200000, 0x0000000714400000|  0%| F|  |TAMS 0x0000000714200000, 0x0000000714200000| Untracked 
| 143|0x0000000714400000, 0x0000000714400000, 0x0000000714600000|  0%| F|  |TAMS 0x0000000714400000, 0x0000000714400000| Untracked 
| 144|0x0000000714600000, 0x0000000714600000, 0x0000000714800000|  0%| F|  |TAMS 0x0000000714600000, 0x0000000714600000| Untracked 
| 145|0x0000000714800000, 0x0000000714800000, 0x0000000714a00000|  0%| F|  |TAMS 0x0000000714800000, 0x0000000714800000| Untracked 
| 146|0x0000000714a00000, 0x0000000714a00000, 0x0000000714c00000|  0%| F|  |TAMS 0x0000000714a00000, 0x0000000714a00000| Untracked 
| 147|0x0000000714c00000, 0x0000000714c00000, 0x0000000714e00000|  0%| F|  |TAMS 0x0000000714c00000, 0x0000000714c00000| Untracked 
| 148|0x0000000714e00000, 0x0000000714e00000, 0x0000000715000000|  0%| F|  |TAMS 0x0000000714e00000, 0x0000000714e00000| Untracked 
| 149|0x0000000715000000, 0x0000000715000000, 0x0000000715200000|  0%| F|  |TAMS 0x0000000715000000, 0x0000000715000000| Untracked 
| 150|0x0000000715200000, 0x0000000715200000, 0x0000000715400000|  0%| F|  |TAMS 0x0000000715200000, 0x0000000715200000| Untracked 
| 151|0x0000000715400000, 0x0000000715400000, 0x0000000715600000|  0%| F|  |TAMS 0x0000000715400000, 0x0000000715400000| Untracked 
| 152|0x0000000715600000, 0x0000000715600000, 0x0000000715800000|  0%| F|  |TAMS 0x0000000715600000, 0x0000000715600000| Untracked 
| 153|0x0000000715800000, 0x0000000715800000, 0x0000000715a00000|  0%| F|  |TAMS 0x0000000715800000, 0x0000000715800000| Untracked 
| 154|0x0000000715a00000, 0x0000000715a00000, 0x0000000715c00000|  0%| F|  |TAMS 0x0000000715a00000, 0x0000000715a00000| Untracked 
| 155|0x0000000715c00000, 0x0000000715c00000, 0x0000000715e00000|  0%| F|  |TAMS 0x0000000715c00000, 0x0000000715c00000| Untracked 
| 156|0x0000000715e00000, 0x0000000715e00000, 0x0000000716000000|  0%| F|  |TAMS 0x0000000715e00000, 0x0000000715e00000| Untracked 
| 157|0x0000000716000000, 0x0000000716000000, 0x0000000716200000|  0%| F|  |TAMS 0x0000000716000000, 0x0000000716000000| Untracked 
| 158|0x0000000716200000, 0x0000000716200000, 0x0000000716400000|  0%| F|  |TAMS 0x0000000716200000, 0x0000000716200000| Untracked 
| 159|0x0000000716400000, 0x0000000716400000, 0x0000000716600000|  0%| F|  |TAMS 0x0000000716400000, 0x0000000716400000| Untracked 
| 160|0x0000000716600000, 0x0000000716600000, 0x0000000716800000|  0%| F|  |TAMS 0x0000000716600000, 0x0000000716600000| Untracked 
| 161|0x0000000716800000, 0x0000000716800000, 0x0000000716a00000|  0%| F|  |TAMS 0x0000000716800000, 0x0000000716800000| Untracked 
| 162|0x0000000716a00000, 0x0000000716a00000, 0x0000000716c00000|  0%| F|  |TAMS 0x0000000716a00000, 0x0000000716a00000| Untracked 
| 163|0x0000000716c00000, 0x0000000716c00000, 0x0000000716e00000|  0%| F|  |TAMS 0x0000000716c00000, 0x0000000716c00000| Untracked 
| 164|0x0000000716e00000, 0x0000000716efe468, 0x0000000717000000| 49%| S|CS|TAMS 0x0000000716e00000, 0x0000000716e00000| Complete 
| 165|0x0000000717000000, 0x0000000717200000, 0x0000000717200000|100%| S|CS|TAMS 0x0000000717000000, 0x0000000717000000| Complete 
| 166|0x0000000717200000, 0x0000000717400000, 0x0000000717400000|100%| S|CS|TAMS 0x0000000717200000, 0x0000000717200000| Complete 
| 167|0x0000000717400000, 0x0000000717400000, 0x0000000717600000|  0%| F|  |TAMS 0x0000000717400000, 0x0000000717400000| Untracked 
| 168|0x0000000717600000, 0x0000000717600000, 0x0000000717800000|  0%| F|  |TAMS 0x0000000717600000, 0x0000000717600000| Untracked 
| 169|0x0000000717800000, 0x0000000717800000, 0x0000000717a00000|  0%| F|  |TAMS 0x0000000717800000, 0x0000000717800000| Untracked 
| 170|0x0000000717a00000, 0x0000000717a00000, 0x0000000717c00000|  0%| F|  |TAMS 0x0000000717a00000, 0x0000000717a00000| Untracked 
| 171|0x0000000717c00000, 0x0000000717c00000, 0x0000000717e00000|  0%| F|  |TAMS 0x0000000717c00000, 0x0000000717c00000| Untracked 
| 172|0x0000000717e00000, 0x0000000717e00000, 0x0000000718000000|  0%| F|  |TAMS 0x0000000717e00000, 0x0000000717e00000| Untracked 
| 173|0x0000000718000000, 0x0000000718000000, 0x0000000718200000|  0%| F|  |TAMS 0x0000000718000000, 0x0000000718000000| Untracked 
| 174|0x0000000718200000, 0x0000000718200000, 0x0000000718400000|  0%| F|  |TAMS 0x0000000718200000, 0x0000000718200000| Untracked 
| 175|0x0000000718400000, 0x0000000718400000, 0x0000000718600000|  0%| F|  |TAMS 0x0000000718400000, 0x0000000718400000| Untracked 
| 176|0x0000000718600000, 0x0000000718600000, 0x0000000718800000|  0%| F|  |TAMS 0x0000000718600000, 0x0000000718600000| Untracked 
| 177|0x0000000718800000, 0x0000000718800000, 0x0000000718a00000|  0%| F|  |TAMS 0x0000000718800000, 0x0000000718800000| Untracked 
| 178|0x0000000718a00000, 0x0000000718a00000, 0x0000000718c00000|  0%| F|  |TAMS 0x0000000718a00000, 0x0000000718a00000| Untracked 
| 179|0x0000000718c00000, 0x0000000718c00000, 0x0000000718e00000|  0%| F|  |TAMS 0x0000000718c00000, 0x0000000718c00000| Untracked 
| 180|0x0000000718e00000, 0x0000000718e00000, 0x0000000719000000|  0%| F|  |TAMS 0x0000000718e00000, 0x0000000718e00000| Untracked 
| 181|0x0000000719000000, 0x0000000719000000, 0x0000000719200000|  0%| F|  |TAMS 0x0000000719000000, 0x0000000719000000| Untracked 
| 182|0x0000000719200000, 0x0000000719200000, 0x0000000719400000|  0%| F|  |TAMS 0x0000000719200000, 0x0000000719200000| Untracked 
| 183|0x0000000719400000, 0x0000000719400000, 0x0000000719600000|  0%| F|  |TAMS 0x0000000719400000, 0x0000000719400000| Untracked 
| 184|0x0000000719600000, 0x0000000719600000, 0x0000000719800000|  0%| F|  |TAMS 0x0000000719600000, 0x0000000719600000| Untracked 
| 185|0x0000000719800000, 0x0000000719800000, 0x0000000719a00000|  0%| F|  |TAMS 0x0000000719800000, 0x0000000719800000| Untracked 
| 186|0x0000000719a00000, 0x0000000719a00000, 0x0000000719c00000|  0%| F|  |TAMS 0x0000000719a00000, 0x0000000719a00000| Untracked 
| 187|0x0000000719c00000, 0x0000000719c00000, 0x0000000719e00000|  0%| F|  |TAMS 0x0000000719c00000, 0x0000000719c00000| Untracked 
| 188|0x0000000719e00000, 0x0000000719e00000, 0x000000071a000000|  0%| F|  |TAMS 0x0000000719e00000, 0x0000000719e00000| Untracked 
| 189|0x000000071a000000, 0x000000071a000000, 0x000000071a200000|  0%| F|  |TAMS 0x000000071a000000, 0x000000071a000000| Untracked 
| 190|0x000000071a200000, 0x000000071a200000, 0x000000071a400000|  0%| F|  |TAMS 0x000000071a200000, 0x000000071a200000| Untracked 
| 191|0x000000071a400000, 0x000000071a400000, 0x000000071a600000|  0%| F|  |TAMS 0x000000071a400000, 0x000000071a400000| Untracked 
| 192|0x000000071a600000, 0x000000071a600000, 0x000000071a800000|  0%| F|  |TAMS 0x000000071a600000, 0x000000071a600000| Untracked 
| 193|0x000000071a800000, 0x000000071a800000, 0x000000071aa00000|  0%| F|  |TAMS 0x000000071a800000, 0x000000071a800000| Untracked 
| 194|0x000000071aa00000, 0x000000071aa00000, 0x000000071ac00000|  0%| F|  |TAMS 0x000000071aa00000, 0x000000071aa00000| Untracked 
| 195|0x000000071ac00000, 0x000000071ac00000, 0x000000071ae00000|  0%| F|  |TAMS 0x000000071ac00000, 0x000000071ac00000| Untracked 
| 196|0x000000071ae00000, 0x000000071ae00000, 0x000000071b000000|  0%| F|  |TAMS 0x000000071ae00000, 0x000000071ae00000| Untracked 
| 197|0x000000071b000000, 0x000000071b000000, 0x000000071b200000|  0%| F|  |TAMS 0x000000071b000000, 0x000000071b000000| Untracked 
| 198|0x000000071b200000, 0x000000071b200000, 0x000000071b400000|  0%| F|  |TAMS 0x000000071b200000, 0x000000071b200000| Untracked 
| 199|0x000000071b400000, 0x000000071b400000, 0x000000071b600000|  0%| F|  |TAMS 0x000000071b400000, 0x000000071b400000| Untracked 

Card table byte_map: [0x00000213bdd70000,0x00000213be560000] _byte_map_base: 0x00000213ba55d000

Marking Bits (Prev, Next): (CMBitMap*) 0x00000213a5e5bed0, (CMBitMap*) 0x00000213a5e5bf10
 Prev Bits: [0x00000213bed50000, 0x00000213c2cb8000)
 Next Bits: [0x00000213c2cc0000, 0x00000213c6c28000)

Polling page: 0x00000213a3c20000

Metaspace:

Usage:
  Non-class:     12.33 MB capacity,     9.80 MB ( 79%) used,     2.52 MB ( 20%) free+waste,     9.19 KB ( <1%) overhead. 
      Class:      1.33 MB capacity,     1.05 MB ( 79%) used,   276.09 KB ( 20%) free+waste,     2.56 KB ( <1%) overhead. 
       Both:     13.65 MB capacity,    10.85 MB ( 79%) used,     2.79 MB ( 20%) free+waste,    11.75 KB ( <1%) overhead. 

Virtual space:
  Non-class space:       14.00 MB reserved,      12.50 MB ( 89%) committed 
      Class space:        1.00 GB reserved,       1.38 MB ( <1%) committed 
             Both:        1.01 GB reserved,      13.88 MB (  1%) committed 

Chunk freelists:
   Non-Class:  48.00 KB
       Class:  18.00 KB
        Both:  66.00 KB

MaxMetaspaceSize: 17179869184.00 GB
CompressedClassSpaceSize: 1.00 GB

CodeHeap 'non-profiled nmethods': size=120000Kb used=1423Kb max_used=1423Kb free=118576Kb
 bounds [0x00000213b5b00000, 0x00000213b5d70000, 0x00000213bd030000]
CodeHeap 'profiled nmethods': size=120000Kb used=4552Kb max_used=4552Kb free=115447Kb
 bounds [0x00000213ae5d0000, 0x00000213aea50000, 0x00000213b5b00000]
CodeHeap 'non-nmethods': size=5760Kb used=1190Kb max_used=1297Kb free=4569Kb
 bounds [0x00000213ae030000, 0x00000213ae2a0000, 0x00000213ae5d0000]
 total_blobs=2799 nmethods=2350 adapters=361
 compilation: enabled
              stopped_count=0, restarted_count=0
 full_count=0

Compilation events (20 events):
Event: 2.313 Thread 0x00000213c98ad690 2456       1       org.jetbrains.kotlin.js.backend.ast.JsThrow::getExpression (5 bytes)
Event: 2.313 Thread 0x00000213c98ad690 nmethod 2456 0x00000213b5c63090 code [0x00000213b5c63220, 0x00000213b5c632d8]
Event: 2.314 Thread 0x00000213ca2cbc30 nmethod 1581 0x00000213b5c63390 code [0x00000213b5c63540, 0x00000213b5c63768]
Event: 2.314 Thread 0x00000213ca2cbc30 1548       4       org.jetbrains.kotlin.com.google.gwt.dev.js.rhino.Parser::memberExpr (126 bytes)
Event: 2.314 Thread 0x00000213c98ad690 2457       2       org.jetbrains.kotlin.js.backend.JsToStringGenerationVisitor::visitBoolean (56 bytes)
Event: 2.315 Thread 0x00000213c98ad690 nmethod 2457 0x00000213aea3fe90 code [0x00000213aea400c0, 0x00000213aea404d8]
Event: 2.316 Thread 0x00000213c98ad690 2458       2       org.jetbrains.kotlin.js.backend.JsPrecedenceVisitor::visitNull (16 bytes)
Event: 2.316 Thread 0x00000213c98ad690 nmethod 2458 0x00000213aea40810 code [0x00000213aea409a0, 0x00000213aea40ac8]
Event: 2.321 Thread 0x00000213c98ad690 2459       2       org.jetbrains.kotlin.js.backend.JsPrecedenceVisitor::visitObjectLiteral (16 bytes)
Event: 2.321 Thread 0x00000213c98ad690 nmethod 2459 0x00000213aea40b90 code [0x00000213aea40d20, 0x00000213aea40e48]
Event: 2.325 Thread 0x00000213c98ad690 2462       3       java.lang.AbstractStringBuilder::appendChars (130 bytes)
Event: 2.325 Thread 0x00000213c98ad690 nmethod 2462 0x00000213aea40f10 code [0x00000213aea41100, 0x00000213aea41688]
Event: 2.325 Thread 0x00000213c98ad690 2460       1       org.jetbrains.kotlin.js.parser.sourcemaps.SourceMapLocationRemapper::access$getSourceMap$p (5 bytes)
Event: 2.325 Thread 0x00000213c98ad690 nmethod 2460 0x00000213b5c63990 code [0x00000213b5c63b20, 0x00000213b5c63bb8]
Event: 2.325 Thread 0x00000213c98ad690 2461       1       org.jetbrains.kotlin.js.parser.sourcemaps.SourceMap::getSourceContentResolver (5 bytes)
Event: 2.325 Thread 0x00000213c98ad690 nmethod 2461 0x00000213b5c63c90 code [0x00000213b5c63e20, 0x00000213b5c63ed8]
Event: 2.413 Thread 0x00000213c98ad690 2464       2       java.lang.StringUTF16::checkIndex (9 bytes)
Event: 2.413 Thread 0x00000213c98ad690 nmethod 2464 0x00000213aea41910 code [0x00000213aea41aa0, 0x00000213aea41ba8]
Event: 2.413 Thread 0x00000213c98ad690 2465       2       java.lang.StringUTF16::charAt (11 bytes)
Event: 2.413 Thread 0x00000213c98ad690 nmethod 2465 0x00000213aea41c90 code [0x00000213aea41e20, 0x00000213aea41f48]

GC Heap History (17 events):
Event: 0.327 GC heap before
{Heap before GC invocations=0 (full 0):
 garbage-first heap   total 260096K, used 24576K [0x0000000702600000, 0x0000000800000000)
  region size 2048K, 11 young (22528K), 0 survivors (0K)
 Metaspace       used 6263K, capacity 9650K, committed 9984K, reserved 1058816K
  class space    used 618K, capacity 938K, committed 1024K, reserved 1048576K
}
Event: 0.330 GC heap after
{Heap after GC invocations=1 (full 0):
 garbage-first heap   total 260096K, used 6462K [0x0000000702600000, 0x0000000800000000)
  region size 2048K, 2 young (4096K), 2 survivors (4096K)
 Metaspace       used 6263K, capacity 9650K, committed 9984K, reserved 1058816K
  class space    used 618K, capacity 938K, committed 1024K, reserved 1048576K
}
Event: 0.633 GC heap before
{Heap before GC invocations=1 (full 0):
 garbage-first heap   total 260096K, used 37182K [0x0000000702600000, 0x0000000800000000)
  region size 2048K, 17 young (34816K), 2 survivors (4096K)
 Metaspace       used 9397K, capacity 12472K, committed 12544K, reserved 1060864K
  class space    used 962K, capacity 1260K, committed 1280K, reserved 1048576K
}
Event: 0.639 GC heap after
{Heap after GC invocations=2 (full 0):
 garbage-first heap   total 260096K, used 14050K [0x0000000702600000, 0x0000000800000000)
  region size 2048K, 3 young (6144K), 3 survivors (6144K)
 Metaspace       used 9397K, capacity 12472K, committed 12544K, reserved 1060864K
  class space    used 962K, capacity 1260K, committed 1280K, reserved 1048576K
}
Event: 0.925 GC heap before
{Heap before GC invocations=2 (full 0):
 garbage-first heap   total 260096K, used 95970K [0x0000000702600000, 0x0000000800000000)
  region size 2048K, 38 young (77824K), 3 survivors (6144K)
 Metaspace       used 9526K, capacity 12536K, committed 12800K, reserved 1060864K
  class space    used 967K, capacity 1260K, committed 1280K, reserved 1048576K
}
Event: 0.941 GC heap after
{Heap after GC invocations=3 (full 0):
 garbage-first heap   total 260096K, used 36776K [0x0000000702600000, 0x0000000800000000)
  region size 2048K, 5 young (10240K), 5 survivors (10240K)
 Metaspace       used 9526K, capacity 12536K, committed 12800K, reserved 1060864K
  class space    used 967K, capacity 1260K, committed 1280K, reserved 1048576K
}
Event: 1.061 GC heap before
{Heap before GC invocations=3 (full 0):
 garbage-first heap   total 260096K, used 116648K [0x0000000702600000, 0x0000000800000000)
  region size 2048K, 36 young (73728K), 5 survivors (10240K)
 Metaspace       used 9557K, capacity 12536K, committed 12800K, reserved 1060864K
  class space    used 968K, capacity 1260K, committed 1280K, reserved 1048576K
}
Event: 1.084 GC heap after
{Heap after GC invocations=4 (full 0):
 garbage-first heap   total 260096K, used 60796K [0x0000000702600000, 0x0000000800000000)
  region size 2048K, 5 young (10240K), 5 survivors (10240K)
 Metaspace       used 9557K, capacity 12536K, committed 12800K, reserved 1060864K
  class space    used 968K, capacity 1260K, committed 1280K, reserved 1048576K
}
Event: 1.121 GC heap before
{Heap before GC invocations=4 (full 0):
 garbage-first heap   total 260096K, used 81276K [0x0000000702600000, 0x0000000800000000)
  region size 2048K, 15 young (30720K), 5 survivors (10240K)
 Metaspace       used 9557K, capacity 12536K, committed 12800K, reserved 1060864K
  class space    used 968K, capacity 1260K, committed 1280K, reserved 1048576K
}
Event: 1.135 GC heap after
{Heap after GC invocations=5 (full 0):
 garbage-first heap   total 409600K, used 68674K [0x0000000702600000, 0x0000000800000000)
  region size 2048K, 2 young (4096K), 2 survivors (4096K)
 Metaspace       used 9557K, capacity 12536K, committed 12800K, reserved 1060864K
  class space    used 968K, capacity 1260K, committed 1280K, reserved 1048576K
}
Event: 1.445 GC heap before
{Heap before GC invocations=5 (full 0):
 garbage-first heap   total 409600K, used 203842K [0x0000000702600000, 0x0000000800000000)
  region size 2048K, 54 young (110592K), 2 survivors (4096K)
 Metaspace       used 9580K, capacity 12600K, committed 12800K, reserved 1060864K
  class space    used 968K, capacity 1260K, committed 1280K, reserved 1048576K
}
Event: 1.479 GC heap after
{Heap after GC invocations=6 (full 0):
 garbage-first heap   total 409600K, used 143955K [0x0000000702600000, 0x0000000800000000)
  region size 2048K, 7 young (14336K), 7 survivors (14336K)
 Metaspace       used 9580K, capacity 12600K, committed 12800K, reserved 1060864K
  class space    used 968K, capacity 1260K, committed 1280K, reserved 1048576K
}
Event: 1.608 GC heap before
{Heap before GC invocations=6 (full 0):
 garbage-first heap   total 409600K, used 186963K [0x0000000702600000, 0x0000000800000000)
  region size 2048K, 27 young (55296K), 7 survivors (14336K)
 Metaspace       used 9594K, capacity 12600K, committed 12800K, reserved 1060864K
  class space    used 968K, capacity 1260K, committed 1280K, reserved 1048576K
}
Event: 1.624 GC heap after
{Heap after GC invocations=7 (full 0):
 garbage-first heap   total 409600K, used 156672K [0x0000000702600000, 0x0000000800000000)
  region size 2048K, 4 young (8192K), 4 survivors (8192K)
 Metaspace       used 9594K, capacity 12600K, committed 12800K, reserved 1060864K
  class space    used 968K, capacity 1260K, committed 1280K, reserved 1048576K
}
Event: 2.045 GC heap before
{Heap before GC invocations=7 (full 0):
 garbage-first heap   total 409600K, used 230400K [0x0000000702600000, 0x0000000800000000)
  region size 2048K, 40 young (81920K), 4 survivors (8192K)
 Metaspace       used 10719K, capacity 13659K, committed 13952K, reserved 1062912K
  class space    used 1059K, capacity 1357K, committed 1408K, reserved 1048576K
}
Event: 2.061 GC heap after
{Heap after GC invocations=8 (full 0):
 garbage-first heap   total 409600K, used 170512K [0x0000000702600000, 0x0000000800000000)
  region size 2048K, 5 young (10240K), 5 survivors (10240K)
 Metaspace       used 10719K, capacity 13659K, committed 13952K, reserved 1062912K
  class space    used 1059K, capacity 1357K, committed 1408K, reserved 1048576K
}
Event: 2.427 GC heap before
{Heap before GC invocations=8 (full 0):
 garbage-first heap   total 409600K, used 254480K [0x0000000702600000, 0x0000000800000000)
  region size 2048K, 38 young (77824K), 5 survivors (10240K)
 Metaspace       used 11113K, capacity 13982K, committed 14208K, reserved 1062912K
  class space    used 1079K, capacity 1358K, committed 1408K, reserved 1048576K
}

Deoptimization events (20 events):
Event: 2.422 Thread 0x00000213a5e08840 DEOPT PACKING pc=0x00000213aea2ba0b sp=0x000000ca629feb10
Event: 2.422 Thread 0x00000213a5e08840 DEOPT UNPACKING pc=0x00000213ae07e23f sp=0x000000ca629fe010 mode 0
Event: 2.423 Thread 0x00000213a5e08840 DEOPT PACKING pc=0x00000213aea2ba0b sp=0x000000ca629feb10
Event: 2.423 Thread 0x00000213a5e08840 DEOPT UNPACKING pc=0x00000213ae07e23f sp=0x000000ca629fe010 mode 0
Event: 2.423 Thread 0x00000213a5e08840 DEOPT PACKING pc=0x00000213aea2ba0b sp=0x000000ca629feb10
Event: 2.423 Thread 0x00000213a5e08840 DEOPT UNPACKING pc=0x00000213ae07e23f sp=0x000000ca629fe010 mode 0
Event: 2.424 Thread 0x00000213a5e08840 DEOPT PACKING pc=0x00000213aea2ba0b sp=0x000000ca629feb10
Event: 2.424 Thread 0x00000213a5e08840 DEOPT UNPACKING pc=0x00000213ae07e23f sp=0x000000ca629fe010 mode 0
Event: 2.424 Thread 0x00000213a5e08840 DEOPT PACKING pc=0x00000213aea2ba0b sp=0x000000ca629feb10
Event: 2.424 Thread 0x00000213a5e08840 DEOPT UNPACKING pc=0x00000213ae07e23f sp=0x000000ca629fe010 mode 0
Event: 2.425 Thread 0x00000213a5e08840 DEOPT PACKING pc=0x00000213aea2ba0b sp=0x000000ca629feb10
Event: 2.425 Thread 0x00000213a5e08840 DEOPT UNPACKING pc=0x00000213ae07e23f sp=0x000000ca629fe010 mode 0
Event: 2.425 Thread 0x00000213a5e08840 DEOPT PACKING pc=0x00000213aea2ba0b sp=0x000000ca629feb10
Event: 2.425 Thread 0x00000213a5e08840 DEOPT UNPACKING pc=0x00000213ae07e23f sp=0x000000ca629fe010 mode 0
Event: 2.426 Thread 0x00000213a5e08840 DEOPT PACKING pc=0x00000213aea2ba0b sp=0x000000ca629feb10
Event: 2.426 Thread 0x00000213a5e08840 DEOPT UNPACKING pc=0x00000213ae07e23f sp=0x000000ca629fe010 mode 0
Event: 2.426 Thread 0x00000213a5e08840 DEOPT PACKING pc=0x00000213aea2ba0b sp=0x000000ca629feb10
Event: 2.426 Thread 0x00000213a5e08840 DEOPT UNPACKING pc=0x00000213ae07e23f sp=0x000000ca629fe010 mode 0
Event: 2.426 Thread 0x00000213a5e08840 DEOPT PACKING pc=0x00000213aea2ba0b sp=0x000000ca629feb10
Event: 2.426 Thread 0x00000213a5e08840 DEOPT UNPACKING pc=0x00000213ae07e23f sp=0x000000ca629fe010 mode 0

Classes unloaded (0 events):
No events

Classes redefined (0 events):
No events

Internal exceptions (4 events):
Event: 0.200 Thread 0x00000213a5e08840 Exception <a 'java/lang/NoSuchMethodError'{0x00000007119e7f00}: 'void java.lang.invoke.DirectMethodHandle$Holder.invokeSpecial(java.lang.Object, java.lang.Object, java.lang.Object)'> (0x00000007119e7f00) 
thrown [./open/src/hotspot/share/interpreter/linkResolver.cpp, line 782]
Event: 0.443 Thread 0x00000213a5e08840 Exception <a 'java/lang/NoSuchMethodError'{0x0000000711b62158}: 'java.lang.Object java.lang.invoke.DirectMethodHandle$Holder.newInvokeSpecial(java.lang.Object, java.lang.Object, java.lang.Object, java.lang.Object, java.lang.Object)'> (0x0000000711b62158) 
thrown [./open/src/hotspot/share/interpreter/linkResolver.cpp, line 782]
Event: 0.535 Thread 0x00000213a5e08840 Exception <a 'java/lang/NoSuchMethodError'{0x00000007113ddb90}: 'java.lang.Object java.lang.invoke.DirectMethodHandle$Holder.invokeStaticInit(java.lang.Object, int)'> (0x00000007113ddb90) 
thrown [./open/src/hotspot/share/interpreter/linkResolver.cpp, line 782]
Event: 2.085 Thread 0x00000213a5e08840 Exception <a 'java/lang/NoSuchMethodError'{0x000000071b5fa880}: 'java.lang.Object java.lang.invoke.DirectMethodHandle$Holder.invokeInterface(java.lang.Object, java.lang.Object)'> (0x000000071b5fa880) 
thrown [./open/src/hotspot/share/interpreter/linkResolver.cpp, line 782]

Events (20 events):
Event: 1.801 Executing VM operation: HandshakeAllThreads done
Event: 1.806 loading class java/util/ConcurrentModificationException
Event: 1.806 loading class java/util/ConcurrentModificationException done
Event: 1.855 Executing VM operation: ICBufferFull
Event: 1.856 Executing VM operation: ICBufferFull done
Event: 1.856 Executing VM operation: HandshakeAllThreads
Event: 1.856 Executing VM operation: HandshakeAllThreads done
Event: 2.045 Executing VM operation: G1CollectForAllocation
Event: 2.062 Executing VM operation: G1CollectForAllocation done
Event: 2.078 Executing VM operation: HandshakeAllThreads
Event: 2.078 Executing VM operation: HandshakeAllThreads done
Event: 2.081 Executing VM operation: HandshakeAllThreads
Event: 2.081 Executing VM operation: HandshakeAllThreads done
Event: 2.083 Executing VM operation: HandshakeAllThreads
Event: 2.083 Executing VM operation: HandshakeAllThreads done
Event: 2.084 Executing VM operation: HandshakeAllThreads
Event: 2.084 Executing VM operation: HandshakeAllThreads done
Event: 2.215 loading class java/io/FileOutputStream$1
Event: 2.215 loading class java/io/FileOutputStream$1 done
Event: 2.427 Executing VM operation: G1TryInitiateConcMark


Dynamic libraries:
0x00007ff7bc080000 - 0x00007ff7bc08f000 	C:\Program Files\Java\jdk-15.0.1\bin\java.exe
0x00007ffec6130000 - 0x00007ffec631d000 	C:\Windows\SYSTEM32\ntdll.dll
0x00007ffec49c0000 - 0x00007ffec4a73000 	C:\Windows\System32\KERNEL32.DLL
0x00007ffec2560000 - 0x00007ffec27f5000 	C:\Windows\System32\KERNELBASE.dll
0x00007ffec28c0000 - 0x00007ffec29ba000 	C:\Windows\System32\ucrtbase.dll
0x00007ffeb0d70000 - 0x00007ffeb0d88000 	C:\Program Files\Java\jdk-15.0.1\bin\jli.dll
0x00007ffeb5bb0000 - 0x00007ffeb5bc9000 	C:\Program Files\Java\jdk-15.0.1\bin\VCRUNTIME140.dll
0x00007ffec3c30000 - 0x00007ffec3cd3000 	C:\Windows\System32\ADVAPI32.dll
0x00007ffec3730000 - 0x00007ffec37ce000 	C:\Windows\System32\msvcrt.dll
0x00007ffec37d0000 - 0x00007ffec386e000 	C:\Windows\System32\sechost.dll
0x00007ffec3d90000 - 0x00007ffec3eaf000 	C:\Windows\System32\RPCRT4.dll
0x00007ffec3510000 - 0x00007ffec36a7000 	C:\Windows\System32\USER32.dll
0x00007ffec2540000 - 0x00007ffec2560000 	C:\Windows\System32\win32u.dll
0x00007ffec3cf0000 - 0x00007ffec3d19000 	C:\Windows\System32\GDI32.dll
0x00007ffeaad10000 - 0x00007ffeaaf89000 	C:\Windows\WinSxS\amd64_microsoft.windows.common-controls_6595b64144ccf1df_6.0.17763.1935_none_de70702c534c0c76\COMCTL32.dll
0x00007ffec3170000 - 0x00007ffec330c000 	C:\Windows\System32\gdi32full.dll
0x00007ffec2800000 - 0x00007ffec28a0000 	C:\Windows\System32\msvcp_win.dll
0x00007ffec45c0000 - 0x00007ffec48ed000 	C:\Windows\System32\combase.dll
0x00007ffec2410000 - 0x00007ffec248f000 	C:\Windows\System32\bcryptPrimitives.dll
0x00007ffebcf20000 - 0x00007ffebcf2a000 	C:\Windows\SYSTEM32\VERSION.dll
0x00007ffec3ba0000 - 0x00007ffec3bce000 	C:\Windows\System32\IMM32.DLL
0x00007ffebfed0000 - 0x00007ffebfedc000 	C:\Program Files\Java\jdk-15.0.1\bin\vcruntime140_1.dll
0x00007ffe9f480000 - 0x00007ffe9f511000 	C:\Program Files\Java\jdk-15.0.1\bin\msvcp140.dll
0x00007ffe85e70000 - 0x00007ffe869ce000 	C:\Program Files\Java\jdk-15.0.1\bin\server\jvm.dll
0x00007ffec3ce0000 - 0x00007ffec3ce8000 	C:\Windows\System32\PSAPI.DLL
0x00007ffeac200000 - 0x00007ffeac209000 	C:\Windows\SYSTEM32\WSOCK32.dll
0x00007ffebfde0000 - 0x00007ffebfe04000 	C:\Windows\SYSTEM32\WINMM.dll
0x00007ffec3d20000 - 0x00007ffec3d8d000 	C:\Windows\System32\WS2_32.dll
0x00007ffebfcc0000 - 0x00007ffebfced000 	C:\Windows\SYSTEM32\winmmbase.dll
0x00007ffec3310000 - 0x00007ffec335a000 	C:\Windows\System32\cfgmgr32.dll
0x00007ffec21b0000 - 0x00007ffec21c1000 	C:\Windows\System32\kernel.appcore.dll
0x00007ffeba1c0000 - 0x00007ffeba1ca000 	C:\Program Files\Java\jdk-15.0.1\bin\jimage.dll
0x00007ffec09c0000 - 0x00007ffec0bad000 	C:\Windows\SYSTEM32\DBGHELP.DLL
0x00007ffeabf90000 - 0x00007ffeabfba000 	C:\Windows\SYSTEM32\dbgcore.DLL
0x00007ffeab760000 - 0x00007ffeab785000 	C:\Program Files\Java\jdk-15.0.1\bin\java.dll
0x00007ffec4a80000 - 0x00007ffec5f79000 	C:\Windows\System32\SHELL32.dll
0x00007ffec3a90000 - 0x00007ffec3b38000 	C:\Windows\System32\shcore.dll
0x00007ffec2a20000 - 0x00007ffec316b000 	C:\Windows\System32\windows.storage.dll
0x00007ffec2120000 - 0x00007ffec2144000 	C:\Windows\System32\profapi.dll
0x00007ffec2150000 - 0x00007ffec21ad000 	C:\Windows\System32\powrprof.dll
0x00007ffec4420000 - 0x00007ffec4472000 	C:\Windows\System32\shlwapi.dll
0x00007ffec28a0000 - 0x00007ffec28b7000 	C:\Windows\System32\cryptsp.dll
0x00007ffeaf560000 - 0x00007ffeaf579000 	C:\Program Files\Java\jdk-15.0.1\bin\net.dll
0x00007ffeb4d70000 - 0x00007ffeb4e6b000 	C:\Windows\SYSTEM32\WINHTTP.dll
0x00007ffec1960000 - 0x00007ffec19c7000 	C:\Windows\system32\mswsock.dll
0x00007ffea9840000 - 0x00007ffea9852000 	C:\Program Files\Java\jdk-15.0.1\bin\nio.dll
0x00007ffea9170000 - 0x00007ffea9188000 	C:\Program Files\Java\jdk-15.0.1\bin\zip.dll
0x00007ffeba050000 - 0x00007ffeba060000 	C:\Program Files\Java\jdk-15.0.1\bin\verify.dll

dbghelp: loaded successfully - version: 4.0.5 - missing functions: none
symbol engine: initialized successfully - sym options: 0x614 - pdb path: .;C:\Program Files\Java\jdk-15.0.1\bin;C:\Windows\SYSTEM32;C:\Windows\WinSxS\amd64_microsoft.windows.common-controls_6595b64144ccf1df_6.0.17763.1935_none_de70702c534c0c76;C:\Program Files\Java\jdk-15.0.1\bin\server

VM Arguments:
java_command: org.jetbrains.kotlin.cli.js.dce.K2JSDce @E:\java.kotlin\diploma\build\20210604_14144905823872420067.compiler.options
java_class_path (initial): C:\Users\Roman\.gradle\caches\modules-2\files-2.1\org.jetbrains.kotlin\kotlin-compiler-embeddable\1.5.0\6e53e0ca3cf7eff1a4df71171c8f9604b983e1d6\kotlin-compiler-embeddable-1.5.0.jar;C:\Users\Roman\.gradle\caches\modules-2\files-2.1\org.jetbrains.kotlin\kotlin-reflect\1.5.0\47806fe8ed30dbdf9e697eda5e9c9a3905ff3363\kotlin-reflect-1.5.0.jar;C:\Users\Roman\.gradle\caches\modules-2\files-2.1\org.jetbrains.kotlin\kotlin-stdlib\1.5.0\29dae2501ca094416d15af0e21470cb634780444\kotlin-stdlib-1.5.0.jar;C:\Users\Roman\.gradle\caches\modules-2\files-2.1\org.jetbrains.kotlin\kotlin-script-runtime\1.5.0\a2d66828077376fc1851a6fdbf25865935f4101d\kotlin-script-runtime-1.5.0.jar;C:\Users\Roman\.gradle\caches\modules-2\files-2.1\org.jetbrains.kotlin\kotlin-daemon-embeddable\1.5.0\7f3567acfef59ff865a99a584d814bde87226dd5\kotlin-daemon-embeddable-1.5.0.jar;C:\Users\Roman\.gradle\caches\modules-2\files-2.1\org.jetbrains.intellij.deps\trove4j\1.0.20181211\216c2e14b070f334479d800987affe4054cd563f\trove4j-1.0.20181211.jar;C:\Users\Roman\.gradle\caches\modules-2\files-2.1\org.jetbrains\annotations\13.0\919f0dfe192fb4e063e7dacadee7f8bb9a2672a9\annotations-13.0.jar;C:\Users\Roman\.gradle\caches\modules-2\files-2.1\org.jetbrains.kotlin\kotlin-stdlib-common\1.5.0\4080d69efca5e39e9b4972f125e40f1607bd6460\kotlin-stdlib-common-1.5.0.jar
Launcher Type: SUN_STANDARD

[Global flags]
     intx CICompilerCount                          = 4                                         {product} {ergonomic}
     uint ConcGCThreads                            = 3                                         {product} {ergonomic}
     uint G1ConcRefinementThreads                  = 10                                        {product} {ergonomic}
   size_t G1HeapRegionSize                         = 2097152                                   {product} {ergonomic}
    uintx GCDrainStackTargetSize                   = 64                                        {product} {ergonomic}
   size_t InitialHeapSize                          = 266338304                                 {product} {ergonomic}
   size_t MarkStackSize                            = 4194304                                   {product} {ergonomic}
   size_t MaxHeapSize                              = 4255121408                                {product} {ergonomic}
   size_t MaxNewSize                               = 2552233984                                {product} {ergonomic}
   size_t MinHeapDeltaBytes                        = 2097152                                   {product} {ergonomic}
   size_t MinHeapSize                              = 8388608                                   {product} {ergonomic}
    uintx NonNMethodCodeHeapSize                   = 5839372                                {pd product} {ergonomic}
    uintx NonProfiledCodeHeapSize                  = 122909434                              {pd product} {ergonomic}
    uintx ProfiledCodeHeapSize                     = 122909434                              {pd product} {ergonomic}
    uintx ReservedCodeCacheSize                    = 251658240                              {pd product} {ergonomic}
     bool SegmentedCodeCache                       = true                                      {product} {ergonomic}
   size_t SoftMaxHeapSize                          = 4255121408                             {manageable} {ergonomic}
     bool UseCompressedClassPointers               = true                                 {lp64_product} {ergonomic}
     bool UseCompressedOops                        = true                                 {lp64_product} {ergonomic}
     bool UseG1GC                                  = true                                      {product} {ergonomic}
     bool UseLargePagesIndividualAllocation        = false                                  {pd product} {ergonomic}

Logging:
Log output configuration:
 #0: stdout all=warning uptime,level,tags
 #1: stderr all=off uptime,level,tags

Environment Variables:
JAVA_HOME=C:\Program Files\Java\jdk-15.0.1
PATH=C:\Program Files\Common Files\Oracle\Java\javapath;C:\Program Files (x86)\Common Files\Oracle\Java\javapath;C:\Windows\system32;C:\Windows;C:\Windows\System32\Wbem;C:\Windows\System32\WindowsPowerShell\v1.0\;C:\Windows\System32\OpenSSH\;C:\Program Files (x86)\NVIDIA Corporation\PhysX\Common;C:\Program Files\NVIDIA Corporation\NVIDIA NvDLISR;C:\Program Files (x86)\Graphviz2.38\bin;C:\Javalib;C:\TDM-GCC-64\bin;C:\Program Files\nodejs\;C:\ProgramData\chocolatey\bin;C:\Program Files\CMake\bin;C:\adb;C:\Program Files\PuTTY\;C:\Program Files\dotnet\;C:\Program Files\Microsoft SQL Server\130\Tools\Binn\;C:\Program Files\Microsoft SQL Server\Client SDK\ODBC\170\Tools\Binn\;C:\Program Files\Git\cmd;C:\spring-2.4.2\bin;C:\Program Files\Go\bin;C:\Users\Roman\AppData\Local\Programs\Python\Python38\Scripts\;C:\Users\Roman\AppData\Local\Programs\Python\Python38\;C:\Users\Roman\AppData\Local\Microsoft\WindowsApps;C:\Users\Roman\AppData\Local\Programs\Microsoft VS Code\bin;C:\Users\Roman\AppData\Local\GitHubDesktop\bin;C:\Program Files\JetBrains\PyCharm 2019.2\bin;;C:\Program Files\JetBrains\CLion 2020.2.4\bin;;C:\Users\Roman\AppData\Roaming\npm;E:\IntelliJ IDEA Community Edition 2020.1.2\bin;;C:\Program Files\JetBrains\WebStorm 2020.2.3\bin;;C:\Users\Roman\.dotnet\tools;C:\Program Files\apache-maven-3.6.3\bin;C:\Program Files\Java\jdk-15.0.1\bin;C:\spring-2.4.2\bin;;C:\Program Files\JetBrains\IntelliJ IDEA 2020.3.2\bin;;C:\Users\Roman\go\bin;E:\tex\texlive\2020\bin\win32;C:\Program Files\heroku\bin
USERNAME=Roman
OS=Windows_NT
PROCESSOR_IDENTIFIER=Intel64 Family 6 Model 158 Stepping 10, GenuineIntel



---------------  S Y S T E M  ---------------

OS:
 Windows 10 , 64 bit Build 17763 (10.0.17763.1879)
OS uptime: 7 days 0:11 hours

CPU: total 12 (initial active 12) (6 cores per cpu, 2 threads per core) family 6 model 158 stepping 10 microcode 0xde, cmov, cx8, fxsr, mmx, sse, sse2, sse3, ssse3, sse4.1, sse4.2, popcnt, vzeroupper, avx, avx2, aes, clmul, erms, 3dnowpref, lzcnt, ht, tsc, tscinvbit, bmi1, bmi2, adx, fma, clflush, clflushopt

Memory: 4k page, system-wide physical 16224M (5809M free)
TotalPageFile size 18272M (AvailPageFile size 322M)
current process WorkingSet (physical memory assigned to process): 518M, peak: 518M
current process commit charge ("private bytes"): 624M, peak: 1021M

vm_info: Java HotSpot(TM) 64-Bit Server VM (15.0.1+9-18) for windows-amd64 JRE (15.0.1+9-18), built on Sep 15 2020 14:43:54 by "mach5one" with unknown MS VC++:1925

END.
