#
# There is insufficient memory for the Java Runtime Environment to continue.
# Native memory allocation (mmap) failed to map 337641472 bytes for G1 virtual space
# Possible reasons:
#   The system is out of physical RAM or swap space
#   The process is running with CompressedOops enabled, and the Java Heap may be blocking the growth of the native heap
# Possible solutions:
#   Reduce memory load on the system
#   Increase physical memory or swap space
#   Check if swap backing store is full
#   Decrease Java heap size (-Xmx/-Xms)
#   Decrease number of Java threads
#   Decrease Java thread stack sizes (-Xss)
#   Set larger code cache with -XX:ReservedCodeCacheSize=
#   JVM is running with Zero Based Compressed Oops mode in which the Java heap is
#     placed in the first 32GB address space. The Java Heap base address is the
#     maximum limit for the native heap growth. Please use -XX:HeapBaseMinAddress
#     to set the Java Heap base and to place the Java Heap above 32GB virtual address.
# This output file may be truncated or incomplete.
#
#  Out of Memory Error (./open/src/hotspot/os/windows/os_windows.cpp:3472), pid=15660, tid=10584
#
# JRE version: Java(TM) SE Runtime Environment (15.0.1+9) (build 15.0.1+9-18)
# Java VM: Java HotSpot(TM) 64-Bit Server VM (15.0.1+9-18, mixed mode, sharing, tiered, compressed oops, g1 gc, windows-amd64)
# No core dump will be written. Minidumps are not enabled by default on client versions of Windows
#

---------------  S U M M A R Y ------------

Command Line: org.jetbrains.kotlin.cli.js.dce.K2JSDce @E:\java.kotlin\diploma\build\20210604_11387731780459514501.compiler.options

Host: Intel(R) Core(TM) i7-8750H CPU @ 2.20GHz, 12 cores, 15G,  Windows 10 , 64 bit Build 17763 (10.0.17763.1879)
Time: Fri Jun  4 11:06:45 2021 West Asia Standard Time elapsed time: 3.272076 seconds (0d 0h 0m 3s)

---------------  T H R E A D  ---------------

Current thread (0x000001f3e3c24e40):  VMThread "VM Thread" [stack: 0x000000323d300000,0x000000323d400000] [id=10584]

Stack: [0x000000323d300000,0x000000323d400000]
[error occurred during error reporting (printing stack bounds), id 0xc0000005, EXCEPTION_ACCESS_VIOLATION (0xc0000005) at pc=0x000001f3c7b710ad]

Native frames: (J=compiled Java code, j=interpreted, Vv=VM code, C=native code)
V  [jvm.dll+0x62ae9a]
V  [jvm.dll+0x781389]
V  [jvm.dll+0x782ae3]
V  [jvm.dll+0x7830a5]
V  [jvm.dll+0x78305b]
V  [jvm.dll+0x62a2b9]
V  [jvm.dll+0x62aa88]
C  [ntdll.dll+0xa4a2f]
C  [ntdll.dll+0x4cef]
C  [ntdll.dll+0xa379e]
C  0x000001f3c7b710ad

VM_Operation (0x000000323cdfd100): G1CollectForAllocation, mode: safepoint, requested by thread 0x000001f3bf94a630


---------------  P R O C E S S  ---------------

Threads class SMR info:
_java_thread_list=0x000001f3e3d962f0, length=13, elements={
0x000001f3bf94a630, 0x000001f3e3c265c0, 0x000001f3e3c27090, 0x000001f3e3c3f110,
0x000001f3e3c419e0, 0x000001f3e3c432b0, 0x000001f3e3c44f60, 0x000001f3e3c48f00,
0x000001f3e3c53910, 0x000001f3e3d6eb00, 0x000001f3e3dc4eb0, 0x000001f3e3df6cf0,
0x000001f3e3df8b50
}

Java Threads: ( => current thread )
  0x000001f3bf94a630 JavaThread "main" [_thread_blocked, id=7476, stack(0x000000323cd00000,0x000000323ce00000)]
  0x000001f3e3c265c0 JavaThread "Reference Handler" daemon [_thread_blocked, id=8636, stack(0x000000323d400000,0x000000323d500000)]
  0x000001f3e3c27090 JavaThread "Finalizer" daemon [_thread_blocked, id=14456, stack(0x000000323d500000,0x000000323d600000)]
  0x000001f3e3c3f110 JavaThread "Signal Dispatcher" daemon [_thread_blocked, id=18164, stack(0x000000323d600000,0x000000323d700000)]
  0x000001f3e3c419e0 JavaThread "Attach Listener" daemon [_thread_blocked, id=7736, stack(0x000000323d700000,0x000000323d800000)]
  0x000001f3e3c432b0 JavaThread "Service Thread" daemon [_thread_blocked, id=10796, stack(0x000000323d800000,0x000000323d900000)]
  0x000001f3e3c44f60 JavaThread "C2 CompilerThread0" daemon [_thread_in_native, id=19204, stack(0x000000323d900000,0x000000323da00000)]
  0x000001f3e3c48f00 JavaThread "C1 CompilerThread0" daemon [_thread_blocked, id=9076, stack(0x000000323da00000,0x000000323db00000)]
  0x000001f3e3c53910 JavaThread "Sweeper thread" daemon [_thread_blocked, id=17904, stack(0x000000323db00000,0x000000323dc00000)]
  0x000001f3e3d6eb00 JavaThread "Notification Thread" daemon [_thread_blocked, id=3088, stack(0x000000323dc00000,0x000000323dd00000)]
  0x000001f3e3dc4eb0 JavaThread "Common-Cleaner" daemon [_thread_blocked, id=17444, stack(0x000000323de00000,0x000000323df00000)]
  0x000001f3e3df6cf0 JavaThread "C2 CompilerThread1" daemon [_thread_in_native, id=19100, stack(0x000000323df00000,0x000000323e000000)]
  0x000001f3e3df8b50 JavaThread "C2 CompilerThread2" daemon [_thread_blocked, id=4100, stack(0x000000323e000000,0x000000323e100000)]

Other Threads:
=>0x000001f3e3c24e40 VMThread "VM Thread" [stack: 0x000000323d300000,0x000000323d400000] [id=10584]
  0x000001f3e3d9bc30 WatcherThread [stack: 0x000000323dd00000,0x000000323de00000] [id=14992]
  0x000001f3bf99c400 GCTaskThread "GC Thread#0" [stack: 0x000000323ce00000,0x000000323cf00000] [id=14204]
  0x000001f3e3f46e50 GCTaskThread "GC Thread#1" [stack: 0x000000323e100000,0x000000323e200000] [id=6612]
  0x000001f3e3f4a150 GCTaskThread "GC Thread#2" [stack: 0x000000323e200000,0x000000323e300000] [id=18644]
  0x000001f3e3f47180 GCTaskThread "GC Thread#3" [stack: 0x000000323e300000,0x000000323e400000] [id=18464]
  0x000001f3e3f484a0 GCTaskThread "GC Thread#4" [stack: 0x000000323e400000,0x000000323e500000] [id=1524]
  0x000001f3e3f49160 GCTaskThread "GC Thread#5" [stack: 0x000000323e500000,0x000000323e600000] [id=11856]
  0x000001f3e3f4a7b0 GCTaskThread "GC Thread#6" [stack: 0x000000323ed00000,0x000000323ee00000] [id=4156]
  0x000001f3e3f47b10 GCTaskThread "GC Thread#7" [stack: 0x000000323ee00000,0x000000323ef00000] [id=11780]
  0x000001f3bf9ad360 ConcurrentGCThread "G1 Main Marker" [stack: 0x000000323cf00000,0x000000323d000000] [id=5896]
  0x000001f3bf9aea90 ConcurrentGCThread "G1 Conc#0" [stack: 0x000000323d000000,0x000000323d100000] [id=13932]
  0x000001f3bfa0d9d0 ConcurrentGCThread "G1 Refine#0" [stack: 0x000000323d100000,0x000000323d200000] [id=3380]
  0x000001f3e47a1390 ConcurrentGCThread "G1 Refine#1" [stack: 0x000000323e600000,0x000000323e700000] [id=3480]
  0x000001f3e5022e60 ConcurrentGCThread "G1 Refine#2" [stack: 0x000000323e700000,0x000000323e800000] [id=17232]
  0x000001f3e4fa2110 ConcurrentGCThread "G1 Refine#3" [stack: 0x000000323e800000,0x000000323e900000] [id=19440]
  0x000001f3e47d42c0 ConcurrentGCThread "G1 Refine#4" [stack: 0x000000323e900000,0x000000323ea00000] [id=8000]
  0x000001f3e56e2380 ConcurrentGCThread "G1 Refine#5" [stack: 0x000000323ea00000,0x000000323eb00000] [id=4952]
  0x000001f3e75bc5a0 ConcurrentGCThread "G1 Refine#6" [stack: 0x000000323eb00000,0x000000323ec00000] [id=13244]
  0x000001f3e64cbe10 ConcurrentGCThread "G1 Refine#7" [stack: 0x000000323ec00000,0x000000323ed00000] [id=13620]
  0x000001f3e9d4ede0 ConcurrentGCThread "G1 Refine#8" [stack: 0x000000323ef00000,0x000000323f000000] [id=10544]
  0x000001f3e5073430 ConcurrentGCThread "G1 Refine#9" [stack: 0x000000323f000000,0x000000323f100000] [id=11796]
  0x000001f3bfa0e550 ConcurrentGCThread "G1 Young RemSet Sampling" [stack: 0x000000323d200000,0x000000323d300000] [id=11952]

Threads with active compile tasks:
C2 CompilerThread0     3289 1588       4       org.jetbrains.kotlin.com.google.gwt.dev.js.rhino.Parser::orExpr (46 bytes)
C2 CompilerThread1     3289 1574       4       org.jetbrains.kotlin.com.google.gwt.dev.js.rhino.Parser::mulExpr (62 bytes)
C2 CompilerThread2     3289 1584       4       org.jetbrains.kotlin.com.google.gwt.dev.js.rhino.Parser::shiftExpr (46 bytes)

VM state: at safepoint (normal execution)

VM Mutex/Monitor currently owned by a thread:  ([mutex/lock_event])
[0x000001f3bf947ce0] Threads_lock - owner thread: 0x000001f3e3c24e40
[0x000001f3bf948040] Heap_lock - owner thread: 0x000001f3bf94a630

Heap address: 0x0000000702600000, size: 4058 MB, Compressed Oops mode: Zero based, Oop shift amount: 3
CDS archive(s) mapped at: [0x0000000800000000-0x0000000800b50000-0x0000000800b50000), size 11862016, SharedBaseAddress: 0x0000000800000000, ArchiveRelocationMode: 0.
Compressed class space mapped at: 0x0000000800b50000-0x0000000840b50000, size: 1073741824
Narrow klass base: 0x0000000800000000, Narrow klass shift: 3, Narrow klass range: 0x100000000

GC Precious Log:
 CPUs: 12 total, 12 available
 Memory: 16224M
 Large Page Support: Disabled
 NUMA Support: Disabled
 Compressed Oops: Enabled (Zero based)
 Heap Region Size: 2M
 Heap Min Capacity: 8M
 Heap Initial Capacity: 254M
 Heap Max Capacity: 4058M
 Pre-touch: Disabled
 Parallel Workers: 10
 Concurrent Workers: 3
 Concurrent Refinement Workers: 10
 Periodic GC: Disabled

Heap:
 garbage-first heap   total 696320K, used 176587K [0x0000000702600000, 0x0000000800000000)
  region size 2048K, 4 young (8192K), 4 survivors (8192K)
 Metaspace       used 11092K, capacity 13982K, committed 14208K, reserved 1062912K
  class space    used 1079K, capacity 1358K, committed 1408K, reserved 1048576K

Heap Regions: E=young(eden), S=young(survivor), O=old, HS=humongous(starts), HC=humongous(continues), CS=collection set, F=free, OA=open archive, CA=closed archive, TAMS=top-at-mark-start (previous, next)
|   0|0x0000000702600000, 0x0000000702800000, 0x0000000702800000|100%|HS|  |TAMS 0x0000000702600000, 0x0000000702600000| Complete 
|   1|0x0000000702800000, 0x0000000702a00000, 0x0000000702a00000|100%|HC|  |TAMS 0x0000000702800000, 0x0000000702800000| Complete 
|   2|0x0000000702a00000, 0x0000000702c00000, 0x0000000702c00000|100%| O|  |TAMS 0x0000000702a00000, 0x0000000702a00000| Untracked 
|   3|0x0000000702c00000, 0x0000000702e00000, 0x0000000702e00000|100%| O|  |TAMS 0x0000000702c00000, 0x0000000702c00000| Untracked 
|   4|0x0000000702e00000, 0x0000000703000000, 0x0000000703000000|100%| O|  |TAMS 0x0000000702e00000, 0x0000000702e00000| Untracked 
|   5|0x0000000703000000, 0x0000000703200000, 0x0000000703200000|100%| O|  |TAMS 0x0000000703000000, 0x0000000703000000| Untracked 
|   6|0x0000000703200000, 0x0000000703400000, 0x0000000703400000|100%| O|  |TAMS 0x0000000703200000, 0x0000000703200000| Untracked 
|   7|0x0000000703400000, 0x0000000703600000, 0x0000000703600000|100%| O|  |TAMS 0x0000000703400000, 0x0000000703400000| Untracked 
|   8|0x0000000703600000, 0x0000000703800000, 0x0000000703800000|100%| O|  |TAMS 0x0000000703600000, 0x0000000703600000| Untracked 
|   9|0x0000000703800000, 0x0000000703a00000, 0x0000000703a00000|100%| O|  |TAMS 0x0000000703800000, 0x0000000703800000| Untracked 
|  10|0x0000000703a00000, 0x0000000703c00000, 0x0000000703c00000|100%| O|  |TAMS 0x0000000703a00000, 0x0000000703a00000| Untracked 
|  11|0x0000000703c00000, 0x0000000703e00000, 0x0000000703e00000|100%| O|  |TAMS 0x0000000703c00000, 0x0000000703c00000| Untracked 
|  12|0x0000000703e00000, 0x0000000704000000, 0x0000000704000000|100%| O|  |TAMS 0x0000000703e00000, 0x0000000703e00000| Untracked 
|  13|0x0000000704000000, 0x0000000704200000, 0x0000000704200000|100%| O|  |TAMS 0x0000000704000000, 0x0000000704000000| Untracked 
|  14|0x0000000704200000, 0x0000000704400000, 0x0000000704400000|100%| O|  |TAMS 0x0000000704200000, 0x0000000704200000| Untracked 
|  15|0x0000000704400000, 0x0000000704600000, 0x0000000704600000|100%| O|  |TAMS 0x0000000704400000, 0x0000000704400000| Untracked 
|  16|0x0000000704600000, 0x0000000704800000, 0x0000000704800000|100%| O|  |TAMS 0x0000000704600000, 0x0000000704600000| Untracked 
|  17|0x0000000704800000, 0x0000000704a00000, 0x0000000704a00000|100%| O|  |TAMS 0x0000000704800000, 0x0000000704800000| Untracked 
|  18|0x0000000704a00000, 0x0000000704c00000, 0x0000000704c00000|100%|HS|  |TAMS 0x0000000704a00000, 0x0000000704a00000| Complete 
|  19|0x0000000704c00000, 0x0000000704e00000, 0x0000000704e00000|100%|HC|  |TAMS 0x0000000704c00000, 0x0000000704c00000| Complete 
|  20|0x0000000704e00000, 0x0000000705000000, 0x0000000705000000|100%| O|  |TAMS 0x0000000704e00000, 0x0000000704e00000| Untracked 
|  21|0x0000000705000000, 0x0000000705200000, 0x0000000705200000|100%| O|  |TAMS 0x0000000705000000, 0x0000000705000000| Untracked 
|  22|0x0000000705200000, 0x0000000705400000, 0x0000000705400000|100%| O|  |TAMS 0x0000000705200000, 0x0000000705200000| Untracked 
|  23|0x0000000705400000, 0x0000000705600000, 0x0000000705600000|100%| O|  |TAMS 0x0000000705400000, 0x0000000705400000| Untracked 
|  24|0x0000000705600000, 0x0000000705800000, 0x0000000705800000|100%| O|  |TAMS 0x0000000705600000, 0x0000000705600000| Untracked 
|  25|0x0000000705800000, 0x0000000705a00000, 0x0000000705a00000|100%| O|  |TAMS 0x0000000705800000, 0x0000000705800000| Untracked 
|  26|0x0000000705a00000, 0x0000000705c00000, 0x0000000705c00000|100%| O|  |TAMS 0x0000000705a00000, 0x0000000705a00000| Untracked 
|  27|0x0000000705c00000, 0x0000000705e00000, 0x0000000705e00000|100%| O|  |TAMS 0x0000000705c00000, 0x0000000705c00000| Untracked 
|  28|0x0000000705e00000, 0x0000000706000000, 0x0000000706000000|100%| O|  |TAMS 0x0000000705e00000, 0x0000000705e00000| Untracked 
|  29|0x0000000706000000, 0x0000000706200000, 0x0000000706200000|100%| O|  |TAMS 0x0000000706000000, 0x0000000706000000| Untracked 
|  30|0x0000000706200000, 0x0000000706400000, 0x0000000706400000|100%| O|  |TAMS 0x0000000706200000, 0x0000000706200000| Untracked 
|  31|0x0000000706400000, 0x0000000706600000, 0x0000000706600000|100%| O|  |TAMS 0x0000000706400000, 0x0000000706400000| Untracked 
|  32|0x0000000706600000, 0x0000000706800000, 0x0000000706800000|100%| O|  |TAMS 0x0000000706600000, 0x0000000706600000| Untracked 
|  33|0x0000000706800000, 0x0000000706a00000, 0x0000000706a00000|100%| O|  |TAMS 0x0000000706800000, 0x0000000706800000| Untracked 
|  34|0x0000000706a00000, 0x0000000706c00000, 0x0000000706c00000|100%| O|  |TAMS 0x0000000706a00000, 0x0000000706a00000| Untracked 
|  35|0x0000000706c00000, 0x0000000706e00000, 0x0000000706e00000|100%| O|  |TAMS 0x0000000706c00000, 0x0000000706c00000| Untracked 
|  36|0x0000000706e00000, 0x0000000707000000, 0x0000000707000000|100%| O|  |TAMS 0x0000000706e00000, 0x0000000706e00000| Untracked 
|  37|0x0000000707000000, 0x0000000707200000, 0x0000000707200000|100%| O|  |TAMS 0x0000000707000000, 0x0000000707000000| Untracked 
|  38|0x0000000707200000, 0x0000000707400000, 0x0000000707400000|100%| O|  |TAMS 0x0000000707200000, 0x0000000707200000| Untracked 
|  39|0x0000000707400000, 0x0000000707600000, 0x0000000707600000|100%| O|  |TAMS 0x0000000707400000, 0x0000000707400000| Untracked 
|  40|0x0000000707600000, 0x0000000707800000, 0x0000000707800000|100%| O|  |TAMS 0x0000000707600000, 0x0000000707600000| Untracked 
|  41|0x0000000707800000, 0x0000000707a00000, 0x0000000707a00000|100%| O|  |TAMS 0x0000000707800000, 0x0000000707800000| Untracked 
|  42|0x0000000707a00000, 0x0000000707c00000, 0x0000000707c00000|100%| O|  |TAMS 0x0000000707a00000, 0x0000000707a00000| Untracked 
|  43|0x0000000707c00000, 0x0000000707e00000, 0x0000000707e00000|100%| O|  |TAMS 0x0000000707c00000, 0x0000000707c00000| Untracked 
|  44|0x0000000707e00000, 0x0000000708000000, 0x0000000708000000|100%| O|  |TAMS 0x0000000707e00000, 0x0000000707e00000| Untracked 
|  45|0x0000000708000000, 0x0000000708200000, 0x0000000708200000|100%| O|  |TAMS 0x0000000708000000, 0x0000000708000000| Untracked 
|  46|0x0000000708200000, 0x0000000708400000, 0x0000000708400000|100%| O|  |TAMS 0x0000000708200000, 0x0000000708200000| Untracked 
|  47|0x0000000708400000, 0x0000000708600000, 0x0000000708600000|100%| O|  |TAMS 0x0000000708400000, 0x0000000708400000| Untracked 
|  48|0x0000000708600000, 0x0000000708800000, 0x0000000708800000|100%| O|  |TAMS 0x0000000708600000, 0x0000000708600000| Untracked 
|  49|0x0000000708800000, 0x0000000708a00000, 0x0000000708a00000|100%| O|  |TAMS 0x0000000708800000, 0x0000000708800000| Untracked 
|  50|0x0000000708a00000, 0x0000000708c00000, 0x0000000708c00000|100%| O|  |TAMS 0x0000000708a00000, 0x0000000708a00000| Untracked 
|  51|0x0000000708c00000, 0x0000000708e00000, 0x0000000708e00000|100%| O|  |TAMS 0x0000000708c00000, 0x0000000708c00000| Untracked 
|  52|0x0000000708e00000, 0x0000000709000000, 0x0000000709000000|100%| O|  |TAMS 0x0000000708e00000, 0x0000000708e00000| Untracked 
|  53|0x0000000709000000, 0x0000000709200000, 0x0000000709200000|100%| O|  |TAMS 0x0000000709000000, 0x0000000709000000| Untracked 
|  54|0x0000000709200000, 0x0000000709400000, 0x0000000709400000|100%| O|  |TAMS 0x0000000709200000, 0x0000000709200000| Untracked 
|  55|0x0000000709400000, 0x0000000709600000, 0x0000000709600000|100%| O|  |TAMS 0x0000000709400000, 0x0000000709400000| Untracked 
|  56|0x0000000709600000, 0x0000000709800000, 0x0000000709800000|100%| O|  |TAMS 0x0000000709600000, 0x0000000709600000| Untracked 
|  57|0x0000000709800000, 0x0000000709a00000, 0x0000000709a00000|100%| O|  |TAMS 0x0000000709800000, 0x0000000709800000| Untracked 
|  58|0x0000000709a00000, 0x0000000709c00000, 0x0000000709c00000|100%| O|  |TAMS 0x0000000709a00000, 0x0000000709a00000| Untracked 
|  59|0x0000000709c00000, 0x0000000709e00000, 0x0000000709e00000|100%| O|  |TAMS 0x0000000709c00000, 0x0000000709c00000| Untracked 
|  60|0x0000000709e00000, 0x000000070a000000, 0x000000070a000000|100%|HS|  |TAMS 0x0000000709e00000, 0x0000000709e00000| Complete 
|  61|0x000000070a000000, 0x000000070a200000, 0x000000070a200000|100%| O|  |TAMS 0x000000070a000000, 0x000000070a000000| Untracked 
|  62|0x000000070a200000, 0x000000070a400000, 0x000000070a400000|100%| O|  |TAMS 0x000000070a200000, 0x000000070a200000| Untracked 
|  63|0x000000070a400000, 0x000000070a600000, 0x000000070a600000|100%| O|  |TAMS 0x000000070a400000, 0x000000070a400000| Untracked 
|  64|0x000000070a600000, 0x000000070a800000, 0x000000070a800000|100%| O|  |TAMS 0x000000070a600000, 0x000000070a600000| Untracked 
|  65|0x000000070a800000, 0x000000070aa00000, 0x000000070aa00000|100%| O|  |TAMS 0x000000070a800000, 0x000000070a800000| Untracked 
|  66|0x000000070aa00000, 0x000000070ac00000, 0x000000070ac00000|100%| O|  |TAMS 0x000000070aa00000, 0x000000070aa00000| Untracked 
|  67|0x000000070ac00000, 0x000000070ae00000, 0x000000070ae00000|100%| O|  |TAMS 0x000000070ac00000, 0x000000070ac00000| Untracked 
|  68|0x000000070ae00000, 0x000000070b000000, 0x000000070b000000|100%| O|  |TAMS 0x000000070ae00000, 0x000000070ae00000| Untracked 
|  69|0x000000070b000000, 0x000000070b200000, 0x000000070b200000|100%| O|  |TAMS 0x000000070b000000, 0x000000070b000000| Untracked 
|  70|0x000000070b200000, 0x000000070b400000, 0x000000070b400000|100%| O|  |TAMS 0x000000070b200000, 0x000000070b200000| Untracked 
|  71|0x000000070b400000, 0x000000070b600000, 0x000000070b600000|100%| O|  |TAMS 0x000000070b400000, 0x000000070b400000| Untracked 
|  72|0x000000070b600000, 0x000000070b800000, 0x000000070b800000|100%| O|  |TAMS 0x000000070b600000, 0x000000070b600000| Untracked 
|  73|0x000000070b800000, 0x000000070ba00000, 0x000000070ba00000|100%| O|  |TAMS 0x000000070b800000, 0x000000070b800000| Untracked 
|  74|0x000000070ba00000, 0x000000070bc00000, 0x000000070bc00000|100%| O|  |TAMS 0x000000070ba00000, 0x000000070ba00000| Untracked 
|  75|0x000000070bc00000, 0x000000070be00000, 0x000000070be00000|100%| O|  |TAMS 0x000000070bc00000, 0x000000070bc00000| Untracked 
|  76|0x000000070be00000, 0x000000070c000000, 0x000000070c000000|100%| O|  |TAMS 0x000000070be00000, 0x000000070be00000| Untracked 
|  77|0x000000070c000000, 0x000000070c200000, 0x000000070c200000|100%| O|  |TAMS 0x000000070c000000, 0x000000070c000000| Untracked 
|  78|0x000000070c200000, 0x000000070c400000, 0x000000070c400000|100%| O|  |TAMS 0x000000070c200000, 0x000000070c200000| Untracked 
|  79|0x000000070c400000, 0x000000070c600000, 0x000000070c600000|100%| O|  |TAMS 0x000000070c400000, 0x000000070c400000| Untracked 
|  80|0x000000070c600000, 0x000000070c800000, 0x000000070c800000|100%| O|  |TAMS 0x000000070c600000, 0x000000070c600000| Untracked 
|  81|0x000000070c800000, 0x000000070ca00000, 0x000000070ca00000|100%| O|  |TAMS 0x000000070c800000, 0x000000070c800000| Untracked 
|  82|0x000000070ca00000, 0x000000070cb22000, 0x000000070cc00000| 56%| O|  |TAMS 0x000000070ca00000, 0x000000070ca00000| Untracked 
|  83|0x000000070cc00000, 0x000000070cc00000, 0x000000070ce00000|  0%| F|  |TAMS 0x000000070cc00000, 0x000000070cc00000| Untracked 
|  84|0x000000070ce00000, 0x000000070ce00000, 0x000000070d000000|  0%| F|  |TAMS 0x000000070ce00000, 0x000000070ce00000| Untracked 
|  85|0x000000070d000000, 0x000000070d000000, 0x000000070d200000|  0%| F|  |TAMS 0x000000070d000000, 0x000000070d000000| Untracked 
|  86|0x000000070d200000, 0x000000070d200000, 0x000000070d400000|  0%| F|  |TAMS 0x000000070d200000, 0x000000070d200000| Untracked 
|  87|0x000000070d400000, 0x000000070d400000, 0x000000070d600000|  0%| F|  |TAMS 0x000000070d400000, 0x000000070d400000| Untracked 
|  88|0x000000070d600000, 0x000000070d600000, 0x000000070d800000|  0%| F|  |TAMS 0x000000070d600000, 0x000000070d600000| Untracked 
|  89|0x000000070d800000, 0x000000070d800000, 0x000000070da00000|  0%| F|  |TAMS 0x000000070d800000, 0x000000070d800000| Untracked 
|  90|0x000000070da00000, 0x000000070da00000, 0x000000070dc00000|  0%| F|  |TAMS 0x000000070da00000, 0x000000070da00000| Untracked 
|  91|0x000000070dc00000, 0x000000070dc00000, 0x000000070de00000|  0%| F|  |TAMS 0x000000070dc00000, 0x000000070dc00000| Untracked 
|  92|0x000000070de00000, 0x000000070de00000, 0x000000070e000000|  0%| F|  |TAMS 0x000000070de00000, 0x000000070de00000| Untracked 
|  93|0x000000070e000000, 0x000000070e000000, 0x000000070e200000|  0%| F|  |TAMS 0x000000070e000000, 0x000000070e000000| Untracked 
|  94|0x000000070e200000, 0x000000070e200000, 0x000000070e400000|  0%| F|  |TAMS 0x000000070e200000, 0x000000070e200000| Untracked 
|  95|0x000000070e400000, 0x000000070e400000, 0x000000070e600000|  0%| F|  |TAMS 0x000000070e400000, 0x000000070e400000| Untracked 
|  96|0x000000070e600000, 0x000000070e600000, 0x000000070e800000|  0%| F|  |TAMS 0x000000070e600000, 0x000000070e600000| Untracked 
|  97|0x000000070e800000, 0x000000070e800000, 0x000000070ea00000|  0%| F|  |TAMS 0x000000070e800000, 0x000000070e800000| Untracked 
|  98|0x000000070ea00000, 0x000000070ea00000, 0x000000070ec00000|  0%| F|  |TAMS 0x000000070ea00000, 0x000000070ea00000| Untracked 
|  99|0x000000070ec00000, 0x000000070ec00000, 0x000000070ee00000|  0%| F|  |TAMS 0x000000070ec00000, 0x000000070ec00000| Untracked 
| 100|0x000000070ee00000, 0x000000070ee00000, 0x000000070f000000|  0%| F|  |TAMS 0x000000070ee00000, 0x000000070ee00000| Untracked 
| 101|0x000000070f000000, 0x000000070f000000, 0x000000070f200000|  0%| F|  |TAMS 0x000000070f000000, 0x000000070f000000| Untracked 
| 102|0x000000070f200000, 0x000000070f200000, 0x000000070f400000|  0%| F|  |TAMS 0x000000070f200000, 0x000000070f200000| Untracked 
| 103|0x000000070f400000, 0x000000070f400000, 0x000000070f600000|  0%| F|  |TAMS 0x000000070f400000, 0x000000070f400000| Untracked 
| 104|0x000000070f600000, 0x000000070f600000, 0x000000070f800000|  0%| F|  |TAMS 0x000000070f600000, 0x000000070f600000| Untracked 
| 105|0x000000070f800000, 0x000000070f800000, 0x000000070fa00000|  0%| F|  |TAMS 0x000000070f800000, 0x000000070f800000| Untracked 
| 106|0x000000070fa00000, 0x000000070fa00000, 0x000000070fc00000|  0%| F|  |TAMS 0x000000070fa00000, 0x000000070fa00000| Untracked 
| 107|0x000000070fc00000, 0x000000070fc00000, 0x000000070fe00000|  0%| F|  |TAMS 0x000000070fc00000, 0x000000070fc00000| Untracked 
| 108|0x000000070fe00000, 0x000000070fe00000, 0x0000000710000000|  0%| F|  |TAMS 0x000000070fe00000, 0x000000070fe00000| Untracked 
| 109|0x0000000710000000, 0x0000000710000000, 0x0000000710200000|  0%| F|  |TAMS 0x0000000710000000, 0x0000000710000000| Untracked 
| 110|0x0000000710200000, 0x0000000710200000, 0x0000000710400000|  0%| F|  |TAMS 0x0000000710200000, 0x0000000710200000| Untracked 
| 111|0x0000000710400000, 0x0000000710400000, 0x0000000710600000|  0%| F|  |TAMS 0x0000000710400000, 0x0000000710400000| Untracked 
| 112|0x0000000710600000, 0x0000000710600000, 0x0000000710800000|  0%| F|  |TAMS 0x0000000710600000, 0x0000000710600000| Untracked 
| 113|0x0000000710800000, 0x0000000710800000, 0x0000000710a00000|  0%| F|  |TAMS 0x0000000710800000, 0x0000000710800000| Untracked 
| 114|0x0000000710a00000, 0x0000000710a00000, 0x0000000710c00000|  0%| F|  |TAMS 0x0000000710a00000, 0x0000000710a00000| Untracked 
| 115|0x0000000710c00000, 0x0000000710c00000, 0x0000000710e00000|  0%| F|  |TAMS 0x0000000710c00000, 0x0000000710c00000| Untracked 
| 116|0x0000000710e00000, 0x0000000710e00000, 0x0000000711000000|  0%| F|  |TAMS 0x0000000710e00000, 0x0000000710e00000| Untracked 
| 117|0x0000000711000000, 0x0000000711000000, 0x0000000711200000|  0%| F|  |TAMS 0x0000000711000000, 0x0000000711000000| Untracked 
| 118|0x0000000711200000, 0x0000000711200000, 0x0000000711400000|  0%| F|  |TAMS 0x0000000711200000, 0x0000000711200000| Untracked 
| 119|0x0000000711400000, 0x0000000711400000, 0x0000000711600000|  0%| F|  |TAMS 0x0000000711400000, 0x0000000711400000| Untracked 
| 120|0x0000000711600000, 0x0000000711600000, 0x0000000711800000|  0%| F|  |TAMS 0x0000000711600000, 0x0000000711600000| Untracked 
| 121|0x0000000711800000, 0x0000000711800000, 0x0000000711a00000|  0%| F|  |TAMS 0x0000000711800000, 0x0000000711800000| Untracked 
| 122|0x0000000711a00000, 0x0000000711a00000, 0x0000000711c00000|  0%| F|  |TAMS 0x0000000711a00000, 0x0000000711a00000| Untracked 
| 123|0x0000000711c00000, 0x0000000711c00000, 0x0000000711e00000|  0%| F|  |TAMS 0x0000000711c00000, 0x0000000711c00000| Untracked 
| 124|0x0000000711e00000, 0x0000000711e00000, 0x0000000712000000|  0%| F|  |TAMS 0x0000000711e00000, 0x0000000711e00000| Untracked 
| 125|0x0000000712000000, 0x0000000712000000, 0x0000000712200000|  0%| F|  |TAMS 0x0000000712000000, 0x0000000712000000| Untracked 
| 126|0x0000000712200000, 0x0000000712200000, 0x0000000712400000|  0%| F|  |TAMS 0x0000000712200000, 0x0000000712200000| Untracked 
| 127|0x0000000712400000, 0x0000000712400000, 0x0000000712600000|  0%| F|  |TAMS 0x0000000712400000, 0x0000000712400000| Untracked 
| 128|0x0000000712600000, 0x0000000712600000, 0x0000000712800000|  0%| F|  |TAMS 0x0000000712600000, 0x0000000712600000| Untracked 
| 129|0x0000000712800000, 0x0000000712800000, 0x0000000712a00000|  0%| F|  |TAMS 0x0000000712800000, 0x0000000712800000| Untracked 
| 130|0x0000000712a00000, 0x0000000712a00000, 0x0000000712c00000|  0%| F|  |TAMS 0x0000000712a00000, 0x0000000712a00000| Untracked 
| 131|0x0000000712c00000, 0x0000000712c00000, 0x0000000712e00000|  0%| F|  |TAMS 0x0000000712c00000, 0x0000000712c00000| Untracked 
| 132|0x0000000712e00000, 0x0000000712e00000, 0x0000000713000000|  0%| F|  |TAMS 0x0000000712e00000, 0x0000000712e00000| Untracked 
| 133|0x0000000713000000, 0x0000000713150d50, 0x0000000713200000| 65%| S|CS|TAMS 0x0000000713000000, 0x0000000713000000| Complete 
| 134|0x0000000713200000, 0x0000000713400000, 0x0000000713400000|100%| S|CS|TAMS 0x0000000713200000, 0x0000000713200000| Complete 
| 135|0x0000000713400000, 0x0000000713600000, 0x0000000713600000|100%| S|CS|TAMS 0x0000000713400000, 0x0000000713400000| Complete 
| 136|0x0000000713600000, 0x0000000713800000, 0x0000000713800000|100%| S|CS|TAMS 0x0000000713600000, 0x0000000713600000| Complete 
| 137|0x0000000713800000, 0x0000000713800000, 0x0000000713a00000|  0%| F|  |TAMS 0x0000000713800000, 0x0000000713800000| Untracked 
| 138|0x0000000713a00000, 0x0000000713a00000, 0x0000000713c00000|  0%| F|  |TAMS 0x0000000713a00000, 0x0000000713a00000| Untracked 
| 139|0x0000000713c00000, 0x0000000713c00000, 0x0000000713e00000|  0%| F|  |TAMS 0x0000000713c00000, 0x0000000713c00000| Untracked 
| 140|0x0000000713e00000, 0x0000000713e00000, 0x0000000714000000|  0%| F|  |TAMS 0x0000000713e00000, 0x0000000713e00000| Untracked 
| 141|0x0000000714000000, 0x0000000714000000, 0x0000000714200000|  0%| F|  |TAMS 0x0000000714000000, 0x0000000714000000| Untracked 
| 142|0x0000000714200000, 0x0000000714200000, 0x0000000714400000|  0%| F|  |TAMS 0x0000000714200000, 0x0000000714200000| Untracked 
| 143|0x0000000714400000, 0x0000000714400000, 0x0000000714600000|  0%| F|  |TAMS 0x0000000714400000, 0x0000000714400000| Untracked 
| 144|0x0000000714600000, 0x0000000714600000, 0x0000000714800000|  0%| F|  |TAMS 0x0000000714600000, 0x0000000714600000| Untracked 
| 145|0x0000000714800000, 0x0000000714800000, 0x0000000714a00000|  0%| F|  |TAMS 0x0000000714800000, 0x0000000714800000| Untracked 
| 146|0x0000000714a00000, 0x0000000714a00000, 0x0000000714c00000|  0%| F|  |TAMS 0x0000000714a00000, 0x0000000714a00000| Untracked 
| 147|0x0000000714c00000, 0x0000000714c00000, 0x0000000714e00000|  0%| F|  |TAMS 0x0000000714c00000, 0x0000000714c00000| Untracked 
| 148|0x0000000714e00000, 0x0000000714e00000, 0x0000000715000000|  0%| F|  |TAMS 0x0000000714e00000, 0x0000000714e00000| Untracked 
| 149|0x0000000715000000, 0x0000000715000000, 0x0000000715200000|  0%| F|  |TAMS 0x0000000715000000, 0x0000000715000000| Untracked 
| 150|0x0000000715200000, 0x0000000715200000, 0x0000000715400000|  0%| F|  |TAMS 0x0000000715200000, 0x0000000715200000| Untracked 
| 151|0x0000000715400000, 0x0000000715400000, 0x0000000715600000|  0%| F|  |TAMS 0x0000000715400000, 0x0000000715400000| Untracked 
| 152|0x0000000715600000, 0x0000000715600000, 0x0000000715800000|  0%| F|  |TAMS 0x0000000715600000, 0x0000000715600000| Untracked 
| 153|0x0000000715800000, 0x0000000715800000, 0x0000000715a00000|  0%| F|  |TAMS 0x0000000715800000, 0x0000000715800000| Untracked 
| 154|0x0000000715a00000, 0x0000000715a00000, 0x0000000715c00000|  0%| F|  |TAMS 0x0000000715a00000, 0x0000000715a00000| Untracked 
| 155|0x0000000715c00000, 0x0000000715c00000, 0x0000000715e00000|  0%| F|  |TAMS 0x0000000715c00000, 0x0000000715c00000| Untracked 
| 156|0x0000000715e00000, 0x0000000715e00000, 0x0000000716000000|  0%| F|  |TAMS 0x0000000715e00000, 0x0000000715e00000| Untracked 
| 157|0x0000000716000000, 0x0000000716000000, 0x0000000716200000|  0%| F|  |TAMS 0x0000000716000000, 0x0000000716000000| Untracked 
| 158|0x0000000716200000, 0x0000000716200000, 0x0000000716400000|  0%| F|  |TAMS 0x0000000716200000, 0x0000000716200000| Untracked 
| 159|0x0000000716400000, 0x0000000716400000, 0x0000000716600000|  0%| F|  |TAMS 0x0000000716400000, 0x0000000716400000| Untracked 
| 160|0x0000000716600000, 0x0000000716600000, 0x0000000716800000|  0%| F|  |TAMS 0x0000000716600000, 0x0000000716600000| Untracked 
| 161|0x0000000716800000, 0x0000000716800000, 0x0000000716a00000|  0%| F|  |TAMS 0x0000000716800000, 0x0000000716800000| Untracked 
| 162|0x0000000716a00000, 0x0000000716a00000, 0x0000000716c00000|  0%| F|  |TAMS 0x0000000716a00000, 0x0000000716a00000| Untracked 
| 163|0x0000000716c00000, 0x0000000716c00000, 0x0000000716e00000|  0%| F|  |TAMS 0x0000000716c00000, 0x0000000716c00000| Untracked 
| 164|0x0000000716e00000, 0x0000000716e00000, 0x0000000717000000|  0%| F|  |TAMS 0x0000000716e00000, 0x0000000716e00000| Untracked 
| 165|0x0000000717000000, 0x0000000717000000, 0x0000000717200000|  0%| F|  |TAMS 0x0000000717000000, 0x0000000717000000| Untracked 
| 166|0x0000000717200000, 0x0000000717200000, 0x0000000717400000|  0%| F|  |TAMS 0x0000000717200000, 0x0000000717200000| Untracked 
| 167|0x0000000717400000, 0x0000000717400000, 0x0000000717600000|  0%| F|  |TAMS 0x0000000717400000, 0x0000000717400000| Untracked 
| 168|0x0000000717600000, 0x0000000717600000, 0x0000000717800000|  0%| F|  |TAMS 0x0000000717600000, 0x0000000717600000| Untracked 
| 169|0x0000000717800000, 0x0000000717800000, 0x0000000717a00000|  0%| F|  |TAMS 0x0000000717800000, 0x0000000717800000| Untracked 
| 170|0x0000000717a00000, 0x0000000717a00000, 0x0000000717c00000|  0%| F|  |TAMS 0x0000000717a00000, 0x0000000717a00000| Untracked 
| 171|0x0000000717c00000, 0x0000000717c00000, 0x0000000717e00000|  0%| F|  |TAMS 0x0000000717c00000, 0x0000000717c00000| Untracked 
| 172|0x0000000717e00000, 0x0000000717e00000, 0x0000000718000000|  0%| F|  |TAMS 0x0000000717e00000, 0x0000000717e00000| Untracked 
| 173|0x0000000718000000, 0x0000000718000000, 0x0000000718200000|  0%| F|  |TAMS 0x0000000718000000, 0x0000000718000000| Untracked 
| 174|0x0000000718200000, 0x0000000718200000, 0x0000000718400000|  0%| F|  |TAMS 0x0000000718200000, 0x0000000718200000| Untracked 
| 175|0x0000000718400000, 0x0000000718400000, 0x0000000718600000|  0%| F|  |TAMS 0x0000000718400000, 0x0000000718400000| Untracked 
| 176|0x0000000718600000, 0x0000000718600000, 0x0000000718800000|  0%| F|  |TAMS 0x0000000718600000, 0x0000000718600000| Untracked 
| 177|0x0000000718800000, 0x0000000718800000, 0x0000000718a00000|  0%| F|  |TAMS 0x0000000718800000, 0x0000000718800000| Untracked 
| 178|0x0000000718a00000, 0x0000000718a00000, 0x0000000718c00000|  0%| F|  |TAMS 0x0000000718a00000, 0x0000000718a00000| Untracked 

Card table byte_map: [0x000001f3d78b0000,0x000001f3d80a0000] _byte_map_base: 0x000001f3d409d000

Marking Bits (Prev, Next): (CMBitMap*) 0x000001f3bf99cb70, (CMBitMap*) 0x000001f3bf99cbb0
 Prev Bits: [0x000001f3d8890000, 0x000001f3dc7f8000)
 Next Bits: [0x000001f3dc800000, 0x000001f3e0768000)

Polling page: 0x000001f3bdaa0000

Metaspace:

Usage:
  Non-class:     12.33 MB capacity,     9.78 MB ( 79%) used,     2.54 MB ( 21%) free+waste,     9.19 KB ( <1%) overhead. 
      Class:      1.33 MB capacity,     1.05 MB ( 79%) used,   276.09 KB ( 20%) free+waste,     2.56 KB ( <1%) overhead. 
       Both:     13.65 MB capacity,    10.83 MB ( 79%) used,     2.81 MB ( 21%) free+waste,    11.75 KB ( <1%) overhead. 

Virtual space:
  Non-class space:       14.00 MB reserved,      12.50 MB ( 89%) committed 
      Class space:        1.00 GB reserved,       1.38 MB ( <1%) committed 
             Both:        1.01 GB reserved,      13.88 MB (  1%) committed 

Chunk freelists:
   Non-Class:  48.00 KB
       Class:  18.00 KB
        Both:  66.00 KB

MaxMetaspaceSize: 17179869184.00 GB
CompressedClassSpaceSize: 1.00 GB

CodeHeap 'non-profiled nmethods': size=120000Kb used=1291Kb max_used=1291Kb free=118708Kb
 bounds [0x000001f3cf640000, 0x000001f3cf8b0000, 0x000001f3d6b70000]
CodeHeap 'profiled nmethods': size=120000Kb used=4606Kb max_used=4606Kb free=115393Kb
 bounds [0x000001f3c8110000, 0x000001f3c8590000, 0x000001f3cf640000]
CodeHeap 'non-nmethods': size=5760Kb used=1189Kb max_used=1380Kb free=4571Kb
 bounds [0x000001f3c7b70000, 0x000001f3c7de0000, 0x000001f3c8110000]
 total_blobs=2729 nmethods=2280 adapters=361
 compilation: enabled
              stopped_count=0, restarted_count=0
 full_count=0

Compilation events (20 events):
Event: 3.238 Thread 0x000001f3e3c48f00 2438       2       org.jetbrains.kotlin.js.backend.JsToStringGenerationVisitor::visitFunction (43 bytes)
Event: 3.239 Thread 0x000001f3e3c48f00 nmethod 2438 0x000001f3c858c010 code [0x000001f3c858c240, 0x000001f3c858c6a8]
Event: 3.239 Thread 0x000001f3e3c48f00 2439       2       org.jetbrains.kotlin.js.backend.JsToStringGenerationVisitor::printFunction (130 bytes)
Event: 3.240 Thread 0x000001f3e3c48f00 nmethod 2439 0x000001f3c858ca10 code [0x000001f3c858cd60, 0x000001f3c858d9a8]
Event: 3.240 Thread 0x000001f3e3c48f00 2440       2       org.jetbrains.kotlin.js.backend.ast.JsNew::accept (6 bytes)
Event: 3.241 Thread 0x000001f3e3c48f00 nmethod 2440 0x000001f3c858e390 code [0x000001f3c858e520, 0x000001f3c858e648]
Event: 3.243 Thread 0x000001f3e3c48f00 2441       2       org.jetbrains.kotlin.js.backend.JsToStringGenerationVisitor::visitReturn (52 bytes)
Event: 3.244 Thread 0x000001f3e3c48f00 nmethod 2441 0x000001f3c858e710 code [0x000001f3c858e940, 0x000001f3c858ede8]
Event: 3.246 Thread 0x000001f3e3c48f00 2442       2       org.jetbrains.kotlin.js.backend.ast.JsCase::accept (6 bytes)
Event: 3.246 Thread 0x000001f3e3c48f00 nmethod 2442 0x000001f3c858f190 code [0x000001f3c858f320, 0x000001f3c858f448]
Event: 3.246 Thread 0x000001f3e3c48f00 2444       1       org.jetbrains.kotlin.js.backend.ast.JsNew::getConstructorExpression (5 bytes)
Event: 3.247 Thread 0x000001f3e3c48f00 nmethod 2444 0x000001f3cf782090 code [0x000001f3cf782220, 0x000001f3cf7822d8]
Event: 3.247 Thread 0x000001f3e3c48f00 2443       1       org.jetbrains.kotlin.js.backend.ast.JsCase::getCaseExpression (5 bytes)
Event: 3.247 Thread 0x000001f3e3c48f00 nmethod 2443 0x000001f3cf782390 code [0x000001f3cf782520, 0x000001f3cf7825d8]
Event: 3.247 Thread 0x000001f3e3c48f00 2445       2       org.jetbrains.kotlin.js.backend.ast.JsPropertyInitializer::getLabelExpr (13 bytes)
Event: 3.247 Thread 0x000001f3e3c48f00 nmethod 2445 0x000001f3c858f510 code [0x000001f3c858f6a0, 0x000001f3c858f7c8]
Event: 3.250 Thread 0x000001f3e3c48f00 2447       1       org.jetbrains.kotlin.js.backend.ast.JsFor::getCondition (5 bytes)
Event: 3.250 Thread 0x000001f3e3c48f00 nmethod 2447 0x000001f3cf782690 code [0x000001f3cf782820, 0x000001f3cf7828d8]
Event: 3.250 Thread 0x000001f3e3c48f00 2448       1       org.jetbrains.kotlin.js.backend.ast.JsFor::getIncrementExpression (5 bytes)
Event: 3.251 Thread 0x000001f3e3c48f00 nmethod 2448 0x000001f3cf782990 code [0x000001f3cf782b20, 0x000001f3cf782bd8]

GC Heap History (17 events):
Event: 0.421 GC heap before
{Heap before GC invocations=0 (full 0):
 garbage-first heap   total 260096K, used 24576K [0x0000000702600000, 0x0000000800000000)
  region size 2048K, 11 young (22528K), 0 survivors (0K)
 Metaspace       used 6264K, capacity 9650K, committed 9984K, reserved 1058816K
  class space    used 618K, capacity 938K, committed 1024K, reserved 1048576K
}
Event: 0.424 GC heap after
{Heap after GC invocations=1 (full 0):
 garbage-first heap   total 260096K, used 6464K [0x0000000702600000, 0x0000000800000000)
  region size 2048K, 2 young (4096K), 2 survivors (4096K)
 Metaspace       used 6264K, capacity 9650K, committed 9984K, reserved 1058816K
  class space    used 618K, capacity 938K, committed 1024K, reserved 1048576K
}
Event: 0.863 GC heap before
{Heap before GC invocations=1 (full 0):
 garbage-first heap   total 260096K, used 37184K [0x0000000702600000, 0x0000000800000000)
  region size 2048K, 17 young (34816K), 2 survivors (4096K)
 Metaspace       used 9397K, capacity 12472K, committed 12544K, reserved 1060864K
  class space    used 962K, capacity 1260K, committed 1280K, reserved 1048576K
}
Event: 0.872 GC heap after
{Heap after GC invocations=2 (full 0):
 garbage-first heap   total 260096K, used 13360K [0x0000000702600000, 0x0000000800000000)
  region size 2048K, 3 young (6144K), 3 survivors (6144K)
 Metaspace       used 9397K, capacity 12472K, committed 12544K, reserved 1060864K
  class space    used 962K, capacity 1260K, committed 1280K, reserved 1048576K
}
Event: 0.924 GC heap before
{Heap before GC invocations=2 (full 0):
 garbage-first heap   total 260096K, used 25648K [0x0000000702600000, 0x0000000800000000)
  region size 2048K, 9 young (18432K), 3 survivors (6144K)
 Metaspace       used 9400K, capacity 12472K, committed 12544K, reserved 1060864K
  class space    used 962K, capacity 1260K, committed 1280K, reserved 1048576K
}
Event: 0.931 GC heap after
{Heap after GC invocations=3 (full 0):
 garbage-first heap   total 260096K, used 17759K [0x0000000702600000, 0x0000000800000000)
  region size 2048K, 2 young (4096K), 2 survivors (4096K)
 Metaspace       used 9400K, capacity 12472K, committed 12544K, reserved 1060864K
  class space    used 962K, capacity 1260K, committed 1280K, reserved 1048576K
}
Event: 1.474 GC heap before
{Heap before GC invocations=3 (full 0):
 garbage-first heap   total 260096K, used 136543K [0x0000000702600000, 0x0000000800000000)
  region size 2048K, 48 young (98304K), 2 survivors (4096K)
 Metaspace       used 9557K, capacity 12536K, committed 12800K, reserved 1060864K
  class space    used 968K, capacity 1260K, committed 1280K, reserved 1048576K
}
Event: 1.501 GC heap after
{Heap after GC invocations=4 (full 0):
 garbage-first heap   total 260096K, used 59045K [0x0000000702600000, 0x0000000800000000)
  region size 2048K, 6 young (12288K), 6 survivors (12288K)
 Metaspace       used 9557K, capacity 12536K, committed 12800K, reserved 1060864K
  class space    used 968K, capacity 1260K, committed 1280K, reserved 1048576K
}
Event: 1.527 GC heap before
{Heap before GC invocations=4 (full 0):
 garbage-first heap   total 260096K, used 69285K [0x0000000702600000, 0x0000000800000000)
  region size 2048K, 11 young (22528K), 6 survivors (12288K)
 Metaspace       used 9557K, capacity 12536K, committed 12800K, reserved 1060864K
  class space    used 968K, capacity 1260K, committed 1280K, reserved 1048576K
}
Event: 1.541 GC heap after
{Heap after GC invocations=5 (full 0):
 garbage-first heap   total 366592K, used 64801K [0x0000000702600000, 0x0000000800000000)
  region size 2048K, 2 young (4096K), 2 survivors (4096K)
 Metaspace       used 9557K, capacity 12536K, committed 12800K, reserved 1060864K
  class space    used 968K, capacity 1260K, committed 1280K, reserved 1048576K
}
Event: 1.766 GC heap before
{Heap before GC invocations=5 (full 0):
 garbage-first heap   total 366592K, used 138529K [0x0000000702600000, 0x0000000800000000)
  region size 2048K, 38 young (77824K), 2 survivors (4096K)
 Metaspace       used 9571K, capacity 12600K, committed 12800K, reserved 1060864K
  class space    used 968K, capacity 1260K, committed 1280K, reserved 1048576K
}
Event: 1.790 GC heap after
{Heap after GC invocations=6 (full 0):
 garbage-first heap   total 366592K, used 100689K [0x0000000702600000, 0x0000000800000000)
  region size 2048K, 5 young (10240K), 5 survivors (10240K)
 Metaspace       used 9571K, capacity 12600K, committed 12800K, reserved 1060864K
  class space    used 968K, capacity 1260K, committed 1280K, reserved 1048576K
}
Event: 2.173 GC heap before
{Heap before GC invocations=6 (full 0):
 garbage-first heap   total 366592K, used 229713K [0x0000000702600000, 0x0000000800000000)
  region size 2048K, 53 young (108544K), 5 survivors (10240K)
 Metaspace       used 9593K, capacity 12600K, committed 12800K, reserved 1060864K
  class space    used 968K, capacity 1260K, committed 1280K, reserved 1048576K
}
Event: 2.202 GC heap after
{Heap after GC invocations=7 (full 0):
 garbage-first heap   total 366592K, used 150127K [0x0000000702600000, 0x0000000800000000)
  region size 2048K, 7 young (14336K), 7 survivors (14336K)
 Metaspace       used 9593K, capacity 12600K, committed 12800K, reserved 1060864K
  class space    used 968K, capacity 1260K, committed 1280K, reserved 1048576K
}
Event: 2.443 GC heap before
{Heap before GC invocations=7 (full 0):
 garbage-first heap   total 366592K, used 195183K [0x0000000702600000, 0x0000000800000000)
  region size 2048K, 30 young (61440K), 7 survivors (14336K)
 Metaspace       used 9667K, capacity 12664K, committed 12800K, reserved 1060864K
  class space    used 972K, capacity 1260K, committed 1280K, reserved 1048576K
}
Event: 2.463 GC heap after
{Heap after GC invocations=8 (full 0):
 garbage-first heap   total 366592K, used 167730K [0x0000000702600000, 0x0000000800000000)
  region size 2048K, 4 young (8192K), 4 survivors (8192K)
 Metaspace       used 9667K, capacity 12664K, committed 12800K, reserved 1060864K
  class space    used 972K, capacity 1260K, committed 1280K, reserved 1048576K
}
Event: 3.251 GC heap before
{Heap before GC invocations=8 (full 0):
 garbage-first heap   total 366592K, used 245554K [0x0000000702600000, 0x0000000800000000)
  region size 2048K, 42 young (86016K), 4 survivors (8192K)
 Metaspace       used 11092K, capacity 13982K, committed 14208K, reserved 1062912K
  class space    used 1079K, capacity 1358K, committed 1408K, reserved 1048576K
}

Deoptimization events (20 events):
Event: 3.203 Thread 0x000001f3bf94a630 DEOPT PACKING pc=0x000001f3c85566c1 sp=0x000000323cdfd710
Event: 3.203 Thread 0x000001f3bf94a630 DEOPT UNPACKING pc=0x000001f3c7bbe23f sp=0x000000323cdfcbd8 mode 0
Event: 3.203 Thread 0x000001f3bf94a630 DEOPT PACKING pc=0x000001f3c85566c1 sp=0x000000323cdfd6c0
Event: 3.203 Thread 0x000001f3bf94a630 DEOPT UNPACKING pc=0x000001f3c7bbe23f sp=0x000000323cdfcb88 mode 0
Event: 3.208 Thread 0x000001f3bf94a630 DEOPT PACKING pc=0x000001f3c856b7d8 sp=0x000000323cdfc900
Event: 3.208 Thread 0x000001f3bf94a630 DEOPT UNPACKING pc=0x000001f3c7bbe23f sp=0x000000323cdfbe08 mode 0
Event: 3.214 Thread 0x000001f3bf94a630 DEOPT PACKING pc=0x000001f3c856b7d8 sp=0x000000323cdfd780
Event: 3.214 Thread 0x000001f3bf94a630 DEOPT UNPACKING pc=0x000001f3c7bbe23f sp=0x000000323cdfcc88 mode 0
Event: 3.236 Thread 0x000001f3bf94a630 DEOPT PACKING pc=0x000001f3c856b7d8 sp=0x000000323cdfd390
Event: 3.236 Thread 0x000001f3bf94a630 DEOPT UNPACKING pc=0x000001f3c7bbe23f sp=0x000000323cdfc898 mode 0
Event: 3.243 Thread 0x000001f3bf94a630 DEOPT PACKING pc=0x000001f3c856b7d8 sp=0x000000323cdfd470
Event: 3.243 Thread 0x000001f3bf94a630 DEOPT UNPACKING pc=0x000001f3c7bbe23f sp=0x000000323cdfc978 mode 0
Event: 3.247 Thread 0x000001f3bf94a630 DEOPT PACKING pc=0x000001f3c856b7d8 sp=0x000000323cdfdca0
Event: 3.247 Thread 0x000001f3bf94a630 DEOPT UNPACKING pc=0x000001f3c7bbe23f sp=0x000000323cdfd1a8 mode 0
Event: 3.248 Thread 0x000001f3bf94a630 DEOPT PACKING pc=0x000001f3c856b7d8 sp=0x000000323cdfd620
Event: 3.248 Thread 0x000001f3bf94a630 DEOPT UNPACKING pc=0x000001f3c7bbe23f sp=0x000000323cdfcb28 mode 0
Event: 3.249 Thread 0x000001f3bf94a630 DEOPT PACKING pc=0x000001f3c856b7d8 sp=0x000000323cdfd900
Event: 3.249 Thread 0x000001f3bf94a630 DEOPT UNPACKING pc=0x000001f3c7bbe23f sp=0x000000323cdfce08 mode 0
Event: 3.250 Thread 0x000001f3bf94a630 DEOPT PACKING pc=0x000001f3c856b7d8 sp=0x000000323cdfd480
Event: 3.250 Thread 0x000001f3bf94a630 DEOPT UNPACKING pc=0x000001f3c7bbe23f sp=0x000000323cdfc988 mode 0

Classes unloaded (0 events):
No events

Classes redefined (0 events):
No events

Internal exceptions (4 events):
Event: 0.239 Thread 0x000001f3bf94a630 Exception <a 'java/lang/NoSuchMethodError'{0x00000007119e8640}: 'void java.lang.invoke.DirectMethodHandle$Holder.invokeSpecial(java.lang.Object, java.lang.Object, java.lang.Object)'> (0x00000007119e8640) 
thrown [./open/src/hotspot/share/interpreter/linkResolver.cpp, line 782]
Event: 0.578 Thread 0x000001f3bf94a630 Exception <a 'java/lang/NoSuchMethodError'{0x0000000711b62f38}: 'java.lang.Object java.lang.invoke.DirectMethodHandle$Holder.newInvokeSpecial(java.lang.Object, java.lang.Object, java.lang.Object, java.lang.Object, java.lang.Object)'> (0x0000000711b62f38) 
thrown [./open/src/hotspot/share/interpreter/linkResolver.cpp, line 782]
Event: 0.742 Thread 0x000001f3bf94a630 Exception <a 'java/lang/NoSuchMethodError'{0x00000007113d66d8}: 'java.lang.Object java.lang.invoke.DirectMethodHandle$Holder.invokeStaticInit(java.lang.Object, int)'> (0x00000007113d66d8) 
thrown [./open/src/hotspot/share/interpreter/linkResolver.cpp, line 782]
Event: 2.964 Thread 0x000001f3bf94a630 Exception <a 'java/lang/NoSuchMethodError'{0x0000000715fd1de0}: 'java.lang.Object java.lang.invoke.DirectMethodHandle$Holder.invokeInterface(java.lang.Object, java.lang.Object)'> (0x0000000715fd1de0) 
thrown [./open/src/hotspot/share/interpreter/linkResolver.cpp, line 782]

Events (20 events):
Event: 2.480 loading class java/lang/invoke/BoundMethodHandle$Species_LL done
Event: 2.492 Executing VM operation: HandshakeAllThreads
Event: 2.493 Executing VM operation: HandshakeAllThreads done
Event: 2.505 loading class java/util/ConcurrentModificationException
Event: 2.506 loading class java/util/ConcurrentModificationException done
Event: 2.952 Executing VM operation: HandshakeAllThreads
Event: 2.952 Executing VM operation: HandshakeAllThreads done
Event: 2.959 Executing VM operation: HandshakeAllThreads
Event: 2.959 Executing VM operation: HandshakeAllThreads done
Event: 2.961 Executing VM operation: HandshakeAllThreads
Event: 2.961 Executing VM operation: HandshakeAllThreads done
Event: 2.963 Executing VM operation: HandshakeAllThreads
Event: 2.963 Executing VM operation: HandshakeAllThreads done
Event: 2.979 Executing VM operation: ICBufferFull
Event: 2.979 Executing VM operation: ICBufferFull done
Event: 2.979 Executing VM operation: HandshakeAllThreads
Event: 2.979 Executing VM operation: HandshakeAllThreads done
Event: 3.232 loading class java/io/FileOutputStream$1
Event: 3.232 loading class java/io/FileOutputStream$1 done
Event: 3.251 Executing VM operation: G1CollectForAllocation


Dynamic libraries:
0x00007ff7bc080000 - 0x00007ff7bc08f000 	C:\Program Files\Java\jdk-15.0.1\bin\java.exe
0x00007ffec6130000 - 0x00007ffec631d000 	C:\Windows\SYSTEM32\ntdll.dll
0x00007ffec49c0000 - 0x00007ffec4a73000 	C:\Windows\System32\KERNEL32.DLL
0x00007ffec2560000 - 0x00007ffec27f5000 	C:\Windows\System32\KERNELBASE.dll
0x00007ffec28c0000 - 0x00007ffec29ba000 	C:\Windows\System32\ucrtbase.dll
0x00007ffeb0d70000 - 0x00007ffeb0d88000 	C:\Program Files\Java\jdk-15.0.1\bin\jli.dll
0x00007ffeb5bb0000 - 0x00007ffeb5bc9000 	C:\Program Files\Java\jdk-15.0.1\bin\VCRUNTIME140.dll
0x00007ffec3c30000 - 0x00007ffec3cd3000 	C:\Windows\System32\ADVAPI32.dll
0x00007ffec3730000 - 0x00007ffec37ce000 	C:\Windows\System32\msvcrt.dll
0x00007ffec37d0000 - 0x00007ffec386e000 	C:\Windows\System32\sechost.dll
0x00007ffec3d90000 - 0x00007ffec3eaf000 	C:\Windows\System32\RPCRT4.dll
0x00007ffec3510000 - 0x00007ffec36a7000 	C:\Windows\System32\USER32.dll
0x00007ffeaad10000 - 0x00007ffeaaf89000 	C:\Windows\WinSxS\amd64_microsoft.windows.common-controls_6595b64144ccf1df_6.0.17763.1935_none_de70702c534c0c76\COMCTL32.dll
0x00007ffec2540000 - 0x00007ffec2560000 	C:\Windows\System32\win32u.dll
0x00007ffec3cf0000 - 0x00007ffec3d19000 	C:\Windows\System32\GDI32.dll
0x00007ffec45c0000 - 0x00007ffec48ed000 	C:\Windows\System32\combase.dll
0x00007ffec3170000 - 0x00007ffec330c000 	C:\Windows\System32\gdi32full.dll
0x00007ffec2410000 - 0x00007ffec248f000 	C:\Windows\System32\bcryptPrimitives.dll
0x00007ffec2800000 - 0x00007ffec28a0000 	C:\Windows\System32\msvcp_win.dll
0x00007ffebcf20000 - 0x00007ffebcf2a000 	C:\Windows\SYSTEM32\VERSION.dll
0x00007ffec3ba0000 - 0x00007ffec3bce000 	C:\Windows\System32\IMM32.DLL
0x00007ffebfed0000 - 0x00007ffebfedc000 	C:\Program Files\Java\jdk-15.0.1\bin\vcruntime140_1.dll
0x00007ffe9f480000 - 0x00007ffe9f511000 	C:\Program Files\Java\jdk-15.0.1\bin\msvcp140.dll
0x00007ffe85e70000 - 0x00007ffe869ce000 	C:\Program Files\Java\jdk-15.0.1\bin\server\jvm.dll
0x00007ffec3ce0000 - 0x00007ffec3ce8000 	C:\Windows\System32\PSAPI.DLL
0x00007ffeac200000 - 0x00007ffeac209000 	C:\Windows\SYSTEM32\WSOCK32.dll
0x00007ffebfde0000 - 0x00007ffebfe04000 	C:\Windows\SYSTEM32\WINMM.dll
0x00007ffec3d20000 - 0x00007ffec3d8d000 	C:\Windows\System32\WS2_32.dll
0x00007ffebfcc0000 - 0x00007ffebfced000 	C:\Windows\SYSTEM32\winmmbase.dll
0x00007ffec3310000 - 0x00007ffec335a000 	C:\Windows\System32\cfgmgr32.dll
0x00007ffec21b0000 - 0x00007ffec21c1000 	C:\Windows\System32\kernel.appcore.dll
0x00007ffeba1c0000 - 0x00007ffeba1ca000 	C:\Program Files\Java\jdk-15.0.1\bin\jimage.dll
0x00007ffec09c0000 - 0x00007ffec0bad000 	C:\Windows\SYSTEM32\DBGHELP.DLL
0x00007ffeabf90000 - 0x00007ffeabfba000 	C:\Windows\SYSTEM32\dbgcore.DLL
0x00007ffeab760000 - 0x00007ffeab785000 	C:\Program Files\Java\jdk-15.0.1\bin\java.dll
0x00007ffec4a80000 - 0x00007ffec5f79000 	C:\Windows\System32\SHELL32.dll
0x00007ffec3a90000 - 0x00007ffec3b38000 	C:\Windows\System32\shcore.dll
0x00007ffec2a20000 - 0x00007ffec316b000 	C:\Windows\System32\windows.storage.dll
0x00007ffec2120000 - 0x00007ffec2144000 	C:\Windows\System32\profapi.dll
0x00007ffec2150000 - 0x00007ffec21ad000 	C:\Windows\System32\powrprof.dll
0x00007ffec4420000 - 0x00007ffec4472000 	C:\Windows\System32\shlwapi.dll
0x00007ffec28a0000 - 0x00007ffec28b7000 	C:\Windows\System32\cryptsp.dll
0x00007ffeaf560000 - 0x00007ffeaf579000 	C:\Program Files\Java\jdk-15.0.1\bin\net.dll
0x00007ffeb4d70000 - 0x00007ffeb4e6b000 	C:\Windows\SYSTEM32\WINHTTP.dll
0x00007ffec1960000 - 0x00007ffec19c7000 	C:\Windows\system32\mswsock.dll
0x00007ffea9840000 - 0x00007ffea9852000 	C:\Program Files\Java\jdk-15.0.1\bin\nio.dll
0x00007ffea9170000 - 0x00007ffea9188000 	C:\Program Files\Java\jdk-15.0.1\bin\zip.dll
0x00007ffeba050000 - 0x00007ffeba060000 	C:\Program Files\Java\jdk-15.0.1\bin\verify.dll

dbghelp: loaded successfully - version: 4.0.5 - missing functions: none
symbol engine: initialized successfully - sym options: 0x614 - pdb path: .;C:\Program Files\Java\jdk-15.0.1\bin;C:\Windows\SYSTEM32;C:\Windows\WinSxS\amd64_microsoft.windows.common-controls_6595b64144ccf1df_6.0.17763.1935_none_de70702c534c0c76;C:\Program Files\Java\jdk-15.0.1\bin\server

VM Arguments:
java_command: org.jetbrains.kotlin.cli.js.dce.K2JSDce @E:\java.kotlin\diploma\build\20210604_11387731780459514501.compiler.options
java_class_path (initial): C:\Users\Roman\.gradle\caches\modules-2\files-2.1\org.jetbrains.kotlin\kotlin-compiler-embeddable\1.5.0\6e53e0ca3cf7eff1a4df71171c8f9604b983e1d6\kotlin-compiler-embeddable-1.5.0.jar;C:\Users\Roman\.gradle\caches\modules-2\files-2.1\org.jetbrains.kotlin\kotlin-reflect\1.5.0\47806fe8ed30dbdf9e697eda5e9c9a3905ff3363\kotlin-reflect-1.5.0.jar;C:\Users\Roman\.gradle\caches\modules-2\files-2.1\org.jetbrains.kotlin\kotlin-stdlib\1.5.0\29dae2501ca094416d15af0e21470cb634780444\kotlin-stdlib-1.5.0.jar;C:\Users\Roman\.gradle\caches\modules-2\files-2.1\org.jetbrains.kotlin\kotlin-script-runtime\1.5.0\a2d66828077376fc1851a6fdbf25865935f4101d\kotlin-script-runtime-1.5.0.jar;C:\Users\Roman\.gradle\caches\modules-2\files-2.1\org.jetbrains.kotlin\kotlin-daemon-embeddable\1.5.0\7f3567acfef59ff865a99a584d814bde87226dd5\kotlin-daemon-embeddable-1.5.0.jar;C:\Users\Roman\.gradle\caches\modules-2\files-2.1\org.jetbrains.intellij.deps\trove4j\1.0.20181211\216c2e14b070f334479d800987affe4054cd563f\trove4j-1.0.20181211.jar;C:\Users\Roman\.gradle\caches\modules-2\files-2.1\org.jetbrains\annotations\13.0\919f0dfe192fb4e063e7dacadee7f8bb9a2672a9\annotations-13.0.jar;C:\Users\Roman\.gradle\caches\modules-2\files-2.1\org.jetbrains.kotlin\kotlin-stdlib-common\1.5.0\4080d69efca5e39e9b4972f125e40f1607bd6460\kotlin-stdlib-common-1.5.0.jar
Launcher Type: SUN_STANDARD

[Global flags]
     intx CICompilerCount                          = 4                                         {product} {ergonomic}
     uint ConcGCThreads                            = 3                                         {product} {ergonomic}
     uint G1ConcRefinementThreads                  = 10                                        {product} {ergonomic}
   size_t G1HeapRegionSize                         = 2097152                                   {product} {ergonomic}
    uintx GCDrainStackTargetSize                   = 64                                        {product} {ergonomic}
   size_t InitialHeapSize                          = 266338304                                 {product} {ergonomic}
   size_t MarkStackSize                            = 4194304                                   {product} {ergonomic}
   size_t MaxHeapSize                              = 4255121408                                {product} {ergonomic}
   size_t MaxNewSize                               = 2552233984                                {product} {ergonomic}
   size_t MinHeapDeltaBytes                        = 2097152                                   {product} {ergonomic}
   size_t MinHeapSize                              = 8388608                                   {product} {ergonomic}
    uintx NonNMethodCodeHeapSize                   = 5839372                                {pd product} {ergonomic}
    uintx NonProfiledCodeHeapSize                  = 122909434                              {pd product} {ergonomic}
    uintx ProfiledCodeHeapSize                     = 122909434                              {pd product} {ergonomic}
    uintx ReservedCodeCacheSize                    = 251658240                              {pd product} {ergonomic}
     bool SegmentedCodeCache                       = true                                      {product} {ergonomic}
   size_t SoftMaxHeapSize                          = 4255121408                             {manageable} {ergonomic}
     bool UseCompressedClassPointers               = true                                 {lp64_product} {ergonomic}
     bool UseCompressedOops                        = true                                 {lp64_product} {ergonomic}
     bool UseG1GC                                  = true                                      {product} {ergonomic}
     bool UseLargePagesIndividualAllocation        = false                                  {pd product} {ergonomic}

Logging:
Log output configuration:
 #0: stdout all=warning uptime,level,tags
 #1: stderr all=off uptime,level,tags

Environment Variables:
JAVA_HOME=C:\Program Files\Java\jdk-15.0.1
PATH=C:\Program Files\Common Files\Oracle\Java\javapath;C:\Program Files (x86)\Common Files\Oracle\Java\javapath;C:\Windows\system32;C:\Windows;C:\Windows\System32\Wbem;C:\Windows\System32\WindowsPowerShell\v1.0\;C:\Windows\System32\OpenSSH\;C:\Program Files (x86)\NVIDIA Corporation\PhysX\Common;C:\Program Files\NVIDIA Corporation\NVIDIA NvDLISR;C:\Program Files (x86)\Graphviz2.38\bin;C:\Javalib;C:\TDM-GCC-64\bin;C:\Program Files\nodejs\;C:\ProgramData\chocolatey\bin;C:\Program Files\CMake\bin;C:\adb;C:\Program Files\PuTTY\;C:\Program Files\dotnet\;C:\Program Files\Microsoft SQL Server\130\Tools\Binn\;C:\Program Files\Microsoft SQL Server\Client SDK\ODBC\170\Tools\Binn\;C:\Program Files\Git\cmd;C:\spring-2.4.2\bin;C:\Program Files\Go\bin;C:\Users\Roman\AppData\Local\Programs\Python\Python38\Scripts\;C:\Users\Roman\AppData\Local\Programs\Python\Python38\;C:\Users\Roman\AppData\Local\Microsoft\WindowsApps;C:\Users\Roman\AppData\Local\Programs\Microsoft VS Code\bin;C:\Users\Roman\AppData\Local\GitHubDesktop\bin;C:\Program Files\JetBrains\PyCharm 2019.2\bin;;C:\Program Files\JetBrains\CLion 2020.2.4\bin;;C:\Users\Roman\AppData\Roaming\npm;E:\IntelliJ IDEA Community Edition 2020.1.2\bin;;C:\Program Files\JetBrains\WebStorm 2020.2.3\bin;;C:\Users\Roman\.dotnet\tools;C:\Program Files\apache-maven-3.6.3\bin;C:\Program Files\Java\jdk-15.0.1\bin;C:\spring-2.4.2\bin;;C:\Program Files\JetBrains\IntelliJ IDEA 2020.3.2\bin;;C:\Users\Roman\go\bin;E:\tex\texlive\2020\bin\win32;C:\Program Files\heroku\bin
USERNAME=Roman
OS=Windows_NT
PROCESSOR_IDENTIFIER=Intel64 Family 6 Model 158 Stepping 10, GenuineIntel



---------------  S Y S T E M  ---------------

OS:
 Windows 10 , 64 bit Build 17763 (10.0.17763.1879)
OS uptime: 6 days 23:59 hours

CPU: total 12 (initial active 12) (6 cores per cpu, 2 threads per core) family 6 model 158 stepping 10 microcode 0xde, cmov, cx8, fxsr, mmx, sse, sse2, sse3, ssse3, sse4.1, sse4.2, popcnt, vzeroupper, avx, avx2, aes, clmul, erms, 3dnowpref, lzcnt, ht, tsc, tscinvbit, bmi1, bmi2, adx, fma, clflush, clflushopt

Memory: 4k page, system-wide physical 16224M (5385M free)
TotalPageFile size 18243M (AvailPageFile size 173M)
current process WorkingSet (physical memory assigned to process): 521M, peak: 535M
current process commit charge ("private bytes"): 591M, peak: 912M

vm_info: Java HotSpot(TM) 64-Bit Server VM (15.0.1+9-18) for windows-amd64 JRE (15.0.1+9-18), built on Sep 15 2020 14:43:54 by "mach5one" with unknown MS VC++:1925

END.
