#
# There is insufficient memory for the Java Runtime Environment to continue.
# Native memory allocation (mmap) failed to map 413138944 bytes for G1 virtual space
# Possible reasons:
#   The system is out of physical RAM or swap space
#   The process is running with CompressedOops enabled, and the Java Heap may be blocking the growth of the native heap
# Possible solutions:
#   Reduce memory load on the system
#   Increase physical memory or swap space
#   Check if swap backing store is full
#   Decrease Java heap size (-Xmx/-Xms)
#   Decrease number of Java threads
#   Decrease Java thread stack sizes (-Xss)
#   Set larger code cache with -XX:ReservedCodeCacheSize=
#   JVM is running with Zero Based Compressed Oops mode in which the Java heap is
#     placed in the first 32GB address space. The Java Heap base address is the
#     maximum limit for the native heap growth. Please use -XX:HeapBaseMinAddress
#     to set the Java Heap base and to place the Java Heap above 32GB virtual address.
# This output file may be truncated or incomplete.
#
#  Out of Memory Error (./open/src/hotspot/os/windows/os_windows.cpp:3472), pid=14044, tid=5268
#
# JRE version: Java(TM) SE Runtime Environment (15.0.1+9) (build 15.0.1+9-18)
# Java VM: Java HotSpot(TM) 64-Bit Server VM (15.0.1+9-18, mixed mode, sharing, tiered, compressed oops, g1 gc, windows-amd64)
# No core dump will be written. Minidumps are not enabled by default on client versions of Windows
#

---------------  S U M M A R Y ------------

Command Line: org.jetbrains.kotlin.cli.js.dce.K2JSDce @E:\java.kotlin\diploma\build\20210604_5411741549282014271.compiler.options

Host: Intel(R) Core(TM) i7-8750H CPU @ 2.20GHz, 12 cores, 15G,  Windows 10 , 64 bit Build 17763 (10.0.17763.1879)
Time: Fri Jun  4 10:57:36 2021 West Asia Standard Time elapsed time: 3.139826 seconds (0d 0h 0m 3s)

---------------  T H R E A D  ---------------

Current thread (0x000001be7f781810):  VMThread "VM Thread" [stack: 0x00000038cae00000,0x00000038caf00000] [id=5268]

Stack: [0x00000038cae00000,0x00000038caf00000]
[error occurred during error reporting (printing stack bounds), id 0xc0000005, EXCEPTION_ACCESS_VIOLATION (0xc0000005) at pc=0x000001be000010ad]

Native frames: (J=compiled Java code, j=interpreted, Vv=VM code, C=native code)
V  [jvm.dll+0x62ae9a]
V  [jvm.dll+0x781389]
V  [jvm.dll+0x782ae3]
V  [jvm.dll+0x7830a5]
V  [jvm.dll+0x78305b]
V  [jvm.dll+0x62a2b9]
V  [jvm.dll+0x62aa88]
C  [ntdll.dll+0xa4a2f]
C  [ntdll.dll+0x4cef]
C  [ntdll.dll+0xa379e]
C  0x000001be000010ad

VM_Operation (0x00000038cc0fc0c0): G1CollectForAllocation, mode: safepoint, requested by thread 0x000001be1988f670


---------------  P R O C E S S  ---------------

Threads class SMR info:
_java_thread_list=0x000001be198678c0, length=13, elements={
0x000001be72c282c0, 0x000001be7f7850a0, 0x000001be7f787c80, 0x000001be7f7a08c0,
0x000001be7f7a3290, 0x000001be7f7a5160, 0x000001be7f7a5f40, 0x000001be7f7a6a30,
0x000001be7f7a7520, 0x000001be1906a150, 0x000001be19088920, 0x000001be19096230,
0x000001be1988f670
}

Java Threads: ( => current thread )
  0x000001be72c282c0 JavaThread "main" [_thread_blocked, id=10452, stack(0x00000038ca800000,0x00000038ca900000)]
  0x000001be7f7850a0 JavaThread "Reference Handler" daemon [_thread_blocked, id=19072, stack(0x00000038caf00000,0x00000038cb000000)]
  0x000001be7f787c80 JavaThread "Finalizer" daemon [_thread_blocked, id=17740, stack(0x00000038cb000000,0x00000038cb100000)]
  0x000001be7f7a08c0 JavaThread "Signal Dispatcher" daemon [_thread_blocked, id=18104, stack(0x00000038cb100000,0x00000038cb200000)]
  0x000001be7f7a3290 JavaThread "Attach Listener" daemon [_thread_blocked, id=12040, stack(0x00000038cb200000,0x00000038cb300000)]
  0x000001be7f7a5160 JavaThread "Service Thread" daemon [_thread_blocked, id=19364, stack(0x00000038cb300000,0x00000038cb400000)]
  0x000001be7f7a5f40 JavaThread "C2 CompilerThread0" daemon [_thread_in_native, id=14716, stack(0x00000038cb400000,0x00000038cb500000)]
  0x000001be7f7a6a30 JavaThread "C1 CompilerThread0" daemon [_thread_blocked, id=12452, stack(0x00000038cb500000,0x00000038cb600000)]
  0x000001be7f7a7520 JavaThread "Sweeper thread" daemon [_thread_blocked, id=11236, stack(0x00000038cb600000,0x00000038cb700000)]
  0x000001be1906a150 JavaThread "Notification Thread" daemon [_thread_blocked, id=16960, stack(0x00000038cb700000,0x00000038cb800000)]
  0x000001be19088920 JavaThread "Common-Cleaner" daemon [_thread_blocked, id=1660, stack(0x00000038cb900000,0x00000038cba00000)]
  0x000001be19096230 JavaThread "C2 CompilerThread1" daemon [_thread_in_native, id=18604, stack(0x00000038cba00000,0x00000038cbb00000)]
  0x000001be1988f670 JavaThread "C2 CompilerThread2" daemon [_thread_blocked, id=16232, stack(0x00000038cc000000,0x00000038cc100000)]

Other Threads:
=>0x000001be7f781810 VMThread "VM Thread" [stack: 0x00000038cae00000,0x00000038caf00000] [id=5268]
  0x000001be1906f050 WatcherThread [stack: 0x00000038cb800000,0x00000038cb900000] [id=5772]
  0x000001be72c7a260 GCTaskThread "GC Thread#0" [stack: 0x00000038ca900000,0x00000038caa00000] [id=5260]
  0x000001be191b0aa0 GCTaskThread "GC Thread#1" [stack: 0x00000038cbb00000,0x00000038cbc00000] [id=10600]
  0x000001be191af450 GCTaskThread "GC Thread#2" [stack: 0x00000038cbc00000,0x00000038cbd00000] [id=4164]
  0x000001be191ad470 GCTaskThread "GC Thread#3" [stack: 0x00000038cbd00000,0x00000038cbe00000] [id=19144]
  0x000001be191ae790 GCTaskThread "GC Thread#4" [stack: 0x00000038cbe00000,0x00000038cbf00000] [id=10380]
  0x000001be191afab0 GCTaskThread "GC Thread#5" [stack: 0x00000038cbf00000,0x00000038cc000000] [id=16612]
  0x000001be191aeac0 GCTaskThread "GC Thread#6" [stack: 0x00000038cc800000,0x00000038cc900000] [id=5488]
  0x000001be191ae460 GCTaskThread "GC Thread#7" [stack: 0x00000038cc900000,0x00000038cca00000] [id=13768]
  0x000001be191af120 GCTaskThread "GC Thread#8" [stack: 0x00000038cca00000,0x00000038ccb00000] [id=14848]
  0x000001be72c8b2c0 ConcurrentGCThread "G1 Main Marker" [stack: 0x00000038caa00000,0x00000038cab00000] [id=9076]
  0x000001be72c8bf30 ConcurrentGCThread "G1 Conc#0" [stack: 0x00000038cab00000,0x00000038cac00000] [id=17728]
  0x000001be72cee720 ConcurrentGCThread "G1 Refine#0" [stack: 0x00000038cac00000,0x00000038cad00000] [id=17244]
  0x000001be1b017d10 ConcurrentGCThread "G1 Refine#1" [stack: 0x00000038cc100000,0x00000038cc200000] [id=5624]
  0x000001be1a61ba40 ConcurrentGCThread "G1 Refine#2" [stack: 0x00000038cc200000,0x00000038cc300000] [id=18548]
  0x000001be1a2495e0 ConcurrentGCThread "G1 Refine#3" [stack: 0x00000038cc300000,0x00000038cc400000] [id=10360]
  0x000001be1aca9620 ConcurrentGCThread "G1 Refine#4" [stack: 0x00000038cc400000,0x00000038cc500000] [id=8228]
  0x000001be1b9c0fe0 ConcurrentGCThread "G1 Refine#5" [stack: 0x00000038cc500000,0x00000038cc600000] [id=1224]
  0x000001be1cf29ab0 ConcurrentGCThread "G1 Refine#6" [stack: 0x00000038cc600000,0x00000038cc700000] [id=6428]
  0x000001be1b297520 ConcurrentGCThread "G1 Refine#7" [stack: 0x00000038cc700000,0x00000038cc800000] [id=5660]
  0x000001be1986cb40 ConcurrentGCThread "G1 Refine#8" [stack: 0x00000038ccb00000,0x00000038ccc00000] [id=8808]
  0x000001be1e948880 ConcurrentGCThread "G1 Refine#9" [stack: 0x00000038ccc00000,0x00000038ccd00000] [id=14244]
  0x000001be7f67b630 ConcurrentGCThread "G1 Young RemSet Sampling" [stack: 0x00000038cad00000,0x00000038cae00000] [id=18064]

Threads with active compile tasks:
C2 CompilerThread0     3158 1553       4       org.jetbrains.kotlin.com.google.gwt.dev.js.rhino.Parser::mulExpr (62 bytes)
C2 CompilerThread1     3158 1566       4       org.jetbrains.kotlin.com.google.gwt.dev.js.rhino.Parser::relExpr (78 bytes)
C2 CompilerThread2     3158 1603       4       org.jetbrains.kotlin.com.google.gwt.dev.js.JsAstMapper::mapWithoutLocation (1015 bytes)

VM state: at safepoint (normal execution)

VM Mutex/Monitor currently owned by a thread:  ([mutex/lock_event])
[0x000001be72c24d00] Threads_lock - owner thread: 0x000001be7f781810
[0x000001be72c24b50] Heap_lock - owner thread: 0x000001be1988f670

Heap address: 0x0000000702600000, size: 4058 MB, Compressed Oops mode: Zero based, Oop shift amount: 3
CDS archive(s) mapped at: [0x0000000800000000-0x0000000800b50000-0x0000000800b50000), size 11862016, SharedBaseAddress: 0x0000000800000000, ArchiveRelocationMode: 0.
Compressed class space mapped at: 0x0000000800b50000-0x0000000840b50000, size: 1073741824
Narrow klass base: 0x0000000800000000, Narrow klass shift: 3, Narrow klass range: 0x100000000

GC Precious Log:
 CPUs: 12 total, 12 available
 Memory: 16224M
 Large Page Support: Disabled
 NUMA Support: Disabled
 Compressed Oops: Enabled (Zero based)
 Heap Region Size: 2M
 Heap Min Capacity: 8M
 Heap Initial Capacity: 254M
 Heap Max Capacity: 4058M
 Pre-touch: Disabled
 Parallel Workers: 10
 Concurrent Workers: 3
 Concurrent Refinement Workers: 10
 Periodic GC: Disabled

Heap:
 garbage-first heap   total 806912K, used 176211K [0x0000000702600000, 0x0000000800000000)
  region size 2048K, 4 young (8192K), 4 survivors (8192K)
 Metaspace       used 11126K, capacity 13982K, committed 14208K, reserved 1062912K
  class space    used 1079K, capacity 1358K, committed 1408K, reserved 1048576K

Heap Regions: E=young(eden), S=young(survivor), O=old, HS=humongous(starts), HC=humongous(continues), CS=collection set, F=free, OA=open archive, CA=closed archive, TAMS=top-at-mark-start (previous, next)
|   0|0x0000000702600000, 0x0000000702800000, 0x0000000702800000|100%|HS|  |TAMS 0x0000000702600000, 0x0000000702600000| Complete 
|   1|0x0000000702800000, 0x0000000702a00000, 0x0000000702a00000|100%|HC|  |TAMS 0x0000000702800000, 0x0000000702800000| Complete 
|   2|0x0000000702a00000, 0x0000000702c00000, 0x0000000702c00000|100%| O|  |TAMS 0x0000000702a00000, 0x0000000702a00000| Untracked 
|   3|0x0000000702c00000, 0x0000000702e00000, 0x0000000702e00000|100%| O|  |TAMS 0x0000000702c00000, 0x0000000702c00000| Untracked 
|   4|0x0000000702e00000, 0x0000000703000000, 0x0000000703000000|100%| O|  |TAMS 0x0000000702e00000, 0x0000000702e00000| Untracked 
|   5|0x0000000703000000, 0x0000000703200000, 0x0000000703200000|100%| O|  |TAMS 0x0000000703000000, 0x0000000703000000| Untracked 
|   6|0x0000000703200000, 0x0000000703400000, 0x0000000703400000|100%| O|  |TAMS 0x0000000703200000, 0x0000000703200000| Untracked 
|   7|0x0000000703400000, 0x0000000703600000, 0x0000000703600000|100%| O|  |TAMS 0x0000000703400000, 0x0000000703400000| Untracked 
|   8|0x0000000703600000, 0x0000000703800000, 0x0000000703800000|100%| O|  |TAMS 0x0000000703600000, 0x0000000703600000| Untracked 
|   9|0x0000000703800000, 0x0000000703a00000, 0x0000000703a00000|100%| O|  |TAMS 0x0000000703800000, 0x0000000703800000| Untracked 
|  10|0x0000000703a00000, 0x0000000703c00000, 0x0000000703c00000|100%| O|  |TAMS 0x0000000703a00000, 0x0000000703a00000| Untracked 
|  11|0x0000000703c00000, 0x0000000703e00000, 0x0000000703e00000|100%| O|  |TAMS 0x0000000703c00000, 0x0000000703c00000| Untracked 
|  12|0x0000000703e00000, 0x0000000704000000, 0x0000000704000000|100%| O|  |TAMS 0x0000000703e00000, 0x0000000703e00000| Untracked 
|  13|0x0000000704000000, 0x0000000704200000, 0x0000000704200000|100%| O|  |TAMS 0x0000000704000000, 0x0000000704000000| Untracked 
|  14|0x0000000704200000, 0x0000000704400000, 0x0000000704400000|100%| O|  |TAMS 0x0000000704200000, 0x0000000704200000| Untracked 
|  15|0x0000000704400000, 0x0000000704600000, 0x0000000704600000|100%| O|  |TAMS 0x0000000704400000, 0x0000000704400000| Untracked 
|  16|0x0000000704600000, 0x0000000704800000, 0x0000000704800000|100%| O|  |TAMS 0x0000000704600000, 0x0000000704600000| Untracked 
|  17|0x0000000704800000, 0x0000000704a00000, 0x0000000704a00000|100%| O|  |TAMS 0x0000000704800000, 0x0000000704800000| Untracked 
|  18|0x0000000704a00000, 0x0000000704c00000, 0x0000000704c00000|100%| O|  |TAMS 0x0000000704a00000, 0x0000000704a00000| Untracked 
|  19|0x0000000704c00000, 0x0000000704e00000, 0x0000000704e00000|100%| O|  |TAMS 0x0000000704c00000, 0x0000000704c00000| Untracked 
|  20|0x0000000704e00000, 0x0000000705000000, 0x0000000705000000|100%|HS|  |TAMS 0x0000000704e00000, 0x0000000704e00000| Complete 
|  21|0x0000000705000000, 0x0000000705200000, 0x0000000705200000|100%|HC|  |TAMS 0x0000000705000000, 0x0000000705000000| Complete 
|  22|0x0000000705200000, 0x0000000705400000, 0x0000000705400000|100%| O|  |TAMS 0x0000000705200000, 0x0000000705200000| Untracked 
|  23|0x0000000705400000, 0x0000000705600000, 0x0000000705600000|100%| O|  |TAMS 0x0000000705400000, 0x0000000705400000| Untracked 
|  24|0x0000000705600000, 0x0000000705800000, 0x0000000705800000|100%| O|  |TAMS 0x0000000705600000, 0x0000000705600000| Untracked 
|  25|0x0000000705800000, 0x0000000705a00000, 0x0000000705a00000|100%| O|  |TAMS 0x0000000705800000, 0x0000000705800000| Untracked 
|  26|0x0000000705a00000, 0x0000000705c00000, 0x0000000705c00000|100%| O|  |TAMS 0x0000000705a00000, 0x0000000705a00000| Untracked 
|  27|0x0000000705c00000, 0x0000000705e00000, 0x0000000705e00000|100%| O|  |TAMS 0x0000000705c00000, 0x0000000705c00000| Untracked 
|  28|0x0000000705e00000, 0x0000000706000000, 0x0000000706000000|100%| O|  |TAMS 0x0000000705e00000, 0x0000000705e00000| Untracked 
|  29|0x0000000706000000, 0x0000000706200000, 0x0000000706200000|100%| O|  |TAMS 0x0000000706000000, 0x0000000706000000| Untracked 
|  30|0x0000000706200000, 0x0000000706400000, 0x0000000706400000|100%| O|  |TAMS 0x0000000706200000, 0x0000000706200000| Untracked 
|  31|0x0000000706400000, 0x0000000706600000, 0x0000000706600000|100%| O|  |TAMS 0x0000000706400000, 0x0000000706400000| Untracked 
|  32|0x0000000706600000, 0x0000000706800000, 0x0000000706800000|100%| O|  |TAMS 0x0000000706600000, 0x0000000706600000| Untracked 
|  33|0x0000000706800000, 0x0000000706a00000, 0x0000000706a00000|100%| O|  |TAMS 0x0000000706800000, 0x0000000706800000| Untracked 
|  34|0x0000000706a00000, 0x0000000706c00000, 0x0000000706c00000|100%| O|  |TAMS 0x0000000706a00000, 0x0000000706a00000| Untracked 
|  35|0x0000000706c00000, 0x0000000706e00000, 0x0000000706e00000|100%| O|  |TAMS 0x0000000706c00000, 0x0000000706c00000| Untracked 
|  36|0x0000000706e00000, 0x0000000707000000, 0x0000000707000000|100%|HS|  |TAMS 0x0000000706e00000, 0x0000000706e00000| Complete 
|  37|0x0000000707000000, 0x0000000707200000, 0x0000000707200000|100%| O|  |TAMS 0x0000000707000000, 0x0000000707000000| Untracked 
|  38|0x0000000707200000, 0x0000000707400000, 0x0000000707400000|100%| O|  |TAMS 0x0000000707200000, 0x0000000707200000| Untracked 
|  39|0x0000000707400000, 0x0000000707600000, 0x0000000707600000|100%| O|  |TAMS 0x0000000707400000, 0x0000000707400000| Untracked 
|  40|0x0000000707600000, 0x0000000707800000, 0x0000000707800000|100%| O|  |TAMS 0x0000000707600000, 0x0000000707600000| Untracked 
|  41|0x0000000707800000, 0x0000000707a00000, 0x0000000707a00000|100%| O|  |TAMS 0x0000000707800000, 0x0000000707800000| Untracked 
|  42|0x0000000707a00000, 0x0000000707c00000, 0x0000000707c00000|100%| O|  |TAMS 0x0000000707a00000, 0x0000000707a00000| Untracked 
|  43|0x0000000707c00000, 0x0000000707e00000, 0x0000000707e00000|100%| O|  |TAMS 0x0000000707c00000, 0x0000000707c00000| Untracked 
|  44|0x0000000707e00000, 0x0000000708000000, 0x0000000708000000|100%| O|  |TAMS 0x0000000707e00000, 0x0000000707e00000| Untracked 
|  45|0x0000000708000000, 0x0000000708200000, 0x0000000708200000|100%| O|  |TAMS 0x0000000708000000, 0x0000000708000000| Untracked 
|  46|0x0000000708200000, 0x0000000708400000, 0x0000000708400000|100%| O|  |TAMS 0x0000000708200000, 0x0000000708200000| Untracked 
|  47|0x0000000708400000, 0x0000000708600000, 0x0000000708600000|100%| O|  |TAMS 0x0000000708400000, 0x0000000708400000| Untracked 
|  48|0x0000000708600000, 0x0000000708800000, 0x0000000708800000|100%| O|  |TAMS 0x0000000708600000, 0x0000000708600000| Untracked 
|  49|0x0000000708800000, 0x0000000708a00000, 0x0000000708a00000|100%| O|  |TAMS 0x0000000708800000, 0x0000000708800000| Untracked 
|  50|0x0000000708a00000, 0x0000000708c00000, 0x0000000708c00000|100%| O|  |TAMS 0x0000000708a00000, 0x0000000708a00000| Untracked 
|  51|0x0000000708c00000, 0x0000000708e00000, 0x0000000708e00000|100%| O|  |TAMS 0x0000000708c00000, 0x0000000708c00000| Untracked 
|  52|0x0000000708e00000, 0x0000000709000000, 0x0000000709000000|100%| O|  |TAMS 0x0000000708e00000, 0x0000000708e00000| Untracked 
|  53|0x0000000709000000, 0x0000000709200000, 0x0000000709200000|100%| O|  |TAMS 0x0000000709000000, 0x0000000709000000| Untracked 
|  54|0x0000000709200000, 0x0000000709400000, 0x0000000709400000|100%| O|  |TAMS 0x0000000709200000, 0x0000000709200000| Untracked 
|  55|0x0000000709400000, 0x0000000709600000, 0x0000000709600000|100%| O|  |TAMS 0x0000000709400000, 0x0000000709400000| Untracked 
|  56|0x0000000709600000, 0x0000000709800000, 0x0000000709800000|100%| O|  |TAMS 0x0000000709600000, 0x0000000709600000| Untracked 
|  57|0x0000000709800000, 0x0000000709a00000, 0x0000000709a00000|100%| O|  |TAMS 0x0000000709800000, 0x0000000709800000| Untracked 
|  58|0x0000000709a00000, 0x0000000709c00000, 0x0000000709c00000|100%| O|  |TAMS 0x0000000709a00000, 0x0000000709a00000| Untracked 
|  59|0x0000000709c00000, 0x0000000709e00000, 0x0000000709e00000|100%| O|  |TAMS 0x0000000709c00000, 0x0000000709c00000| Untracked 
|  60|0x0000000709e00000, 0x000000070a000000, 0x000000070a000000|100%| O|  |TAMS 0x0000000709e00000, 0x0000000709e00000| Untracked 
|  61|0x000000070a000000, 0x000000070a200000, 0x000000070a200000|100%| O|  |TAMS 0x000000070a000000, 0x000000070a000000| Untracked 
|  62|0x000000070a200000, 0x000000070a400000, 0x000000070a400000|100%| O|  |TAMS 0x000000070a200000, 0x000000070a200000| Untracked 
|  63|0x000000070a400000, 0x000000070a600000, 0x000000070a600000|100%| O|  |TAMS 0x000000070a400000, 0x000000070a400000| Untracked 
|  64|0x000000070a600000, 0x000000070a800000, 0x000000070a800000|100%| O|  |TAMS 0x000000070a600000, 0x000000070a600000| Untracked 
|  65|0x000000070a800000, 0x000000070aa00000, 0x000000070aa00000|100%| O|  |TAMS 0x000000070a800000, 0x000000070a800000| Untracked 
|  66|0x000000070aa00000, 0x000000070ac00000, 0x000000070ac00000|100%| O|  |TAMS 0x000000070aa00000, 0x000000070aa00000| Untracked 
|  67|0x000000070ac00000, 0x000000070ae00000, 0x000000070ae00000|100%| O|  |TAMS 0x000000070ac00000, 0x000000070ac00000| Untracked 
|  68|0x000000070ae00000, 0x000000070b000000, 0x000000070b000000|100%| O|  |TAMS 0x000000070ae00000, 0x000000070ae00000| Untracked 
|  69|0x000000070b000000, 0x000000070b200000, 0x000000070b200000|100%| O|  |TAMS 0x000000070b000000, 0x000000070b000000| Untracked 
|  70|0x000000070b200000, 0x000000070b400000, 0x000000070b400000|100%| O|  |TAMS 0x000000070b200000, 0x000000070b200000| Untracked 
|  71|0x000000070b400000, 0x000000070b600000, 0x000000070b600000|100%| O|  |TAMS 0x000000070b400000, 0x000000070b400000| Untracked 
|  72|0x000000070b600000, 0x000000070b800000, 0x000000070b800000|100%| O|  |TAMS 0x000000070b600000, 0x000000070b600000| Untracked 
|  73|0x000000070b800000, 0x000000070ba00000, 0x000000070ba00000|100%| O|  |TAMS 0x000000070b800000, 0x000000070b800000| Untracked 
|  74|0x000000070ba00000, 0x000000070bc00000, 0x000000070bc00000|100%| O|  |TAMS 0x000000070ba00000, 0x000000070ba00000| Untracked 
|  75|0x000000070bc00000, 0x000000070be00000, 0x000000070be00000|100%| O|  |TAMS 0x000000070bc00000, 0x000000070bc00000| Untracked 
|  76|0x000000070be00000, 0x000000070c000000, 0x000000070c000000|100%| O|  |TAMS 0x000000070be00000, 0x000000070be00000| Untracked 
|  77|0x000000070c000000, 0x000000070c200000, 0x000000070c200000|100%| O|  |TAMS 0x000000070c000000, 0x000000070c000000| Untracked 
|  78|0x000000070c200000, 0x000000070c400000, 0x000000070c400000|100%| O|  |TAMS 0x000000070c200000, 0x000000070c200000| Untracked 
|  79|0x000000070c400000, 0x000000070c600000, 0x000000070c600000|100%| O|  |TAMS 0x000000070c400000, 0x000000070c400000| Untracked 
|  80|0x000000070c600000, 0x000000070c800000, 0x000000070c800000|100%| O|  |TAMS 0x000000070c600000, 0x000000070c600000| Untracked 
|  81|0x000000070c800000, 0x000000070ca00000, 0x000000070ca00000|100%| O|  |TAMS 0x000000070c800000, 0x000000070c800000| Untracked 
|  82|0x000000070ca00000, 0x000000070cb45e00, 0x000000070cc00000| 63%| O|  |TAMS 0x000000070ca00000, 0x000000070ca00000| Untracked 
|  83|0x000000070cc00000, 0x000000070cc00000, 0x000000070ce00000|  0%| F|  |TAMS 0x000000070cc00000, 0x000000070cc00000| Untracked 
|  84|0x000000070ce00000, 0x000000070ce00000, 0x000000070d000000|  0%| F|  |TAMS 0x000000070ce00000, 0x000000070ce00000| Untracked 
|  85|0x000000070d000000, 0x000000070d000000, 0x000000070d200000|  0%| F|  |TAMS 0x000000070d000000, 0x000000070d000000| Untracked 
|  86|0x000000070d200000, 0x000000070d200000, 0x000000070d400000|  0%| F|  |TAMS 0x000000070d200000, 0x000000070d200000| Untracked 
|  87|0x000000070d400000, 0x000000070d400000, 0x000000070d600000|  0%| F|  |TAMS 0x000000070d400000, 0x000000070d400000| Untracked 
|  88|0x000000070d600000, 0x000000070d600000, 0x000000070d800000|  0%| F|  |TAMS 0x000000070d600000, 0x000000070d600000| Untracked 
|  89|0x000000070d800000, 0x000000070d800000, 0x000000070da00000|  0%| F|  |TAMS 0x000000070d800000, 0x000000070d800000| Untracked 
|  90|0x000000070da00000, 0x000000070da00000, 0x000000070dc00000|  0%| F|  |TAMS 0x000000070da00000, 0x000000070da00000| Untracked 
|  91|0x000000070dc00000, 0x000000070dc00000, 0x000000070de00000|  0%| F|  |TAMS 0x000000070dc00000, 0x000000070dc00000| Untracked 
|  92|0x000000070de00000, 0x000000070de00000, 0x000000070e000000|  0%| F|  |TAMS 0x000000070de00000, 0x000000070de00000| Untracked 
|  93|0x000000070e000000, 0x000000070e000000, 0x000000070e200000|  0%| F|  |TAMS 0x000000070e000000, 0x000000070e000000| Untracked 
|  94|0x000000070e200000, 0x000000070e200000, 0x000000070e400000|  0%| F|  |TAMS 0x000000070e200000, 0x000000070e200000| Untracked 
|  95|0x000000070e400000, 0x000000070e400000, 0x000000070e600000|  0%| F|  |TAMS 0x000000070e400000, 0x000000070e400000| Untracked 
|  96|0x000000070e600000, 0x000000070e600000, 0x000000070e800000|  0%| F|  |TAMS 0x000000070e600000, 0x000000070e600000| Untracked 
|  97|0x000000070e800000, 0x000000070e800000, 0x000000070ea00000|  0%| F|  |TAMS 0x000000070e800000, 0x000000070e800000| Untracked 
|  98|0x000000070ea00000, 0x000000070ea00000, 0x000000070ec00000|  0%| F|  |TAMS 0x000000070ea00000, 0x000000070ea00000| Untracked 
|  99|0x000000070ec00000, 0x000000070ec00000, 0x000000070ee00000|  0%| F|  |TAMS 0x000000070ec00000, 0x000000070ec00000| Untracked 
| 100|0x000000070ee00000, 0x000000070ee00000, 0x000000070f000000|  0%| F|  |TAMS 0x000000070ee00000, 0x000000070ee00000| Untracked 
| 101|0x000000070f000000, 0x000000070f000000, 0x000000070f200000|  0%| F|  |TAMS 0x000000070f000000, 0x000000070f000000| Untracked 
| 102|0x000000070f200000, 0x000000070f200000, 0x000000070f400000|  0%| F|  |TAMS 0x000000070f200000, 0x000000070f200000| Untracked 
| 103|0x000000070f400000, 0x000000070f400000, 0x000000070f600000|  0%| F|  |TAMS 0x000000070f400000, 0x000000070f400000| Untracked 
| 104|0x000000070f600000, 0x000000070f600000, 0x000000070f800000|  0%| F|  |TAMS 0x000000070f600000, 0x000000070f600000| Untracked 
| 105|0x000000070f800000, 0x000000070f800000, 0x000000070fa00000|  0%| F|  |TAMS 0x000000070f800000, 0x000000070f800000| Untracked 
| 106|0x000000070fa00000, 0x000000070fa00000, 0x000000070fc00000|  0%| F|  |TAMS 0x000000070fa00000, 0x000000070fa00000| Untracked 
| 107|0x000000070fc00000, 0x000000070fc00000, 0x000000070fe00000|  0%| F|  |TAMS 0x000000070fc00000, 0x000000070fc00000| Untracked 
| 108|0x000000070fe00000, 0x000000070fe00000, 0x0000000710000000|  0%| F|  |TAMS 0x000000070fe00000, 0x000000070fe00000| Untracked 
| 109|0x0000000710000000, 0x0000000710000000, 0x0000000710200000|  0%| F|  |TAMS 0x0000000710000000, 0x0000000710000000| Untracked 
| 110|0x0000000710200000, 0x0000000710200000, 0x0000000710400000|  0%| F|  |TAMS 0x0000000710200000, 0x0000000710200000| Untracked 
| 111|0x0000000710400000, 0x0000000710400000, 0x0000000710600000|  0%| F|  |TAMS 0x0000000710400000, 0x0000000710400000| Untracked 
| 112|0x0000000710600000, 0x0000000710600000, 0x0000000710800000|  0%| F|  |TAMS 0x0000000710600000, 0x0000000710600000| Untracked 
| 113|0x0000000710800000, 0x0000000710800000, 0x0000000710a00000|  0%| F|  |TAMS 0x0000000710800000, 0x0000000710800000| Untracked 
| 114|0x0000000710a00000, 0x0000000710a00000, 0x0000000710c00000|  0%| F|  |TAMS 0x0000000710a00000, 0x0000000710a00000| Untracked 
| 115|0x0000000710c00000, 0x0000000710c00000, 0x0000000710e00000|  0%| F|  |TAMS 0x0000000710c00000, 0x0000000710c00000| Untracked 
| 116|0x0000000710e00000, 0x0000000710e00000, 0x0000000711000000|  0%| F|  |TAMS 0x0000000710e00000, 0x0000000710e00000| Untracked 
| 117|0x0000000711000000, 0x0000000711000000, 0x0000000711200000|  0%| F|  |TAMS 0x0000000711000000, 0x0000000711000000| Untracked 
| 118|0x0000000711200000, 0x0000000711200000, 0x0000000711400000|  0%| F|  |TAMS 0x0000000711200000, 0x0000000711200000| Untracked 
| 119|0x0000000711400000, 0x0000000711400000, 0x0000000711600000|  0%| F|  |TAMS 0x0000000711400000, 0x0000000711400000| Untracked 
| 120|0x0000000711600000, 0x0000000711600000, 0x0000000711800000|  0%| F|  |TAMS 0x0000000711600000, 0x0000000711600000| Untracked 
| 121|0x0000000711800000, 0x0000000711800000, 0x0000000711a00000|  0%| F|  |TAMS 0x0000000711800000, 0x0000000711800000| Untracked 
| 122|0x0000000711a00000, 0x0000000711a00000, 0x0000000711c00000|  0%| F|  |TAMS 0x0000000711a00000, 0x0000000711a00000| Untracked 
| 123|0x0000000711c00000, 0x0000000711c00000, 0x0000000711e00000|  0%| F|  |TAMS 0x0000000711c00000, 0x0000000711c00000| Untracked 
| 124|0x0000000711e00000, 0x0000000711e00000, 0x0000000712000000|  0%| F|  |TAMS 0x0000000711e00000, 0x0000000711e00000| Untracked 
| 125|0x0000000712000000, 0x0000000712000000, 0x0000000712200000|  0%| F|  |TAMS 0x0000000712000000, 0x0000000712000000| Untracked 
| 126|0x0000000712200000, 0x0000000712200000, 0x0000000712400000|  0%| F|  |TAMS 0x0000000712200000, 0x0000000712200000| Untracked 
| 127|0x0000000712400000, 0x0000000712400000, 0x0000000712600000|  0%| F|  |TAMS 0x0000000712400000, 0x0000000712400000| Untracked 
| 128|0x0000000712600000, 0x0000000712600000, 0x0000000712800000|  0%| F|  |TAMS 0x0000000712600000, 0x0000000712600000| Untracked 
| 129|0x0000000712800000, 0x0000000712800000, 0x0000000712a00000|  0%| F|  |TAMS 0x0000000712800000, 0x0000000712800000| Untracked 
| 130|0x0000000712a00000, 0x0000000712a00000, 0x0000000712c00000|  0%| F|  |TAMS 0x0000000712a00000, 0x0000000712a00000| Untracked 
| 131|0x0000000712c00000, 0x0000000712c00000, 0x0000000712e00000|  0%| F|  |TAMS 0x0000000712c00000, 0x0000000712c00000| Untracked 
| 132|0x0000000712e00000, 0x0000000712e00000, 0x0000000713000000|  0%| F|  |TAMS 0x0000000712e00000, 0x0000000712e00000| Untracked 
| 133|0x0000000713000000, 0x0000000713000000, 0x0000000713200000|  0%| F|  |TAMS 0x0000000713000000, 0x0000000713000000| Untracked 
| 134|0x0000000713200000, 0x0000000713200000, 0x0000000713400000|  0%| F|  |TAMS 0x0000000713200000, 0x0000000713200000| Untracked 
| 135|0x0000000713400000, 0x0000000713400000, 0x0000000713600000|  0%| F|  |TAMS 0x0000000713400000, 0x0000000713400000| Untracked 
| 136|0x0000000713600000, 0x0000000713600000, 0x0000000713800000|  0%| F|  |TAMS 0x0000000713600000, 0x0000000713600000| Untracked 
| 137|0x0000000713800000, 0x0000000713800000, 0x0000000713a00000|  0%| F|  |TAMS 0x0000000713800000, 0x0000000713800000| Untracked 
| 138|0x0000000713a00000, 0x0000000713a00000, 0x0000000713c00000|  0%| F|  |TAMS 0x0000000713a00000, 0x0000000713a00000| Untracked 
| 139|0x0000000713c00000, 0x0000000713c00000, 0x0000000713e00000|  0%| F|  |TAMS 0x0000000713c00000, 0x0000000713c00000| Untracked 
| 140|0x0000000713e00000, 0x0000000713e00000, 0x0000000714000000|  0%| F|  |TAMS 0x0000000713e00000, 0x0000000713e00000| Untracked 
| 141|0x0000000714000000, 0x0000000714000000, 0x0000000714200000|  0%| F|  |TAMS 0x0000000714000000, 0x0000000714000000| Untracked 
| 142|0x0000000714200000, 0x0000000714200000, 0x0000000714400000|  0%| F|  |TAMS 0x0000000714200000, 0x0000000714200000| Untracked 
| 143|0x0000000714400000, 0x0000000714400000, 0x0000000714600000|  0%| F|  |TAMS 0x0000000714400000, 0x0000000714400000| Untracked 
| 144|0x0000000714600000, 0x0000000714600000, 0x0000000714800000|  0%| F|  |TAMS 0x0000000714600000, 0x0000000714600000| Untracked 
| 145|0x0000000714800000, 0x0000000714800000, 0x0000000714a00000|  0%| F|  |TAMS 0x0000000714800000, 0x0000000714800000| Untracked 
| 146|0x0000000714a00000, 0x0000000714acf120, 0x0000000714c00000| 40%| S|CS|TAMS 0x0000000714a00000, 0x0000000714a00000| Complete 
| 147|0x0000000714c00000, 0x0000000714e00000, 0x0000000714e00000|100%| S|CS|TAMS 0x0000000714c00000, 0x0000000714c00000| Complete 
| 148|0x0000000714e00000, 0x0000000715000000, 0x0000000715000000|100%| S|CS|TAMS 0x0000000714e00000, 0x0000000714e00000| Complete 
| 149|0x0000000715000000, 0x0000000715200000, 0x0000000715200000|100%| S|CS|TAMS 0x0000000715000000, 0x0000000715000000| Complete 
| 150|0x0000000715200000, 0x0000000715200000, 0x0000000715400000|  0%| F|  |TAMS 0x0000000715200000, 0x0000000715200000| Untracked 
| 151|0x0000000715400000, 0x0000000715400000, 0x0000000715600000|  0%| F|  |TAMS 0x0000000715400000, 0x0000000715400000| Untracked 
| 152|0x0000000715600000, 0x0000000715600000, 0x0000000715800000|  0%| F|  |TAMS 0x0000000715600000, 0x0000000715600000| Untracked 
| 153|0x0000000715800000, 0x0000000715800000, 0x0000000715a00000|  0%| F|  |TAMS 0x0000000715800000, 0x0000000715800000| Untracked 
| 154|0x0000000715a00000, 0x0000000715a00000, 0x0000000715c00000|  0%| F|  |TAMS 0x0000000715a00000, 0x0000000715a00000| Untracked 
| 155|0x0000000715c00000, 0x0000000715c00000, 0x0000000715e00000|  0%| F|  |TAMS 0x0000000715c00000, 0x0000000715c00000| Untracked 
| 156|0x0000000715e00000, 0x0000000715e00000, 0x0000000716000000|  0%| F|  |TAMS 0x0000000715e00000, 0x0000000715e00000| Untracked 
| 157|0x0000000716000000, 0x0000000716000000, 0x0000000716200000|  0%| F|  |TAMS 0x0000000716000000, 0x0000000716000000| Untracked 
| 158|0x0000000716200000, 0x0000000716200000, 0x0000000716400000|  0%| F|  |TAMS 0x0000000716200000, 0x0000000716200000| Untracked 
| 159|0x0000000716400000, 0x0000000716400000, 0x0000000716600000|  0%| F|  |TAMS 0x0000000716400000, 0x0000000716400000| Untracked 
| 160|0x0000000716600000, 0x0000000716600000, 0x0000000716800000|  0%| F|  |TAMS 0x0000000716600000, 0x0000000716600000| Untracked 
| 161|0x0000000716800000, 0x0000000716800000, 0x0000000716a00000|  0%| F|  |TAMS 0x0000000716800000, 0x0000000716800000| Untracked 
| 162|0x0000000716a00000, 0x0000000716a00000, 0x0000000716c00000|  0%| F|  |TAMS 0x0000000716a00000, 0x0000000716a00000| Untracked 
| 163|0x0000000716c00000, 0x0000000716c00000, 0x0000000716e00000|  0%| F|  |TAMS 0x0000000716c00000, 0x0000000716c00000| Untracked 
| 164|0x0000000716e00000, 0x0000000716e00000, 0x0000000717000000|  0%| F|  |TAMS 0x0000000716e00000, 0x0000000716e00000| Untracked 
| 165|0x0000000717000000, 0x0000000717000000, 0x0000000717200000|  0%| F|  |TAMS 0x0000000717000000, 0x0000000717000000| Untracked 
| 166|0x0000000717200000, 0x0000000717200000, 0x0000000717400000|  0%| F|  |TAMS 0x0000000717200000, 0x0000000717200000| Untracked 
| 167|0x0000000717400000, 0x0000000717400000, 0x0000000717600000|  0%| F|  |TAMS 0x0000000717400000, 0x0000000717400000| Untracked 
| 168|0x0000000717600000, 0x0000000717600000, 0x0000000717800000|  0%| F|  |TAMS 0x0000000717600000, 0x0000000717600000| Untracked 
| 169|0x0000000717800000, 0x0000000717800000, 0x0000000717a00000|  0%| F|  |TAMS 0x0000000717800000, 0x0000000717800000| Untracked 
| 170|0x0000000717a00000, 0x0000000717a00000, 0x0000000717c00000|  0%| F|  |TAMS 0x0000000717a00000, 0x0000000717a00000| Untracked 
| 171|0x0000000717c00000, 0x0000000717c00000, 0x0000000717e00000|  0%| F|  |TAMS 0x0000000717c00000, 0x0000000717c00000| Untracked 
| 172|0x0000000717e00000, 0x0000000717e00000, 0x0000000718000000|  0%| F|  |TAMS 0x0000000717e00000, 0x0000000717e00000| Untracked 
| 173|0x0000000718000000, 0x0000000718000000, 0x0000000718200000|  0%| F|  |TAMS 0x0000000718000000, 0x0000000718000000| Untracked 
| 174|0x0000000718200000, 0x0000000718200000, 0x0000000718400000|  0%| F|  |TAMS 0x0000000718200000, 0x0000000718200000| Untracked 
| 175|0x0000000718400000, 0x0000000718400000, 0x0000000718600000|  0%| F|  |TAMS 0x0000000718400000, 0x0000000718400000| Untracked 
| 176|0x0000000718600000, 0x0000000718600000, 0x0000000718800000|  0%| F|  |TAMS 0x0000000718600000, 0x0000000718600000| Untracked 
| 177|0x0000000718800000, 0x0000000718800000, 0x0000000718a00000|  0%| F|  |TAMS 0x0000000718800000, 0x0000000718800000| Untracked 
| 178|0x0000000718a00000, 0x0000000718a00000, 0x0000000718c00000|  0%| F|  |TAMS 0x0000000718a00000, 0x0000000718a00000| Untracked 
| 179|0x0000000718c00000, 0x0000000718c00000, 0x0000000718e00000|  0%| F|  |TAMS 0x0000000718c00000, 0x0000000718c00000| Untracked 
| 180|0x0000000718e00000, 0x0000000718e00000, 0x0000000719000000|  0%| F|  |TAMS 0x0000000718e00000, 0x0000000718e00000| Untracked 
| 181|0x0000000719000000, 0x0000000719000000, 0x0000000719200000|  0%| F|  |TAMS 0x0000000719000000, 0x0000000719000000| Untracked 
| 182|0x0000000719200000, 0x0000000719200000, 0x0000000719400000|  0%| F|  |TAMS 0x0000000719200000, 0x0000000719200000| Untracked 
| 183|0x0000000719400000, 0x0000000719400000, 0x0000000719600000|  0%| F|  |TAMS 0x0000000719400000, 0x0000000719400000| Untracked 
| 184|0x0000000719600000, 0x0000000719600000, 0x0000000719800000|  0%| F|  |TAMS 0x0000000719600000, 0x0000000719600000| Untracked 
| 185|0x0000000719800000, 0x0000000719800000, 0x0000000719a00000|  0%| F|  |TAMS 0x0000000719800000, 0x0000000719800000| Untracked 
| 186|0x0000000719a00000, 0x0000000719a00000, 0x0000000719c00000|  0%| F|  |TAMS 0x0000000719a00000, 0x0000000719a00000| Untracked 
| 187|0x0000000719c00000, 0x0000000719c00000, 0x0000000719e00000|  0%| F|  |TAMS 0x0000000719c00000, 0x0000000719c00000| Untracked 
| 188|0x0000000719e00000, 0x0000000719e00000, 0x000000071a000000|  0%| F|  |TAMS 0x0000000719e00000, 0x0000000719e00000| Untracked 
| 189|0x000000071a000000, 0x000000071a000000, 0x000000071a200000|  0%| F|  |TAMS 0x000000071a000000, 0x000000071a000000| Untracked 
| 190|0x000000071a200000, 0x000000071a200000, 0x000000071a400000|  0%| F|  |TAMS 0x000000071a200000, 0x000000071a200000| Untracked 
| 191|0x000000071a400000, 0x000000071a400000, 0x000000071a600000|  0%| F|  |TAMS 0x000000071a400000, 0x000000071a400000| Untracked 
| 192|0x000000071a600000, 0x000000071a600000, 0x000000071a800000|  0%| F|  |TAMS 0x000000071a600000, 0x000000071a600000| Untracked 
| 193|0x000000071a800000, 0x000000071a800000, 0x000000071aa00000|  0%| F|  |TAMS 0x000000071a800000, 0x000000071a800000| Untracked 
| 194|0x000000071aa00000, 0x000000071aa00000, 0x000000071ac00000|  0%| F|  |TAMS 0x000000071aa00000, 0x000000071aa00000| Untracked 
| 195|0x000000071ac00000, 0x000000071ac00000, 0x000000071ae00000|  0%| F|  |TAMS 0x000000071ac00000, 0x000000071ac00000| Untracked 
| 196|0x000000071ae00000, 0x000000071ae00000, 0x000000071b000000|  0%| F|  |TAMS 0x000000071ae00000, 0x000000071ae00000| Untracked 

Card table byte_map: [0x000001be7dab0000,0x000001be7e2a0000] _byte_map_base: 0x000001be7a29d000

Marking Bits (Prev, Next): (CMBitMap*) 0x000001be72c7aad0, (CMBitMap*) 0x000001be72c7ab10
 Prev Bits: [0x000001be0f000000, 0x000001be12f68000)
 Next Bits: [0x000001be12f70000, 0x000001be16ed8000)

Polling page: 0x000001be72cf0000

Metaspace:

Usage:
  Non-class:     12.33 MB capacity,     9.81 MB ( 80%) used,     2.51 MB ( 20%) free+waste,     9.19 KB ( <1%) overhead. 
      Class:      1.33 MB capacity,     1.05 MB ( 79%) used,   276.09 KB ( 20%) free+waste,     2.56 KB ( <1%) overhead. 
       Both:     13.65 MB capacity,    10.87 MB ( 80%) used,     2.78 MB ( 20%) free+waste,    11.75 KB ( <1%) overhead. 

Virtual space:
  Non-class space:       14.00 MB reserved,      12.50 MB ( 89%) committed 
      Class space:        1.00 GB reserved,       1.38 MB ( <1%) committed 
             Both:        1.01 GB reserved,      13.88 MB (  1%) committed 

Chunk freelists:
   Non-Class:  48.00 KB
       Class:  18.00 KB
        Both:  66.00 KB

MaxMetaspaceSize: 17179869184.00 GB
CompressedClassSpaceSize: 1.00 GB

CodeHeap 'non-profiled nmethods': size=120000Kb used=1298Kb max_used=1298Kb free=118701Kb
 bounds [0x000001be07ad0000, 0x000001be07d40000, 0x000001be0f000000]
CodeHeap 'profiled nmethods': size=120000Kb used=4730Kb max_used=4730Kb free=115269Kb
 bounds [0x000001be005a0000, 0x000001be00a40000, 0x000001be07ad0000]
CodeHeap 'non-nmethods': size=5760Kb used=1192Kb max_used=1387Kb free=4568Kb
 bounds [0x000001be00000000, 0x000001be00270000, 0x000001be005a0000]
 total_blobs=2762 nmethods=2313 adapters=361
 compilation: enabled
              stopped_count=0, restarted_count=0
 full_count=0

Compilation events (20 events):
Event: 3.121 Thread 0x000001be1988f670 nmethod 1591 0x000001be07c12b90 code [0x000001be07c12d20, 0x000001be07c12df8]
Event: 3.121 Thread 0x000001be1988f670 1680       4       org.jetbrains.kotlin.js.backend.ast.JsNameRef::accept (6 bytes)
Event: 3.121 Thread 0x000001be1988f670 nmethod 1680 0x000001be07c12f10 code [0x000001be07c13080, 0x000001be07c13118]
Event: 3.121 Thread 0x000001be1988f670 1702       4       java.util.AbstractList$Itr::hasNext (20 bytes)
Event: 3.122 Thread 0x000001be1988f670 nmethod 1702 0x000001be07c13210 code [0x000001be07c133a0, 0x000001be07c13478]
Event: 3.122 Thread 0x000001be1988f670 2465       4       org.jetbrains.kotlin.js.backend.ast.JsThisRef::accept (6 bytes)
Event: 3.122 Thread 0x000001be1988f670 nmethod 2465 0x000001be07c13590 code [0x000001be07c13700, 0x000001be07c13798]
Event: 3.122 Thread 0x000001be1988f670 1531       4       java.lang.Object::equals (11 bytes)
Event: 3.122 Thread 0x000001be1988f670 nmethod 1531 0x000001be07c13890 code [0x000001be07c13a00, 0x000001be07c13a78]
Event: 3.122 Thread 0x000001be1988f670 1476       4       java.util.ArrayList$Itr::next (66 bytes)
Event: 3.123 Thread 0x000001be1988f670 nmethod 1476 0x000001be07c13b90 code [0x000001be07c13d20, 0x000001be07c13e58]
Event: 3.123 Thread 0x000001be1988f670 2047       4       org.jetbrains.kotlin.js.backend.ast.JsIf::accept (6 bytes)
Event: 3.123 Thread 0x000001be1988f670 nmethod 2047 0x000001be07c13f90 code [0x000001be07c14100, 0x000001be07c14198]
Event: 3.123 Thread 0x000001be1988f670 1794       4       java.util.LinkedHashMap::get (29 bytes)
Event: 3.126 Thread 0x000001be1988f670 nmethod 1794 0x000001be07c14290 code [0x000001be07c14420, 0x000001be07c14758]
Event: 3.126 Thread 0x000001be1988f670 1603       4       org.jetbrains.kotlin.com.google.gwt.dev.js.JsAstMapper::mapWithoutLocation (1015 bytes)
Event: 3.128 Thread 0x000001be7f7a6a30 2481       2       org.jetbrains.kotlin.js.backend.JsToStringGenerationVisitor::visitPrefixOperation (63 bytes)
Event: 3.128 Thread 0x000001be7f7a6a30 nmethod 2481 0x000001be00a3da90 code [0x000001be00a3dce0, 0x000001be00a3e1d8]
Event: 3.128 Thread 0x000001be7f7a6a30 2482       2       org.jetbrains.kotlin.js.backend.ast.JsUnaryOperator::isKeyword (27 bytes)
Event: 3.129 Thread 0x000001be7f7a6a30 nmethod 2482 0x000001be00a3e590 code [0x000001be00a3e720, 0x000001be00a3e878]

GC Heap History (17 events):
Event: 0.447 GC heap before
{Heap before GC invocations=0 (full 0):
 garbage-first heap   total 260096K, used 24576K [0x0000000702600000, 0x0000000800000000)
  region size 2048K, 11 young (22528K), 0 survivors (0K)
 Metaspace       used 6263K, capacity 9650K, committed 9984K, reserved 1058816K
  class space    used 618K, capacity 938K, committed 1024K, reserved 1048576K
}
Event: 0.450 GC heap after
{Heap after GC invocations=1 (full 0):
 garbage-first heap   total 260096K, used 6461K [0x0000000702600000, 0x0000000800000000)
  region size 2048K, 2 young (4096K), 2 survivors (4096K)
 Metaspace       used 6263K, capacity 9650K, committed 9984K, reserved 1058816K
  class space    used 618K, capacity 938K, committed 1024K, reserved 1048576K
}
Event: 0.835 GC heap before
{Heap before GC invocations=1 (full 0):
 garbage-first heap   total 260096K, used 37181K [0x0000000702600000, 0x0000000800000000)
  region size 2048K, 17 young (34816K), 2 survivors (4096K)
 Metaspace       used 9403K, capacity 12472K, committed 12544K, reserved 1060864K
  class space    used 962K, capacity 1260K, committed 1280K, reserved 1048576K
}
Event: 0.844 GC heap after
{Heap after GC invocations=2 (full 0):
 garbage-first heap   total 260096K, used 13498K [0x0000000702600000, 0x0000000800000000)
  region size 2048K, 3 young (6144K), 3 survivors (6144K)
 Metaspace       used 9403K, capacity 12472K, committed 12544K, reserved 1060864K
  class space    used 962K, capacity 1260K, committed 1280K, reserved 1048576K
}
Event: 0.931 GC heap before
{Heap before GC invocations=2 (full 0):
 garbage-first heap   total 260096K, used 40122K [0x0000000702600000, 0x0000000800000000)
  region size 2048K, 16 young (32768K), 3 survivors (6144K)
 Metaspace       used 9411K, capacity 12472K, committed 12544K, reserved 1060864K
  class space    used 962K, capacity 1260K, committed 1280K, reserved 1048576K
}
Event: 0.942 GC heap after
{Heap after GC invocations=3 (full 0):
 garbage-first heap   total 260096K, used 22075K [0x0000000702600000, 0x0000000800000000)
  region size 2048K, 2 young (4096K), 2 survivors (4096K)
 Metaspace       used 9411K, capacity 12472K, committed 12544K, reserved 1060864K
  class space    used 962K, capacity 1260K, committed 1280K, reserved 1048576K
}
Event: 1.407 GC heap before
{Heap before GC invocations=3 (full 0):
 garbage-first heap   total 260096K, used 142907K [0x0000000702600000, 0x0000000800000000)
  region size 2048K, 49 young (100352K), 2 survivors (4096K)
 Metaspace       used 9572K, capacity 12600K, committed 12800K, reserved 1060864K
  class space    used 968K, capacity 1260K, committed 1280K, reserved 1048576K
}
Event: 1.439 GC heap after
{Heap after GC invocations=4 (full 0):
 garbage-first heap   total 260096K, used 64207K [0x0000000702600000, 0x0000000800000000)
  region size 2048K, 7 young (14336K), 7 survivors (14336K)
 Metaspace       used 9572K, capacity 12600K, committed 12800K, reserved 1060864K
  class space    used 968K, capacity 1260K, committed 1280K, reserved 1048576K
}
Event: 1.531 GC heap before
{Heap before GC invocations=4 (full 0):
 garbage-first heap   total 260096K, used 111311K [0x0000000702600000, 0x0000000800000000)
  region size 2048K, 30 young (61440K), 7 survivors (14336K)
 Metaspace       used 9572K, capacity 12600K, committed 12800K, reserved 1060864K
  class space    used 968K, capacity 1260K, committed 1280K, reserved 1048576K
}
Event: 1.559 GC heap after
{Heap after GC invocations=5 (full 0):
 garbage-first heap   total 403456K, used 81920K [0x0000000702600000, 0x0000000800000000)
  region size 2048K, 4 young (8192K), 4 survivors (8192K)
 Metaspace       used 9572K, capacity 12600K, committed 12800K, reserved 1060864K
  class space    used 968K, capacity 1260K, committed 1280K, reserved 1048576K
}
Event: 1.872 GC heap before
{Heap before GC invocations=5 (full 0):
 garbage-first heap   total 403456K, used 182272K [0x0000000702600000, 0x0000000800000000)
  region size 2048K, 39 young (79872K), 4 survivors (8192K)
 Metaspace       used 9595K, capacity 12600K, committed 12800K, reserved 1060864K
  class space    used 968K, capacity 1260K, committed 1280K, reserved 1048576K
}
Event: 1.911 GC heap after
{Heap after GC invocations=6 (full 0):
 garbage-first heap   total 403456K, used 139727K [0x0000000702600000, 0x0000000800000000)
  region size 2048K, 5 young (10240K), 5 survivors (10240K)
 Metaspace       used 9595K, capacity 12600K, committed 12800K, reserved 1060864K
  class space    used 968K, capacity 1260K, committed 1280K, reserved 1048576K
}
Event: 2.132 GC heap before
{Heap before GC invocations=6 (full 0):
 garbage-first heap   total 403456K, used 213455K [0x0000000702600000, 0x0000000800000000)
  region size 2048K, 40 young (81920K), 5 survivors (10240K)
 Metaspace       used 9608K, capacity 12600K, committed 12800K, reserved 1060864K
  class space    used 968K, capacity 1260K, committed 1280K, reserved 1048576K
}
Event: 2.159 GC heap after
{Heap after GC invocations=7 (full 0):
 garbage-first heap   total 403456K, used 166805K [0x0000000702600000, 0x0000000800000000)
  region size 2048K, 5 young (10240K), 5 survivors (10240K)
 Metaspace       used 9608K, capacity 12600K, committed 12800K, reserved 1060864K
  class space    used 968K, capacity 1260K, committed 1280K, reserved 1048576K
}
Event: 2.447 GC heap before
{Heap before GC invocations=7 (full 0):
 garbage-first heap   total 403456K, used 191381K [0x0000000702600000, 0x0000000800000000)
  region size 2048K, 18 young (36864K), 5 survivors (10240K)
 Metaspace       used 10418K, capacity 13371K, committed 13696K, reserved 1060864K
  class space    used 1038K, capacity 1325K, committed 1408K, reserved 1048576K
}
Event: 2.458 GC heap after
{Heap after GC invocations=8 (full 0):
 garbage-first heap   total 403456K, used 171501K [0x0000000702600000, 0x0000000800000000)
  region size 2048K, 2 young (4096K), 2 survivors (4096K)
 Metaspace       used 10418K, capacity 13371K, committed 13696K, reserved 1060864K
  class space    used 1038K, capacity 1325K, committed 1408K, reserved 1048576K
}
Event: 3.129 GC heap before
{Heap before GC invocations=8 (full 0):
 garbage-first heap   total 403456K, used 273901K [0x0000000702600000, 0x0000000800000000)
  region size 2048K, 47 young (96256K), 2 survivors (4096K)
 Metaspace       used 11126K, capacity 13982K, committed 14208K, reserved 1062912K
  class space    used 1079K, capacity 1358K, committed 1408K, reserved 1048576K
}

Deoptimization events (20 events):
Event: 3.054 Thread 0x000001be72c282c0 DEOPT PACKING pc=0x000001be00a29b0b sp=0x00000038ca8fe7a0
Event: 3.054 Thread 0x000001be72c282c0 DEOPT UNPACKING pc=0x000001be0004e23f sp=0x00000038ca8fdca0 mode 0
Event: 3.058 Thread 0x000001be72c282c0 DEOPT PACKING pc=0x000001be00a2dd38 sp=0x00000038ca8fe7c0
Event: 3.058 Thread 0x000001be72c282c0 DEOPT UNPACKING pc=0x000001be0004e23f sp=0x00000038ca8fdca0 mode 0
Event: 3.063 Thread 0x000001be72c282c0 DEOPT PACKING pc=0x000001be00a2dd38 sp=0x00000038ca8fe7c0
Event: 3.063 Thread 0x000001be72c282c0 DEOPT UNPACKING pc=0x000001be0004e23f sp=0x00000038ca8fdca0 mode 0
Event: 3.066 Thread 0x000001be72c282c0 DEOPT PACKING pc=0x000001be00a2dd38 sp=0x00000038ca8fe7c0
Event: 3.066 Thread 0x000001be72c282c0 DEOPT UNPACKING pc=0x000001be0004e23f sp=0x00000038ca8fdca0 mode 0
Event: 3.066 Thread 0x000001be72c282c0 Uncommon trap: trap_request=0xffffff45 fr.pc=0x000001be07c0aed8 relative=0x00000000000009b8
Event: 3.066 Thread 0x000001be72c282c0 Uncommon trap: reason=unstable_if action=reinterpret pc=0x000001be07c0aed8 method=org.jetbrains.kotlin.js.parser.sourcemaps.JsonString.write(Ljava/io/Writer;)V @ 90 c2
Event: 3.066 Thread 0x000001be72c282c0 DEOPT PACKING pc=0x000001be07c0aed8 sp=0x00000038ca8fe820
Event: 3.066 Thread 0x000001be72c282c0 DEOPT UNPACKING pc=0x000001be0004e42f sp=0x00000038ca8fe7a0 mode 2
Event: 3.097 Thread 0x000001be72c282c0 DEOPT PACKING pc=0x000001be00a18482 sp=0x00000038ca8fc7b0
Event: 3.097 Thread 0x000001be72c282c0 DEOPT UNPACKING pc=0x000001be0004e23f sp=0x00000038ca8fbc70 mode 0
Event: 3.101 Thread 0x000001be72c282c0 DEOPT PACKING pc=0x000001be00a18482 sp=0x00000038ca8fc9f0
Event: 3.101 Thread 0x000001be72c282c0 DEOPT UNPACKING pc=0x000001be0004e23f sp=0x00000038ca8fbeb0 mode 0
Event: 3.105 Thread 0x000001be72c282c0 DEOPT PACKING pc=0x000001be00a0f4ea sp=0x00000038ca8fd1c0
Event: 3.105 Thread 0x000001be72c282c0 DEOPT UNPACKING pc=0x000001be0004e23f sp=0x00000038ca8fc610 mode 0
Event: 3.128 Thread 0x000001be72c282c0 DEOPT PACKING pc=0x000001be00a18482 sp=0x00000038ca8fcb20
Event: 3.128 Thread 0x000001be72c282c0 DEOPT UNPACKING pc=0x000001be0004e23f sp=0x00000038ca8fbfe0 mode 0

Classes unloaded (0 events):
No events

Classes redefined (0 events):
No events

Internal exceptions (4 events):
Event: 0.265 Thread 0x000001be72c282c0 Exception <a 'java/lang/NoSuchMethodError'{0x00000007119e85c8}: 'void java.lang.invoke.DirectMethodHandle$Holder.invokeSpecial(java.lang.Object, java.lang.Object, java.lang.Object)'> (0x00000007119e85c8) 
thrown [./open/src/hotspot/share/interpreter/linkResolver.cpp, line 782]
Event: 0.586 Thread 0x000001be72c282c0 Exception <a 'java/lang/NoSuchMethodError'{0x0000000711b503a8}: 'java.lang.Object java.lang.invoke.DirectMethodHandle$Holder.newInvokeSpecial(java.lang.Object, java.lang.Object, java.lang.Object, java.lang.Object, java.lang.Object)'> (0x0000000711b503a8) 
thrown [./open/src/hotspot/share/interpreter/linkResolver.cpp, line 782]
Event: 0.703 Thread 0x000001be72c282c0 Exception <a 'java/lang/NoSuchMethodError'{0x00000007113cd0e8}: 'java.lang.Object java.lang.invoke.DirectMethodHandle$Holder.invokeStaticInit(java.lang.Object, int)'> (0x00000007113cd0e8) 
thrown [./open/src/hotspot/share/interpreter/linkResolver.cpp, line 782]
Event: 2.776 Thread 0x000001be72c282c0 Exception <a 'java/lang/NoSuchMethodError'{0x00000007182b81d8}: 'java.lang.Object java.lang.invoke.DirectMethodHandle$Holder.invokeInterface(java.lang.Object, java.lang.Object)'> (0x00000007182b81d8) 
thrown [./open/src/hotspot/share/interpreter/linkResolver.cpp, line 782]

Events (20 events):
Event: 2.375 Executing VM operation: HandshakeAllThreads done
Event: 2.382 loading class java/util/ConcurrentModificationException
Event: 2.382 loading class java/util/ConcurrentModificationException done
Event: 2.447 Executing VM operation: G1CollectForAllocation
Event: 2.459 Executing VM operation: G1CollectForAllocation done
Event: 2.459 Executing VM operation: HandshakeAllThreads
Event: 2.459 Executing VM operation: HandshakeAllThreads done
Event: 2.768 Executing VM operation: HandshakeAllThreads
Event: 2.768 Executing VM operation: HandshakeAllThreads done
Event: 2.772 Executing VM operation: HandshakeAllThreads
Event: 2.772 Executing VM operation: HandshakeAllThreads done
Event: 2.773 Executing VM operation: HandshakeAllThreads
Event: 2.773 Executing VM operation: HandshakeAllThreads done
Event: 2.774 Executing VM operation: HandshakeAllThreads
Event: 2.774 Executing VM operation: HandshakeAllThreads done
Event: 2.822 Executing VM operation: ICBufferFull
Event: 2.822 Executing VM operation: ICBufferFull done
Event: 2.963 loading class java/io/FileOutputStream$1
Event: 2.963 loading class java/io/FileOutputStream$1 done
Event: 3.129 Executing VM operation: G1CollectForAllocation


Dynamic libraries:
0x00007ff7bc080000 - 0x00007ff7bc08f000 	C:\Program Files\Java\jdk-15.0.1\bin\java.exe
0x00007ffec6130000 - 0x00007ffec631d000 	C:\Windows\SYSTEM32\ntdll.dll
0x00007ffec49c0000 - 0x00007ffec4a73000 	C:\Windows\System32\KERNEL32.DLL
0x00007ffec2560000 - 0x00007ffec27f5000 	C:\Windows\System32\KERNELBASE.dll
0x00007ffec28c0000 - 0x00007ffec29ba000 	C:\Windows\System32\ucrtbase.dll
0x00007ffeb0d70000 - 0x00007ffeb0d88000 	C:\Program Files\Java\jdk-15.0.1\bin\jli.dll
0x00007ffeb5bb0000 - 0x00007ffeb5bc9000 	C:\Program Files\Java\jdk-15.0.1\bin\VCRUNTIME140.dll
0x00007ffec3c30000 - 0x00007ffec3cd3000 	C:\Windows\System32\ADVAPI32.dll
0x00007ffec3730000 - 0x00007ffec37ce000 	C:\Windows\System32\msvcrt.dll
0x00007ffec37d0000 - 0x00007ffec386e000 	C:\Windows\System32\sechost.dll
0x00007ffec3d90000 - 0x00007ffec3eaf000 	C:\Windows\System32\RPCRT4.dll
0x00007ffec3510000 - 0x00007ffec36a7000 	C:\Windows\System32\USER32.dll
0x00007ffec2540000 - 0x00007ffec2560000 	C:\Windows\System32\win32u.dll
0x00007ffec3cf0000 - 0x00007ffec3d19000 	C:\Windows\System32\GDI32.dll
0x00007ffec3170000 - 0x00007ffec330c000 	C:\Windows\System32\gdi32full.dll
0x00007ffec2800000 - 0x00007ffec28a0000 	C:\Windows\System32\msvcp_win.dll
0x00007ffeaad10000 - 0x00007ffeaaf89000 	C:\Windows\WinSxS\amd64_microsoft.windows.common-controls_6595b64144ccf1df_6.0.17763.1935_none_de70702c534c0c76\COMCTL32.dll
0x00007ffec45c0000 - 0x00007ffec48ed000 	C:\Windows\System32\combase.dll
0x00007ffec2410000 - 0x00007ffec248f000 	C:\Windows\System32\bcryptPrimitives.dll
0x00007ffebcf20000 - 0x00007ffebcf2a000 	C:\Windows\SYSTEM32\VERSION.dll
0x00007ffec3ba0000 - 0x00007ffec3bce000 	C:\Windows\System32\IMM32.DLL
0x00007ffebfed0000 - 0x00007ffebfedc000 	C:\Program Files\Java\jdk-15.0.1\bin\vcruntime140_1.dll
0x00007ffe9f480000 - 0x00007ffe9f511000 	C:\Program Files\Java\jdk-15.0.1\bin\msvcp140.dll
0x00007ffe85e70000 - 0x00007ffe869ce000 	C:\Program Files\Java\jdk-15.0.1\bin\server\jvm.dll
0x00007ffec3ce0000 - 0x00007ffec3ce8000 	C:\Windows\System32\PSAPI.DLL
0x00007ffebfde0000 - 0x00007ffebfe04000 	C:\Windows\SYSTEM32\WINMM.dll
0x00007ffeac200000 - 0x00007ffeac209000 	C:\Windows\SYSTEM32\WSOCK32.dll
0x00007ffec3d20000 - 0x00007ffec3d8d000 	C:\Windows\System32\WS2_32.dll
0x00007ffebfcc0000 - 0x00007ffebfced000 	C:\Windows\SYSTEM32\winmmbase.dll
0x00007ffec3310000 - 0x00007ffec335a000 	C:\Windows\System32\cfgmgr32.dll
0x00007ffec21b0000 - 0x00007ffec21c1000 	C:\Windows\System32\kernel.appcore.dll
0x00007ffeba1c0000 - 0x00007ffeba1ca000 	C:\Program Files\Java\jdk-15.0.1\bin\jimage.dll
0x00007ffec09c0000 - 0x00007ffec0bad000 	C:\Windows\SYSTEM32\DBGHELP.DLL
0x00007ffeabf90000 - 0x00007ffeabfba000 	C:\Windows\SYSTEM32\dbgcore.DLL
0x00007ffeab760000 - 0x00007ffeab785000 	C:\Program Files\Java\jdk-15.0.1\bin\java.dll
0x00007ffec4a80000 - 0x00007ffec5f79000 	C:\Windows\System32\SHELL32.dll
0x00007ffec3a90000 - 0x00007ffec3b38000 	C:\Windows\System32\shcore.dll
0x00007ffec2a20000 - 0x00007ffec316b000 	C:\Windows\System32\windows.storage.dll
0x00007ffec2120000 - 0x00007ffec2144000 	C:\Windows\System32\profapi.dll
0x00007ffec2150000 - 0x00007ffec21ad000 	C:\Windows\System32\powrprof.dll
0x00007ffec4420000 - 0x00007ffec4472000 	C:\Windows\System32\shlwapi.dll
0x00007ffec28a0000 - 0x00007ffec28b7000 	C:\Windows\System32\cryptsp.dll
0x00007ffeaf560000 - 0x00007ffeaf579000 	C:\Program Files\Java\jdk-15.0.1\bin\net.dll
0x00007ffeb4d70000 - 0x00007ffeb4e6b000 	C:\Windows\SYSTEM32\WINHTTP.dll
0x00007ffec1960000 - 0x00007ffec19c7000 	C:\Windows\system32\mswsock.dll
0x00007ffea9840000 - 0x00007ffea9852000 	C:\Program Files\Java\jdk-15.0.1\bin\nio.dll
0x00007ffea9170000 - 0x00007ffea9188000 	C:\Program Files\Java\jdk-15.0.1\bin\zip.dll
0x00007ffeba050000 - 0x00007ffeba060000 	C:\Program Files\Java\jdk-15.0.1\bin\verify.dll

dbghelp: loaded successfully - version: 4.0.5 - missing functions: none
symbol engine: initialized successfully - sym options: 0x614 - pdb path: .;C:\Program Files\Java\jdk-15.0.1\bin;C:\Windows\SYSTEM32;C:\Windows\WinSxS\amd64_microsoft.windows.common-controls_6595b64144ccf1df_6.0.17763.1935_none_de70702c534c0c76;C:\Program Files\Java\jdk-15.0.1\bin\server

VM Arguments:
java_command: org.jetbrains.kotlin.cli.js.dce.K2JSDce @E:\java.kotlin\diploma\build\20210604_5411741549282014271.compiler.options
java_class_path (initial): C:\Users\Roman\.gradle\caches\modules-2\files-2.1\org.jetbrains.kotlin\kotlin-compiler-embeddable\1.5.0\6e53e0ca3cf7eff1a4df71171c8f9604b983e1d6\kotlin-compiler-embeddable-1.5.0.jar;C:\Users\Roman\.gradle\caches\modules-2\files-2.1\org.jetbrains.kotlin\kotlin-reflect\1.5.0\47806fe8ed30dbdf9e697eda5e9c9a3905ff3363\kotlin-reflect-1.5.0.jar;C:\Users\Roman\.gradle\caches\modules-2\files-2.1\org.jetbrains.kotlin\kotlin-stdlib\1.5.0\29dae2501ca094416d15af0e21470cb634780444\kotlin-stdlib-1.5.0.jar;C:\Users\Roman\.gradle\caches\modules-2\files-2.1\org.jetbrains.kotlin\kotlin-script-runtime\1.5.0\a2d66828077376fc1851a6fdbf25865935f4101d\kotlin-script-runtime-1.5.0.jar;C:\Users\Roman\.gradle\caches\modules-2\files-2.1\org.jetbrains.kotlin\kotlin-daemon-embeddable\1.5.0\7f3567acfef59ff865a99a584d814bde87226dd5\kotlin-daemon-embeddable-1.5.0.jar;C:\Users\Roman\.gradle\caches\modules-2\files-2.1\org.jetbrains.intellij.deps\trove4j\1.0.20181211\216c2e14b070f334479d800987affe4054cd563f\trove4j-1.0.20181211.jar;C:\Users\Roman\.gradle\caches\modules-2\files-2.1\org.jetbrains\annotations\13.0\919f0dfe192fb4e063e7dacadee7f8bb9a2672a9\annotations-13.0.jar;C:\Users\Roman\.gradle\caches\modules-2\files-2.1\org.jetbrains.kotlin\kotlin-stdlib-common\1.5.0\4080d69efca5e39e9b4972f125e40f1607bd6460\kotlin-stdlib-common-1.5.0.jar
Launcher Type: SUN_STANDARD

[Global flags]
     intx CICompilerCount                          = 4                                         {product} {ergonomic}
     uint ConcGCThreads                            = 3                                         {product} {ergonomic}
     uint G1ConcRefinementThreads                  = 10                                        {product} {ergonomic}
   size_t G1HeapRegionSize                         = 2097152                                   {product} {ergonomic}
    uintx GCDrainStackTargetSize                   = 64                                        {product} {ergonomic}
   size_t InitialHeapSize                          = 266338304                                 {product} {ergonomic}
   size_t MarkStackSize                            = 4194304                                   {product} {ergonomic}
   size_t MaxHeapSize                              = 4255121408                                {product} {ergonomic}
   size_t MaxNewSize                               = 2552233984                                {product} {ergonomic}
   size_t MinHeapDeltaBytes                        = 2097152                                   {product} {ergonomic}
   size_t MinHeapSize                              = 8388608                                   {product} {ergonomic}
    uintx NonNMethodCodeHeapSize                   = 5839372                                {pd product} {ergonomic}
    uintx NonProfiledCodeHeapSize                  = 122909434                              {pd product} {ergonomic}
    uintx ProfiledCodeHeapSize                     = 122909434                              {pd product} {ergonomic}
    uintx ReservedCodeCacheSize                    = 251658240                              {pd product} {ergonomic}
     bool SegmentedCodeCache                       = true                                      {product} {ergonomic}
   size_t SoftMaxHeapSize                          = 4255121408                             {manageable} {ergonomic}
     bool UseCompressedClassPointers               = true                                 {lp64_product} {ergonomic}
     bool UseCompressedOops                        = true                                 {lp64_product} {ergonomic}
     bool UseG1GC                                  = true                                      {product} {ergonomic}
     bool UseLargePagesIndividualAllocation        = false                                  {pd product} {ergonomic}

Logging:
Log output configuration:
 #0: stdout all=warning uptime,level,tags
 #1: stderr all=off uptime,level,tags

Environment Variables:
JAVA_HOME=C:\Program Files\Java\jdk-15.0.1
PATH=C:\Program Files\Common Files\Oracle\Java\javapath;C:\Program Files (x86)\Common Files\Oracle\Java\javapath;C:\Windows\system32;C:\Windows;C:\Windows\System32\Wbem;C:\Windows\System32\WindowsPowerShell\v1.0\;C:\Windows\System32\OpenSSH\;C:\Program Files (x86)\NVIDIA Corporation\PhysX\Common;C:\Program Files\NVIDIA Corporation\NVIDIA NvDLISR;C:\Program Files (x86)\Graphviz2.38\bin;C:\Javalib;C:\TDM-GCC-64\bin;C:\Program Files\nodejs\;C:\ProgramData\chocolatey\bin;C:\Program Files\CMake\bin;C:\adb;C:\Program Files\PuTTY\;C:\Program Files\dotnet\;C:\Program Files\Microsoft SQL Server\130\Tools\Binn\;C:\Program Files\Microsoft SQL Server\Client SDK\ODBC\170\Tools\Binn\;C:\Program Files\Git\cmd;C:\spring-2.4.2\bin;C:\Program Files\Go\bin;C:\Users\Roman\AppData\Local\Programs\Python\Python38\Scripts\;C:\Users\Roman\AppData\Local\Programs\Python\Python38\;C:\Users\Roman\AppData\Local\Microsoft\WindowsApps;C:\Users\Roman\AppData\Local\Programs\Microsoft VS Code\bin;C:\Users\Roman\AppData\Local\GitHubDesktop\bin;C:\Program Files\JetBrains\PyCharm 2019.2\bin;;C:\Program Files\JetBrains\CLion 2020.2.4\bin;;C:\Users\Roman\AppData\Roaming\npm;E:\IntelliJ IDEA Community Edition 2020.1.2\bin;;C:\Program Files\JetBrains\WebStorm 2020.2.3\bin;;C:\Users\Roman\.dotnet\tools;C:\Program Files\apache-maven-3.6.3\bin;C:\Program Files\Java\jdk-15.0.1\bin;C:\spring-2.4.2\bin;;C:\Program Files\JetBrains\IntelliJ IDEA 2020.3.2\bin;;C:\Users\Roman\go\bin;E:\tex\texlive\2020\bin\win32;C:\Program Files\heroku\bin
USERNAME=Roman
OS=Windows_NT
PROCESSOR_IDENTIFIER=Intel64 Family 6 Model 158 Stepping 10, GenuineIntel



---------------  S Y S T E M  ---------------

OS:
 Windows 10 , 64 bit Build 17763 (10.0.17763.1879)
OS uptime: 6 days 23:50 hours

CPU: total 12 (initial active 12) (6 cores per cpu, 2 threads per core) family 6 model 158 stepping 10 microcode 0xde, cmov, cx8, fxsr, mmx, sse, sse2, sse3, ssse3, sse4.1, sse4.2, popcnt, vzeroupper, avx, avx2, aes, clmul, erms, 3dnowpref, lzcnt, ht, tsc, tscinvbit, bmi1, bmi2, adx, fma, clflush, clflushopt

Memory: 4k page, system-wide physical 16224M (4880M free)
TotalPageFile size 18243M (AvailPageFile size 110M)
current process WorkingSet (physical memory assigned to process): 532M, peak: 535M
current process commit charge ("private bytes"): 642M, peak: 1036M

vm_info: Java HotSpot(TM) 64-Bit Server VM (15.0.1+9-18) for windows-amd64 JRE (15.0.1+9-18), built on Sep 15 2020 14:43:54 by "mach5one" with unknown MS VC++:1925

END.
